running egg_info
creating ../../build/my_turtle_pkg/my_turtle_pkg.egg-info
writing ../../build/my_turtle_pkg/my_turtle_pkg.egg-info/PKG-INFO
writing dependency_links to ../../build/my_turtle_pkg/my_turtle_pkg.egg-info/dependency_links.txt
writing entry points to ../../build/my_turtle_pkg/my_turtle_pkg.egg-info/entry_points.txt
writing requirements to ../../build/my_turtle_pkg/my_turtle_pkg.egg-info/requires.txt
writing top-level names to ../../build/my_turtle_pkg/my_turtle_pkg.egg-info/top_level.txt
writing manifest file '../../build/my_turtle_pkg/my_turtle_pkg.egg-info/SOURCES.txt'
reading manifest file '../../build/my_turtle_pkg/my_turtle_pkg.egg-info/SOURCES.txt'
writing manifest file '../../build/my_turtle_pkg/my_turtle_pkg.egg-info/SOURCES.txt'
running build
running build_py
creating /home/maninder/Music/turtlesim_project/build/my_turtle_pkg/build
creating /home/maninder/Music/turtlesim_project/build/my_turtle_pkg/build/lib
creating /home/maninder/Music/turtlesim_project/build/my_turtle_pkg/build/lib/my_turtle_pkg
copying my_turtle_pkg/__init__.py -> /home/maninder/Music/turtlesim_project/build/my_turtle_pkg/build/lib/my_turtle_pkg
copying my_turtle_pkg/turtle_spawn_node.py -> /home/maninder/Music/turtlesim_project/build/my_turtle_pkg/build/lib/my_turtle_pkg
running install
running install_lib
creating /home/maninder/Music/turtlesim_project/install/my_turtle_pkg/lib/python3.10/site-packages/my_turtle_pkg
copying /home/maninder/Music/turtlesim_project/build/my_turtle_pkg/build/lib/my_turtle_pkg/__init__.py -> /home/maninder/Music/turtlesim_project/install/my_turtle_pkg/lib/python3.10/site-packages/my_turtle_pkg
copying /home/maninder/Music/turtlesim_project/build/my_turtle_pkg/build/lib/my_turtle_pkg/turtle_spawn_node.py -> /home/maninder/Music/turtlesim_project/install/my_turtle_pkg/lib/python3.10/site-packages/my_turtle_pkg
byte-compiling /home/maninder/Music/turtlesim_project/install/my_turtle_pkg/lib/python3.10/site-packages/my_turtle_pkg/__init__.py to __init__.cpython-310.pyc
byte-compiling /home/maninder/Music/turtlesim_project/install/my_turtle_pkg/lib/python3.10/site-packages/my_turtle_pkg/turtle_spawn_node.py to turtle_spawn_node.cpython-310.pyc
running install_data
creating /home/maninder/Music/turtlesim_project/install/my_turtle_pkg/share/ament_index
creating /home/maninder/Music/turtlesim_project/install/my_turtle_pkg/share/ament_index/resource_index
creating /home/maninder/Music/turtlesim_project/install/my_turtle_pkg/share/ament_index/resource_index/packages
copying resource/my_turtle_pkg -> /home/maninder/Music/turtlesim_project/install/my_turtle_pkg/share/ament_index/resource_index/packages
copying package.xml -> /home/maninder/Music/turtlesim_project/install/my_turtle_pkg/share/my_turtle_pkg
running install_egg_info
Copying ../../build/my_turtle_pkg/my_turtle_pkg.egg-info to /home/maninder/Music/turtlesim_project/install/my_turtle_pkg/lib/python3.10/site-packages/my_turtle_pkg-0.0.0-py3.10.egg-info
running install_scripts
Installing turtle_spawn_node script to /home/maninder/Music/turtlesim_project/install/my_turtle_pkg/lib/my_turtle_pkg
writing list of installed files to '/home/maninder/Music/turtlesim_project/build/my_turtle_pkg/install.log'
