[0.135s] DEBUG:colcon:Command line arguments: ['/usr/bin/colcon', 'build']
[0.135s] DEBUG:colcon:Parsed command line arguments: Namespace(log_base=None, log_level=None, verb_name='build', build_base='build', install_base='install', merge_install=False, symlink_install=False, test_result_base=None, continue_on_error=False, executor='parallel', parallel_workers=12, event_handlers=None, ignore_user_meta=False, metas=['./colcon.meta'], base_paths=['.'], packages_ignore=None, packages_ignore_regex=None, paths=None, packages_up_to=None, packages_up_to_regex=None, packages_above=None, packages_above_and_dependencies=None, packages_above_depth=None, packages_select_by_dep=None, packages_skip_by_dep=None, packages_skip_up_to=None, packages_select_build_failed=False, packages_skip_build_finished=False, packages_select_test_failures=False, packages_skip_test_passed=False, packages_select=None, packages_skip=None, packages_select_regex=None, packages_skip_regex=None, packages_start=None, packages_end=None, allow_overriding=[], cmake_args=None, cmake_target=None, cmake_target_skip_unavailable=False, cmake_clean_cache=False, cmake_clean_first=False, cmake_force_configure=False, ament_cmake_args=None, catkin_cmake_args=None, catkin_skip_building_tests=False, verb_parser=<colcon_defaults.argument_parser.defaults.DefaultArgumentsDecorator object at 0x729dcc848910>, verb_extension=<colcon_core.verb.build.BuildVerb object at 0x729dcc848130>, main=<bound method BuildVerb.main of <colcon_core.verb.build.BuildVerb object at 0x729dcc848130>>)
[0.382s] Level 1:colcon.colcon_core.package_discovery:discover_packages(colcon_meta) check parameters
[0.383s] Level 1:colcon.colcon_core.package_discovery:discover_packages(recursive) check parameters
[0.383s] Level 1:colcon.colcon_core.package_discovery:discover_packages(ignore) check parameters
[0.383s] Level 1:colcon.colcon_core.package_discovery:discover_packages(path) check parameters
[0.383s] Level 1:colcon.colcon_core.package_discovery:discover_packages(colcon_meta) discover
[0.383s] Level 1:colcon.colcon_core.package_discovery:discover_packages(recursive) discover
[0.383s] INFO:colcon.colcon_core.package_discovery:Crawling recursively for packages in '/home/maninder/Music/turtlesim_project'
[0.383s] Level 1:colcon.colcon_core.package_identification:_identify(.) by extensions ['ignore', 'ignore_ament_install']
[0.383s] Level 1:colcon.colcon_core.package_identification:_identify(.) by extension 'ignore'
[0.383s] Level 1:colcon.colcon_core.package_identification:_identify(.) by extension 'ignore_ament_install'
[0.383s] Level 1:colcon.colcon_core.package_identification:_identify(.) by extensions ['colcon_pkg']
[0.383s] Level 1:colcon.colcon_core.package_identification:_identify(.) by extension 'colcon_pkg'
[0.383s] Level 1:colcon.colcon_core.package_identification:_identify(.) by extensions ['colcon_meta']
[0.383s] Level 1:colcon.colcon_core.package_identification:_identify(.) by extension 'colcon_meta'
[0.383s] Level 1:colcon.colcon_core.package_identification:_identify(.) by extensions ['ros']
[0.383s] Level 1:colcon.colcon_core.package_identification:_identify(.) by extension 'ros'
[0.399s] Level 1:colcon.colcon_core.package_identification:_identify(.) by extensions ['cmake', 'python']
[0.399s] Level 1:colcon.colcon_core.package_identification:_identify(.) by extension 'cmake'
[0.399s] Level 1:colcon.colcon_core.package_identification:_identify(.) by extension 'python'
[0.399s] Level 1:colcon.colcon_core.package_identification:_identify(.) by extensions ['python_setup_py']
[0.399s] Level 1:colcon.colcon_core.package_identification:_identify(.) by extension 'python_setup_py'
[0.399s] Level 1:colcon.colcon_core.package_identification:_identify(build) by extensions ['ignore', 'ignore_ament_install']
[0.399s] Level 1:colcon.colcon_core.package_identification:_identify(build) by extension 'ignore'
[0.399s] Level 1:colcon.colcon_core.package_identification:_identify(build) ignored
[0.400s] Level 1:colcon.colcon_core.package_identification:_identify(install) by extensions ['ignore', 'ignore_ament_install']
[0.400s] Level 1:colcon.colcon_core.package_identification:_identify(install) by extension 'ignore'
[0.400s] Level 1:colcon.colcon_core.package_identification:_identify(install) ignored
[0.400s] Level 1:colcon.colcon_core.package_identification:_identify(log) by extensions ['ignore', 'ignore_ament_install']
[0.400s] Level 1:colcon.colcon_core.package_identification:_identify(log) by extension 'ignore'
[0.400s] Level 1:colcon.colcon_core.package_identification:_identify(log) ignored
[0.400s] Level 1:colcon.colcon_core.package_identification:_identify(src) by extensions ['ignore', 'ignore_ament_install']
[0.400s] Level 1:colcon.colcon_core.package_identification:_identify(src) by extension 'ignore'
[0.400s] Level 1:colcon.colcon_core.package_identification:_identify(src) by extension 'ignore_ament_install'
[0.400s] Level 1:colcon.colcon_core.package_identification:_identify(src) by extensions ['colcon_pkg']
[0.400s] Level 1:colcon.colcon_core.package_identification:_identify(src) by extension 'colcon_pkg'
[0.401s] Level 1:colcon.colcon_core.package_identification:_identify(src) by extensions ['colcon_meta']
[0.401s] Level 1:colcon.colcon_core.package_identification:_identify(src) by extension 'colcon_meta'
[0.401s] Level 1:colcon.colcon_core.package_identification:_identify(src) by extensions ['ros']
[0.401s] Level 1:colcon.colcon_core.package_identification:_identify(src) by extension 'ros'
[0.401s] Level 1:colcon.colcon_core.package_identification:_identify(src) by extensions ['cmake', 'python']
[0.401s] Level 1:colcon.colcon_core.package_identification:_identify(src) by extension 'cmake'
[0.401s] Level 1:colcon.colcon_core.package_identification:_identify(src) by extension 'python'
[0.401s] Level 1:colcon.colcon_core.package_identification:_identify(src) by extensions ['python_setup_py']
[0.401s] Level 1:colcon.colcon_core.package_identification:_identify(src) by extension 'python_setup_py'
[0.401s] Level 1:colcon.colcon_core.package_identification:_identify(src/my_turtle_bringup) by extensions ['ignore', 'ignore_ament_install']
[0.401s] Level 1:colcon.colcon_core.package_identification:_identify(src/my_turtle_bringup) by extension 'ignore'
[0.401s] Level 1:colcon.colcon_core.package_identification:_identify(src/my_turtle_bringup) by extension 'ignore_ament_install'
[0.401s] Level 1:colcon.colcon_core.package_identification:_identify(src/my_turtle_bringup) by extensions ['colcon_pkg']
[0.401s] Level 1:colcon.colcon_core.package_identification:_identify(src/my_turtle_bringup) by extension 'colcon_pkg'
[0.401s] Level 1:colcon.colcon_core.package_identification:_identify(src/my_turtle_bringup) by extensions ['colcon_meta']
[0.401s] Level 1:colcon.colcon_core.package_identification:_identify(src/my_turtle_bringup) by extension 'colcon_meta'
[0.401s] Level 1:colcon.colcon_core.package_identification:_identify(src/my_turtle_bringup) by extensions ['ros']
[0.402s] Level 1:colcon.colcon_core.package_identification:_identify(src/my_turtle_bringup) by extension 'ros'
[0.404s] DEBUG:colcon.colcon_core.package_identification:Package 'src/my_turtle_bringup' with type 'ros.ament_cmake' and name 'my_turtle_bringup'
[0.405s] Level 1:colcon.colcon_core.package_identification:_identify(src/my_turtle_interface) by extensions ['ignore', 'ignore_ament_install']
[0.405s] Level 1:colcon.colcon_core.package_identification:_identify(src/my_turtle_interface) by extension 'ignore'
[0.405s] Level 1:colcon.colcon_core.package_identification:_identify(src/my_turtle_interface) by extension 'ignore_ament_install'
[0.405s] Level 1:colcon.colcon_core.package_identification:_identify(src/my_turtle_interface) by extensions ['colcon_pkg']
[0.405s] Level 1:colcon.colcon_core.package_identification:_identify(src/my_turtle_interface) by extension 'colcon_pkg'
[0.405s] Level 1:colcon.colcon_core.package_identification:_identify(src/my_turtle_interface) by extensions ['colcon_meta']
[0.405s] Level 1:colcon.colcon_core.package_identification:_identify(src/my_turtle_interface) by extension 'colcon_meta'
[0.405s] Level 1:colcon.colcon_core.package_identification:_identify(src/my_turtle_interface) by extensions ['ros']
[0.405s] Level 1:colcon.colcon_core.package_identification:_identify(src/my_turtle_interface) by extension 'ros'
[0.406s] DEBUG:colcon.colcon_core.package_identification:Package 'src/my_turtle_interface' with type 'ros.ament_cmake' and name 'my_turtle_interface'
[0.406s] Level 1:colcon.colcon_core.package_identification:_identify(src/my_turtle_pkg) by extensions ['ignore', 'ignore_ament_install']
[0.406s] Level 1:colcon.colcon_core.package_identification:_identify(src/my_turtle_pkg) by extension 'ignore'
[0.406s] Level 1:colcon.colcon_core.package_identification:_identify(src/my_turtle_pkg) by extension 'ignore_ament_install'
[0.406s] Level 1:colcon.colcon_core.package_identification:_identify(src/my_turtle_pkg) by extensions ['colcon_pkg']
[0.406s] Level 1:colcon.colcon_core.package_identification:_identify(src/my_turtle_pkg) by extension 'colcon_pkg'
[0.406s] Level 1:colcon.colcon_core.package_identification:_identify(src/my_turtle_pkg) by extensions ['colcon_meta']
[0.406s] Level 1:colcon.colcon_core.package_identification:_identify(src/my_turtle_pkg) by extension 'colcon_meta'
[0.406s] Level 1:colcon.colcon_core.package_identification:_identify(src/my_turtle_pkg) by extensions ['ros']
[0.406s] Level 1:colcon.colcon_core.package_identification:_identify(src/my_turtle_pkg) by extension 'ros'
[0.407s] DEBUG:colcon.colcon_core.package_identification:Package 'src/my_turtle_pkg' with type 'ros.ament_python' and name 'my_turtle_pkg'
[0.407s] Level 1:colcon.colcon_core.package_discovery:discover_packages(recursive) using defaults
[0.408s] Level 1:colcon.colcon_core.package_discovery:discover_packages(ignore) discover
[0.408s] Level 1:colcon.colcon_core.package_discovery:discover_packages(ignore) using defaults
[0.408s] Level 1:colcon.colcon_core.package_discovery:discover_packages(path) discover
[0.408s] Level 1:colcon.colcon_core.package_discovery:discover_packages(path) using defaults
[0.466s] Level 1:colcon.colcon_core.package_discovery:discover_packages(prefix_path) check parameters
[0.466s] Level 1:colcon.colcon_core.package_discovery:discover_packages(prefix_path) discover
[0.468s] DEBUG:colcon.colcon_installed_package_information.package_discovery:Found 3 installed packages in /home/maninder/Music/turtlesim_project/install
[0.469s] DEBUG:colcon.colcon_installed_package_information.package_discovery:Found 4 installed packages in /home/maninder/Music/ros2_ws/install
[0.471s] DEBUG:colcon.colcon_installed_package_information.package_discovery:Found 270 installed packages in /opt/ros/humble
[0.473s] Level 1:colcon.colcon_core.package_discovery:discover_packages(prefix_path) using defaults
[0.519s] Level 5:colcon.colcon_core.verb:set package 'my_turtle_interface' build argument 'cmake_args' from command line to 'None'
[0.519s] Level 5:colcon.colcon_core.verb:set package 'my_turtle_interface' build argument 'cmake_target' from command line to 'None'
[0.519s] Level 5:colcon.colcon_core.verb:set package 'my_turtle_interface' build argument 'cmake_target_skip_unavailable' from command line to 'False'
[0.519s] Level 5:colcon.colcon_core.verb:set package 'my_turtle_interface' build argument 'cmake_clean_cache' from command line to 'False'
[0.519s] Level 5:colcon.colcon_core.verb:set package 'my_turtle_interface' build argument 'cmake_clean_first' from command line to 'False'
[0.519s] Level 5:colcon.colcon_core.verb:set package 'my_turtle_interface' build argument 'cmake_force_configure' from command line to 'False'
[0.519s] Level 5:colcon.colcon_core.verb:set package 'my_turtle_interface' build argument 'ament_cmake_args' from command line to 'None'
[0.519s] Level 5:colcon.colcon_core.verb:set package 'my_turtle_interface' build argument 'catkin_cmake_args' from command line to 'None'
[0.519s] Level 5:colcon.colcon_core.verb:set package 'my_turtle_interface' build argument 'catkin_skip_building_tests' from command line to 'False'
[0.519s] DEBUG:colcon.colcon_core.verb:Building package 'my_turtle_interface' with the following arguments: {'ament_cmake_args': None, 'build_base': '/home/maninder/Music/turtlesim_project/build/my_turtle_interface', 'catkin_cmake_args': None, 'catkin_skip_building_tests': False, 'cmake_args': None, 'cmake_clean_cache': False, 'cmake_clean_first': False, 'cmake_force_configure': False, 'cmake_target': None, 'cmake_target_skip_unavailable': False, 'install_base': '/home/maninder/Music/turtlesim_project/install/my_turtle_interface', 'merge_install': False, 'path': '/home/maninder/Music/turtlesim_project/src/my_turtle_interface', 'symlink_install': False, 'test_result_base': None}
[0.519s] Level 5:colcon.colcon_core.verb:set package 'my_turtle_pkg' build argument 'cmake_args' from command line to 'None'
[0.519s] Level 5:colcon.colcon_core.verb:set package 'my_turtle_pkg' build argument 'cmake_target' from command line to 'None'
[0.520s] Level 5:colcon.colcon_core.verb:set package 'my_turtle_pkg' build argument 'cmake_target_skip_unavailable' from command line to 'False'
[0.520s] Level 5:colcon.colcon_core.verb:set package 'my_turtle_pkg' build argument 'cmake_clean_cache' from command line to 'False'
[0.520s] Level 5:colcon.colcon_core.verb:set package 'my_turtle_pkg' build argument 'cmake_clean_first' from command line to 'False'
[0.520s] Level 5:colcon.colcon_core.verb:set package 'my_turtle_pkg' build argument 'cmake_force_configure' from command line to 'False'
[0.520s] Level 5:colcon.colcon_core.verb:set package 'my_turtle_pkg' build argument 'ament_cmake_args' from command line to 'None'
[0.520s] Level 5:colcon.colcon_core.verb:set package 'my_turtle_pkg' build argument 'catkin_cmake_args' from command line to 'None'
[0.520s] Level 5:colcon.colcon_core.verb:set package 'my_turtle_pkg' build argument 'catkin_skip_building_tests' from command line to 'False'
[0.520s] DEBUG:colcon.colcon_core.verb:Building package 'my_turtle_pkg' with the following arguments: {'ament_cmake_args': None, 'build_base': '/home/maninder/Music/turtlesim_project/build/my_turtle_pkg', 'catkin_cmake_args': None, 'catkin_skip_building_tests': False, 'cmake_args': None, 'cmake_clean_cache': False, 'cmake_clean_first': False, 'cmake_force_configure': False, 'cmake_target': None, 'cmake_target_skip_unavailable': False, 'install_base': '/home/maninder/Music/turtlesim_project/install/my_turtle_pkg', 'merge_install': False, 'path': '/home/maninder/Music/turtlesim_project/src/my_turtle_pkg', 'symlink_install': False, 'test_result_base': None}
[0.520s] Level 5:colcon.colcon_core.verb:set package 'my_turtle_bringup' build argument 'cmake_args' from command line to 'None'
[0.520s] Level 5:colcon.colcon_core.verb:set package 'my_turtle_bringup' build argument 'cmake_target' from command line to 'None'
[0.520s] Level 5:colcon.colcon_core.verb:set package 'my_turtle_bringup' build argument 'cmake_target_skip_unavailable' from command line to 'False'
[0.520s] Level 5:colcon.colcon_core.verb:set package 'my_turtle_bringup' build argument 'cmake_clean_cache' from command line to 'False'
[0.520s] Level 5:colcon.colcon_core.verb:set package 'my_turtle_bringup' build argument 'cmake_clean_first' from command line to 'False'
[0.520s] Level 5:colcon.colcon_core.verb:set package 'my_turtle_bringup' build argument 'cmake_force_configure' from command line to 'False'
[0.520s] Level 5:colcon.colcon_core.verb:set package 'my_turtle_bringup' build argument 'ament_cmake_args' from command line to 'None'
[0.520s] Level 5:colcon.colcon_core.verb:set package 'my_turtle_bringup' build argument 'catkin_cmake_args' from command line to 'None'
[0.520s] Level 5:colcon.colcon_core.verb:set package 'my_turtle_bringup' build argument 'catkin_skip_building_tests' from command line to 'False'
[0.520s] DEBUG:colcon.colcon_core.verb:Building package 'my_turtle_bringup' with the following arguments: {'ament_cmake_args': None, 'build_base': '/home/maninder/Music/turtlesim_project/build/my_turtle_bringup', 'catkin_cmake_args': None, 'catkin_skip_building_tests': False, 'cmake_args': None, 'cmake_clean_cache': False, 'cmake_clean_first': False, 'cmake_force_configure': False, 'cmake_target': None, 'cmake_target_skip_unavailable': False, 'install_base': '/home/maninder/Music/turtlesim_project/install/my_turtle_bringup', 'merge_install': False, 'path': '/home/maninder/Music/turtlesim_project/src/my_turtle_bringup', 'symlink_install': False, 'test_result_base': None}
[0.521s] INFO:colcon.colcon_core.executor:Executing jobs using 'parallel' executor
[0.522s] DEBUG:colcon.colcon_parallel_executor.executor.parallel:run_until_complete
[0.522s] INFO:colcon.colcon_ros.task.ament_cmake.build:Building ROS package in '/home/maninder/Music/turtlesim_project/src/my_turtle_interface' with build type 'ament_cmake'
[0.523s] INFO:colcon.colcon_cmake.task.cmake.build:Building CMake package in '/home/maninder/Music/turtlesim_project/src/my_turtle_interface'
[0.526s] INFO:colcon.colcon_core.plugin_system:Skipping extension 'colcon_core.shell.bat': Not used on non-Windows systems
[0.526s] INFO:colcon.colcon_core.shell:Skip shell extension 'powershell' for command environment: Not usable outside of PowerShell
[0.526s] DEBUG:colcon.colcon_core.shell:Skip shell extension 'dsv' for command environment
[0.545s] DEBUG:colcon.colcon_core.event_handler.log_command:Invoking command in '/home/maninder/Music/turtlesim_project/build/my_turtle_interface': CMAKE_PREFIX_PATH=${CMAKE_PREFIX_PATH}:/home/maninder/Music/turtlesim_project/install/my_turtle_pkg:/home/maninder/Music/ros2_ws/install/my_py_pkg:/opt/ros/humble /usr/bin/cmake --build /home/maninder/Music/turtlesim_project/build/my_turtle_interface -- -j12 -l12
[1.136s] DEBUG:colcon.colcon_core.event_handler.log_command:Invoked command in '/home/maninder/Music/turtlesim_project/build/my_turtle_interface' returned '0': CMAKE_PREFIX_PATH=${CMAKE_PREFIX_PATH}:/home/maninder/Music/turtlesim_project/install/my_turtle_pkg:/home/maninder/Music/ros2_ws/install/my_py_pkg:/opt/ros/humble /usr/bin/cmake --build /home/maninder/Music/turtlesim_project/build/my_turtle_interface -- -j12 -l12
[1.282s] DEBUG:colcon.colcon_core.event_handler.log_command:Invoking command in '/home/maninder/Music/turtlesim_project/build/my_turtle_interface': CMAKE_PREFIX_PATH=${CMAKE_PREFIX_PATH}:/home/maninder/Music/turtlesim_project/install/my_turtle_pkg:/home/maninder/Music/ros2_ws/install/my_py_pkg:/opt/ros/humble /usr/bin/cmake --install /home/maninder/Music/turtlesim_project/build/my_turtle_interface
[1.365s] Level 1:colcon.colcon_core.environment:create_environment_scripts_only(my_turtle_interface)
[1.366s] DEBUG:colcon.colcon_core.event_handler.log_command:Invoked command in '/home/maninder/Music/turtlesim_project/build/my_turtle_interface' returned '0': CMAKE_PREFIX_PATH=${CMAKE_PREFIX_PATH}:/home/maninder/Music/turtlesim_project/install/my_turtle_pkg:/home/maninder/Music/ros2_ws/install/my_py_pkg:/opt/ros/humble /usr/bin/cmake --install /home/maninder/Music/turtlesim_project/build/my_turtle_interface
[1.369s] Level 1:colcon.colcon_core.environment:checking '/home/maninder/Music/turtlesim_project/install/my_turtle_interface' for CMake module files
[1.369s] Level 1:colcon.colcon_core.environment:checking '/home/maninder/Music/turtlesim_project/install/my_turtle_interface' for CMake config files
[1.370s] Level 1:colcon.colcon_core.shell:create_environment_hook('my_turtle_interface', 'cmake_prefix_path')
[1.370s] INFO:colcon.colcon_core.shell:Creating environment hook '/home/maninder/Music/turtlesim_project/install/my_turtle_interface/share/my_turtle_interface/hook/cmake_prefix_path.ps1'
[1.371s] INFO:colcon.colcon_core.shell:Creating environment descriptor '/home/maninder/Music/turtlesim_project/install/my_turtle_interface/share/my_turtle_interface/hook/cmake_prefix_path.dsv'
[1.372s] INFO:colcon.colcon_core.shell:Creating environment hook '/home/maninder/Music/turtlesim_project/install/my_turtle_interface/share/my_turtle_interface/hook/cmake_prefix_path.sh'
[1.373s] Level 1:colcon.colcon_core.environment:checking '/home/maninder/Music/turtlesim_project/install/my_turtle_interface/lib'
[1.373s] Level 1:colcon.colcon_core.shell:create_environment_hook('my_turtle_interface', 'ld_library_path_lib')
[1.373s] INFO:colcon.colcon_core.shell:Creating environment hook '/home/maninder/Music/turtlesim_project/install/my_turtle_interface/share/my_turtle_interface/hook/ld_library_path_lib.ps1'
[1.374s] INFO:colcon.colcon_core.shell:Creating environment descriptor '/home/maninder/Music/turtlesim_project/install/my_turtle_interface/share/my_turtle_interface/hook/ld_library_path_lib.dsv'
[1.374s] INFO:colcon.colcon_core.shell:Creating environment hook '/home/maninder/Music/turtlesim_project/install/my_turtle_interface/share/my_turtle_interface/hook/ld_library_path_lib.sh'
[1.375s] Level 1:colcon.colcon_core.environment:checking '/home/maninder/Music/turtlesim_project/install/my_turtle_interface/bin'
[1.375s] Level 1:colcon.colcon_core.environment:checking '/home/maninder/Music/turtlesim_project/install/my_turtle_interface/lib/pkgconfig/my_turtle_interface.pc'
[1.375s] Level 1:colcon.colcon_core.environment:checking '/home/maninder/Music/turtlesim_project/install/my_turtle_interface/lib/python3.10/site-packages'
[1.375s] Level 1:colcon.colcon_core.environment:checking '/home/maninder/Music/turtlesim_project/install/my_turtle_interface/bin'
[1.376s] INFO:colcon.colcon_core.shell:Creating package script '/home/maninder/Music/turtlesim_project/install/my_turtle_interface/share/my_turtle_interface/package.ps1'
[1.377s] INFO:colcon.colcon_core.shell:Creating package descriptor '/home/maninder/Music/turtlesim_project/install/my_turtle_interface/share/my_turtle_interface/package.dsv'
[1.378s] INFO:colcon.colcon_core.shell:Creating package script '/home/maninder/Music/turtlesim_project/install/my_turtle_interface/share/my_turtle_interface/package.sh'
[1.378s] INFO:colcon.colcon_core.shell:Creating package script '/home/maninder/Music/turtlesim_project/install/my_turtle_interface/share/my_turtle_interface/package.bash'
[1.379s] INFO:colcon.colcon_core.shell:Creating package script '/home/maninder/Music/turtlesim_project/install/my_turtle_interface/share/my_turtle_interface/package.zsh'
[1.380s] Level 1:colcon.colcon_core.environment:create_file_with_runtime_dependencies(/home/maninder/Music/turtlesim_project/install/my_turtle_interface/share/colcon-core/packages/my_turtle_interface)
[1.505s] Level 1:colcon.colcon_core.environment:create_environment_scripts_only(my_turtle_interface)
[1.506s] Level 1:colcon.colcon_core.environment:checking '/home/maninder/Music/turtlesim_project/install/my_turtle_interface' for CMake module files
[1.507s] Level 1:colcon.colcon_core.environment:checking '/home/maninder/Music/turtlesim_project/install/my_turtle_interface' for CMake config files
[1.508s] Level 1:colcon.colcon_core.shell:create_environment_hook('my_turtle_interface', 'cmake_prefix_path')
[1.508s] INFO:colcon.colcon_core.shell:Creating environment hook '/home/maninder/Music/turtlesim_project/install/my_turtle_interface/share/my_turtle_interface/hook/cmake_prefix_path.ps1'
[1.509s] INFO:colcon.colcon_core.shell:Creating environment descriptor '/home/maninder/Music/turtlesim_project/install/my_turtle_interface/share/my_turtle_interface/hook/cmake_prefix_path.dsv'
[1.509s] INFO:colcon.colcon_core.shell:Creating environment hook '/home/maninder/Music/turtlesim_project/install/my_turtle_interface/share/my_turtle_interface/hook/cmake_prefix_path.sh'
[1.510s] Level 1:colcon.colcon_core.environment:checking '/home/maninder/Music/turtlesim_project/install/my_turtle_interface/lib'
[1.510s] Level 1:colcon.colcon_core.shell:create_environment_hook('my_turtle_interface', 'ld_library_path_lib')
[1.510s] INFO:colcon.colcon_core.shell:Creating environment hook '/home/maninder/Music/turtlesim_project/install/my_turtle_interface/share/my_turtle_interface/hook/ld_library_path_lib.ps1'
[1.511s] INFO:colcon.colcon_core.shell:Creating environment descriptor '/home/maninder/Music/turtlesim_project/install/my_turtle_interface/share/my_turtle_interface/hook/ld_library_path_lib.dsv'
[1.511s] INFO:colcon.colcon_core.shell:Creating environment hook '/home/maninder/Music/turtlesim_project/install/my_turtle_interface/share/my_turtle_interface/hook/ld_library_path_lib.sh'
[1.512s] Level 1:colcon.colcon_core.environment:checking '/home/maninder/Music/turtlesim_project/install/my_turtle_interface/bin'
[1.512s] Level 1:colcon.colcon_core.environment:checking '/home/maninder/Music/turtlesim_project/install/my_turtle_interface/lib/pkgconfig/my_turtle_interface.pc'
[1.512s] Level 1:colcon.colcon_core.environment:checking '/home/maninder/Music/turtlesim_project/install/my_turtle_interface/lib/python3.10/site-packages'
[1.512s] Level 1:colcon.colcon_core.environment:checking '/home/maninder/Music/turtlesim_project/install/my_turtle_interface/bin'
[1.513s] INFO:colcon.colcon_core.shell:Creating package script '/home/maninder/Music/turtlesim_project/install/my_turtle_interface/share/my_turtle_interface/package.ps1'
[1.513s] INFO:colcon.colcon_core.shell:Creating package descriptor '/home/maninder/Music/turtlesim_project/install/my_turtle_interface/share/my_turtle_interface/package.dsv'
[1.514s] INFO:colcon.colcon_core.shell:Creating package script '/home/maninder/Music/turtlesim_project/install/my_turtle_interface/share/my_turtle_interface/package.sh'
[1.515s] INFO:colcon.colcon_core.shell:Creating package script '/home/maninder/Music/turtlesim_project/install/my_turtle_interface/share/my_turtle_interface/package.bash'
[1.515s] INFO:colcon.colcon_core.shell:Creating package script '/home/maninder/Music/turtlesim_project/install/my_turtle_interface/share/my_turtle_interface/package.zsh'
[1.516s] Level 1:colcon.colcon_core.environment:create_file_with_runtime_dependencies(/home/maninder/Music/turtlesim_project/install/my_turtle_interface/share/colcon-core/packages/my_turtle_interface)
[1.516s] INFO:colcon.colcon_ros.task.ament_python.build:Building ROS package in '/home/maninder/Music/turtlesim_project/src/my_turtle_pkg' with build type 'ament_python'
[1.516s] Level 1:colcon.colcon_core.shell:create_environment_hook('my_turtle_pkg', 'ament_prefix_path')
[1.517s] INFO:colcon.colcon_core.shell:Creating environment hook '/home/maninder/Music/turtlesim_project/install/my_turtle_pkg/share/my_turtle_pkg/hook/ament_prefix_path.ps1'
[1.518s] INFO:colcon.colcon_core.shell:Creating environment descriptor '/home/maninder/Music/turtlesim_project/install/my_turtle_pkg/share/my_turtle_pkg/hook/ament_prefix_path.dsv'
[1.518s] INFO:colcon.colcon_core.shell:Creating environment hook '/home/maninder/Music/turtlesim_project/install/my_turtle_pkg/share/my_turtle_pkg/hook/ament_prefix_path.sh'
[1.519s] INFO:colcon.colcon_core.shell:Skip shell extension 'powershell' for command environment: Not usable outside of PowerShell
[1.519s] DEBUG:colcon.colcon_core.shell:Skip shell extension 'dsv' for command environment
[1.943s] INFO:colcon.colcon_core.task.python.build:Building Python package in '/home/maninder/Music/turtlesim_project/src/my_turtle_pkg'
[1.943s] INFO:colcon.colcon_core.shell:Skip shell extension 'powershell' for command environment: Not usable outside of PowerShell
[1.944s] DEBUG:colcon.colcon_core.shell:Skip shell extension 'dsv' for command environment
[2.410s] DEBUG:colcon.colcon_core.event_handler.log_command:Invoking command in '/home/maninder/Music/turtlesim_project/src/my_turtle_pkg': CMAKE_PREFIX_PATH=/home/maninder/Music/turtlesim_project/install/my_turtle_interface:/home/maninder/Music/turtlesim_project/install/my_turtle_bringup:/home/maninder/Music/ros2_ws/install/my_robot_bringup:/home/maninder/Music/ros2_ws/install/my_robot_interfaces:/home/maninder/Music/ros2_ws/install/my_cpp_pkg PYTHONPATH=/home/maninder/Music/turtlesim_project/build/my_turtle_pkg/prefix_override:/home/maninder/Music/turtlesim_project/install/my_turtle_pkg/lib/python3.10/site-packages:${PYTHONPATH} /usr/bin/python3 -W ignore:setup.py install is deprecated setup.py egg_info --egg-base ../../build/my_turtle_pkg build --build-base /home/maninder/Music/turtlesim_project/build/my_turtle_pkg/build install --record /home/maninder/Music/turtlesim_project/build/my_turtle_pkg/install.log --single-version-externally-managed install_data
[2.806s] Level 1:colcon.colcon_core.environment:checking '/home/maninder/Music/turtlesim_project/install/my_turtle_pkg' for CMake module files
[2.807s] DEBUG:colcon.colcon_core.event_handler.log_command:Invoked command in '/home/maninder/Music/turtlesim_project/src/my_turtle_pkg' returned '0': CMAKE_PREFIX_PATH=/home/maninder/Music/turtlesim_project/install/my_turtle_interface:/home/maninder/Music/turtlesim_project/install/my_turtle_bringup:/home/maninder/Music/ros2_ws/install/my_robot_bringup:/home/maninder/Music/ros2_ws/install/my_robot_interfaces:/home/maninder/Music/ros2_ws/install/my_cpp_pkg PYTHONPATH=/home/maninder/Music/turtlesim_project/build/my_turtle_pkg/prefix_override:/home/maninder/Music/turtlesim_project/install/my_turtle_pkg/lib/python3.10/site-packages:${PYTHONPATH} /usr/bin/python3 -W ignore:setup.py install is deprecated setup.py egg_info --egg-base ../../build/my_turtle_pkg build --build-base /home/maninder/Music/turtlesim_project/build/my_turtle_pkg/build install --record /home/maninder/Music/turtlesim_project/build/my_turtle_pkg/install.log --single-version-externally-managed install_data
[2.808s] Level 1:colcon.colcon_core.environment:checking '/home/maninder/Music/turtlesim_project/install/my_turtle_pkg' for CMake config files
[2.809s] Level 1:colcon.colcon_core.environment:checking '/home/maninder/Music/turtlesim_project/install/my_turtle_pkg/lib'
[2.809s] Level 1:colcon.colcon_core.environment:checking '/home/maninder/Music/turtlesim_project/install/my_turtle_pkg/bin'
[2.809s] Level 1:colcon.colcon_core.environment:checking '/home/maninder/Music/turtlesim_project/install/my_turtle_pkg/lib/pkgconfig/my_turtle_pkg.pc'
[2.809s] Level 1:colcon.colcon_core.environment:checking '/home/maninder/Music/turtlesim_project/install/my_turtle_pkg/lib/python3.10/site-packages'
[2.809s] Level 1:colcon.colcon_core.shell:create_environment_hook('my_turtle_pkg', 'pythonpath')
[2.809s] INFO:colcon.colcon_core.shell:Creating environment hook '/home/maninder/Music/turtlesim_project/install/my_turtle_pkg/share/my_turtle_pkg/hook/pythonpath.ps1'
[2.810s] INFO:colcon.colcon_core.shell:Creating environment descriptor '/home/maninder/Music/turtlesim_project/install/my_turtle_pkg/share/my_turtle_pkg/hook/pythonpath.dsv'
[2.810s] INFO:colcon.colcon_core.shell:Creating environment hook '/home/maninder/Music/turtlesim_project/install/my_turtle_pkg/share/my_turtle_pkg/hook/pythonpath.sh'
[2.811s] Level 1:colcon.colcon_core.environment:checking '/home/maninder/Music/turtlesim_project/install/my_turtle_pkg/bin'
[2.811s] Level 1:colcon.colcon_core.environment:create_environment_scripts_only(my_turtle_pkg)
[2.811s] INFO:colcon.colcon_core.shell:Creating package script '/home/maninder/Music/turtlesim_project/install/my_turtle_pkg/share/my_turtle_pkg/package.ps1'
[2.812s] INFO:colcon.colcon_core.shell:Creating package descriptor '/home/maninder/Music/turtlesim_project/install/my_turtle_pkg/share/my_turtle_pkg/package.dsv'
[2.812s] INFO:colcon.colcon_core.shell:Creating package script '/home/maninder/Music/turtlesim_project/install/my_turtle_pkg/share/my_turtle_pkg/package.sh'
[2.813s] INFO:colcon.colcon_core.shell:Creating package script '/home/maninder/Music/turtlesim_project/install/my_turtle_pkg/share/my_turtle_pkg/package.bash'
[2.813s] INFO:colcon.colcon_core.shell:Creating package script '/home/maninder/Music/turtlesim_project/install/my_turtle_pkg/share/my_turtle_pkg/package.zsh'
[2.813s] Level 1:colcon.colcon_core.environment:create_file_with_runtime_dependencies(/home/maninder/Music/turtlesim_project/install/my_turtle_pkg/share/colcon-core/packages/my_turtle_pkg)
[2.814s] INFO:colcon.colcon_ros.task.ament_cmake.build:Building ROS package in '/home/maninder/Music/turtlesim_project/src/my_turtle_bringup' with build type 'ament_cmake'
[2.814s] INFO:colcon.colcon_cmake.task.cmake.build:Building CMake package in '/home/maninder/Music/turtlesim_project/src/my_turtle_bringup'
[2.814s] INFO:colcon.colcon_core.shell:Skip shell extension 'powershell' for command environment: Not usable outside of PowerShell
[2.814s] DEBUG:colcon.colcon_core.shell:Skip shell extension 'dsv' for command environment
[2.834s] DEBUG:colcon.colcon_core.event_handler.log_command:Invoking command in '/home/maninder/Music/turtlesim_project/build/my_turtle_bringup': AMENT_PREFIX_PATH=/home/maninder/Music/turtlesim_project/install/my_turtle_pkg:/home/maninder/Music/turtlesim_project/install/my_turtle_bringup:/home/maninder/Music/turtlesim_project/install/my_turtle_interface:/home/maninder/Music/ros2_ws/install/my_robot_bringup:/home/maninder/Music/ros2_ws/install/my_py_pkg:/home/maninder/Music/ros2_ws/install/my_robot_interfaces:/home/maninder/Music/ros2_ws/install/my_cpp_pkg:/opt/ros/humble CMAKE_PREFIX_PATH=/home/maninder/Music/turtlesim_project/install/my_turtle_interface:/home/maninder/Music/turtlesim_project/install/my_turtle_bringup:/home/maninder/Music/ros2_ws/install/my_robot_bringup:/home/maninder/Music/ros2_ws/install/my_robot_interfaces:/home/maninder/Music/ros2_ws/install/my_cpp_pkg:/home/maninder/Music/turtlesim_project/install/my_turtle_pkg:/home/maninder/Music/ros2_ws/install/my_py_pkg:/opt/ros/humble /usr/bin/cmake --build /home/maninder/Music/turtlesim_project/build/my_turtle_bringup -- -j12 -l12
[2.894s] DEBUG:colcon.colcon_core.event_handler.log_command:Invoked command in '/home/maninder/Music/turtlesim_project/build/my_turtle_bringup' returned '0': AMENT_PREFIX_PATH=/home/maninder/Music/turtlesim_project/install/my_turtle_pkg:/home/maninder/Music/turtlesim_project/install/my_turtle_bringup:/home/maninder/Music/turtlesim_project/install/my_turtle_interface:/home/maninder/Music/ros2_ws/install/my_robot_bringup:/home/maninder/Music/ros2_ws/install/my_py_pkg:/home/maninder/Music/ros2_ws/install/my_robot_interfaces:/home/maninder/Music/ros2_ws/install/my_cpp_pkg:/opt/ros/humble CMAKE_PREFIX_PATH=/home/maninder/Music/turtlesim_project/install/my_turtle_interface:/home/maninder/Music/turtlesim_project/install/my_turtle_bringup:/home/maninder/Music/ros2_ws/install/my_robot_bringup:/home/maninder/Music/ros2_ws/install/my_robot_interfaces:/home/maninder/Music/ros2_ws/install/my_cpp_pkg:/home/maninder/Music/turtlesim_project/install/my_turtle_pkg:/home/maninder/Music/ros2_ws/install/my_py_pkg:/opt/ros/humble /usr/bin/cmake --build /home/maninder/Music/turtlesim_project/build/my_turtle_bringup -- -j12 -l12
[2.933s] DEBUG:colcon.colcon_core.event_handler.log_command:Invoking command in '/home/maninder/Music/turtlesim_project/build/my_turtle_bringup': AMENT_PREFIX_PATH=/home/maninder/Music/turtlesim_project/install/my_turtle_pkg:/home/maninder/Music/turtlesim_project/install/my_turtle_bringup:/home/maninder/Music/turtlesim_project/install/my_turtle_interface:/home/maninder/Music/ros2_ws/install/my_robot_bringup:/home/maninder/Music/ros2_ws/install/my_py_pkg:/home/maninder/Music/ros2_ws/install/my_robot_interfaces:/home/maninder/Music/ros2_ws/install/my_cpp_pkg:/opt/ros/humble CMAKE_PREFIX_PATH=/home/maninder/Music/turtlesim_project/install/my_turtle_interface:/home/maninder/Music/turtlesim_project/install/my_turtle_bringup:/home/maninder/Music/ros2_ws/install/my_robot_bringup:/home/maninder/Music/ros2_ws/install/my_robot_interfaces:/home/maninder/Music/ros2_ws/install/my_cpp_pkg:/home/maninder/Music/turtlesim_project/install/my_turtle_pkg:/home/maninder/Music/ros2_ws/install/my_py_pkg:/opt/ros/humble /usr/bin/cmake --install /home/maninder/Music/turtlesim_project/build/my_turtle_bringup
[2.966s] Level 1:colcon.colcon_core.environment:create_environment_scripts_only(my_turtle_bringup)
[2.967s] Level 1:colcon.colcon_core.environment:checking '/home/maninder/Music/turtlesim_project/install/my_turtle_bringup' for CMake module files
[2.968s] DEBUG:colcon.colcon_core.event_handler.log_command:Invoked command in '/home/maninder/Music/turtlesim_project/build/my_turtle_bringup' returned '0': AMENT_PREFIX_PATH=/home/maninder/Music/turtlesim_project/install/my_turtle_pkg:/home/maninder/Music/turtlesim_project/install/my_turtle_bringup:/home/maninder/Music/turtlesim_project/install/my_turtle_interface:/home/maninder/Music/ros2_ws/install/my_robot_bringup:/home/maninder/Music/ros2_ws/install/my_py_pkg:/home/maninder/Music/ros2_ws/install/my_robot_interfaces:/home/maninder/Music/ros2_ws/install/my_cpp_pkg:/opt/ros/humble CMAKE_PREFIX_PATH=/home/maninder/Music/turtlesim_project/install/my_turtle_interface:/home/maninder/Music/turtlesim_project/install/my_turtle_bringup:/home/maninder/Music/ros2_ws/install/my_robot_bringup:/home/maninder/Music/ros2_ws/install/my_robot_interfaces:/home/maninder/Music/ros2_ws/install/my_cpp_pkg:/home/maninder/Music/turtlesim_project/install/my_turtle_pkg:/home/maninder/Music/ros2_ws/install/my_py_pkg:/opt/ros/humble /usr/bin/cmake --install /home/maninder/Music/turtlesim_project/build/my_turtle_bringup
[2.968s] Level 1:colcon.colcon_core.environment:checking '/home/maninder/Music/turtlesim_project/install/my_turtle_bringup' for CMake config files
[2.969s] Level 1:colcon.colcon_core.shell:create_environment_hook('my_turtle_bringup', 'cmake_prefix_path')
[2.969s] INFO:colcon.colcon_core.shell:Creating environment hook '/home/maninder/Music/turtlesim_project/install/my_turtle_bringup/share/my_turtle_bringup/hook/cmake_prefix_path.ps1'
[2.970s] INFO:colcon.colcon_core.shell:Creating environment descriptor '/home/maninder/Music/turtlesim_project/install/my_turtle_bringup/share/my_turtle_bringup/hook/cmake_prefix_path.dsv'
[2.970s] INFO:colcon.colcon_core.shell:Creating environment hook '/home/maninder/Music/turtlesim_project/install/my_turtle_bringup/share/my_turtle_bringup/hook/cmake_prefix_path.sh'
[2.971s] Level 1:colcon.colcon_core.environment:checking '/home/maninder/Music/turtlesim_project/install/my_turtle_bringup/bin'
[2.971s] Level 1:colcon.colcon_core.environment:checking '/home/maninder/Music/turtlesim_project/install/my_turtle_bringup/lib/pkgconfig/my_turtle_bringup.pc'
[2.971s] Level 1:colcon.colcon_core.environment:checking '/home/maninder/Music/turtlesim_project/install/my_turtle_bringup/lib/python3.10/site-packages'
[2.971s] Level 1:colcon.colcon_core.environment:checking '/home/maninder/Music/turtlesim_project/install/my_turtle_bringup/bin'
[2.972s] INFO:colcon.colcon_core.shell:Creating package script '/home/maninder/Music/turtlesim_project/install/my_turtle_bringup/share/my_turtle_bringup/package.ps1'
[2.972s] INFO:colcon.colcon_core.shell:Creating package descriptor '/home/maninder/Music/turtlesim_project/install/my_turtle_bringup/share/my_turtle_bringup/package.dsv'
[2.973s] INFO:colcon.colcon_core.shell:Creating package script '/home/maninder/Music/turtlesim_project/install/my_turtle_bringup/share/my_turtle_bringup/package.sh'
[2.973s] INFO:colcon.colcon_core.shell:Creating package script '/home/maninder/Music/turtlesim_project/install/my_turtle_bringup/share/my_turtle_bringup/package.bash'
[2.974s] INFO:colcon.colcon_core.shell:Creating package script '/home/maninder/Music/turtlesim_project/install/my_turtle_bringup/share/my_turtle_bringup/package.zsh'
[2.974s] Level 1:colcon.colcon_core.environment:create_file_with_runtime_dependencies(/home/maninder/Music/turtlesim_project/install/my_turtle_bringup/share/colcon-core/packages/my_turtle_bringup)
[3.012s] Level 1:colcon.colcon_core.environment:create_environment_scripts_only(my_turtle_bringup)
[3.013s] Level 1:colcon.colcon_core.environment:checking '/home/maninder/Music/turtlesim_project/install/my_turtle_bringup' for CMake module files
[3.014s] Level 1:colcon.colcon_core.environment:checking '/home/maninder/Music/turtlesim_project/install/my_turtle_bringup' for CMake config files
[3.014s] Level 1:colcon.colcon_core.shell:create_environment_hook('my_turtle_bringup', 'cmake_prefix_path')
[3.014s] INFO:colcon.colcon_core.shell:Creating environment hook '/home/maninder/Music/turtlesim_project/install/my_turtle_bringup/share/my_turtle_bringup/hook/cmake_prefix_path.ps1'
[3.015s] INFO:colcon.colcon_core.shell:Creating environment descriptor '/home/maninder/Music/turtlesim_project/install/my_turtle_bringup/share/my_turtle_bringup/hook/cmake_prefix_path.dsv'
[3.015s] INFO:colcon.colcon_core.shell:Creating environment hook '/home/maninder/Music/turtlesim_project/install/my_turtle_bringup/share/my_turtle_bringup/hook/cmake_prefix_path.sh'
[3.016s] Level 1:colcon.colcon_core.environment:checking '/home/maninder/Music/turtlesim_project/install/my_turtle_bringup/bin'
[3.016s] Level 1:colcon.colcon_core.environment:checking '/home/maninder/Music/turtlesim_project/install/my_turtle_bringup/lib/pkgconfig/my_turtle_bringup.pc'
[3.016s] Level 1:colcon.colcon_core.environment:checking '/home/maninder/Music/turtlesim_project/install/my_turtle_bringup/lib/python3.10/site-packages'
[3.016s] Level 1:colcon.colcon_core.environment:checking '/home/maninder/Music/turtlesim_project/install/my_turtle_bringup/bin'
[3.017s] INFO:colcon.colcon_core.shell:Creating package script '/home/maninder/Music/turtlesim_project/install/my_turtle_bringup/share/my_turtle_bringup/package.ps1'
[3.017s] INFO:colcon.colcon_core.shell:Creating package descriptor '/home/maninder/Music/turtlesim_project/install/my_turtle_bringup/share/my_turtle_bringup/package.dsv'
[3.018s] INFO:colcon.colcon_core.shell:Creating package script '/home/maninder/Music/turtlesim_project/install/my_turtle_bringup/share/my_turtle_bringup/package.sh'
[3.018s] INFO:colcon.colcon_core.shell:Creating package script '/home/maninder/Music/turtlesim_project/install/my_turtle_bringup/share/my_turtle_bringup/package.bash'
[3.019s] INFO:colcon.colcon_core.shell:Creating package script '/home/maninder/Music/turtlesim_project/install/my_turtle_bringup/share/my_turtle_bringup/package.zsh'
[3.019s] Level 1:colcon.colcon_core.environment:create_file_with_runtime_dependencies(/home/maninder/Music/turtlesim_project/install/my_turtle_bringup/share/colcon-core/packages/my_turtle_bringup)
[3.020s] DEBUG:colcon.colcon_parallel_executor.executor.parallel:closing loop
[3.020s] DEBUG:colcon.colcon_parallel_executor.executor.parallel:loop closed
[3.020s] DEBUG:colcon.colcon_parallel_executor.executor.parallel:run_until_complete finished with '0'
[3.020s] DEBUG:colcon.colcon_core.event_reactor:joining thread
[3.027s] INFO:colcon.colcon_core.plugin_system:Skipping extension 'colcon_notification.desktop_notification.terminal_notifier': Not used on non-Darwin systems
[3.027s] INFO:colcon.colcon_core.plugin_system:Skipping extension 'colcon_notification.desktop_notification.win32': Not used on non-Windows systems
[3.027s] INFO:colcon.colcon_notification.desktop_notification:Sending desktop notification using 'notify2'
[3.045s] DEBUG:colcon.colcon_core.event_reactor:joined thread
[3.045s] INFO:colcon.colcon_core.shell:Creating prefix script '/home/maninder/Music/turtlesim_project/install/local_setup.ps1'
[3.047s] INFO:colcon.colcon_core.shell:Creating prefix util module '/home/maninder/Music/turtlesim_project/install/_local_setup_util_ps1.py'
[3.049s] INFO:colcon.colcon_core.shell:Creating prefix chain script '/home/maninder/Music/turtlesim_project/install/setup.ps1'
[3.052s] INFO:colcon.colcon_core.shell:Creating prefix script '/home/maninder/Music/turtlesim_project/install/local_setup.sh'
[3.053s] INFO:colcon.colcon_core.shell:Creating prefix util module '/home/maninder/Music/turtlesim_project/install/_local_setup_util_sh.py'
[3.053s] INFO:colcon.colcon_core.shell:Creating prefix chain script '/home/maninder/Music/turtlesim_project/install/setup.sh'
[3.055s] INFO:colcon.colcon_core.shell:Creating prefix script '/home/maninder/Music/turtlesim_project/install/local_setup.bash'
[3.056s] INFO:colcon.colcon_core.shell:Creating prefix chain script '/home/maninder/Music/turtlesim_project/install/setup.bash'
[3.058s] INFO:colcon.colcon_core.shell:Creating prefix script '/home/maninder/Music/turtlesim_project/install/local_setup.zsh'
[3.058s] INFO:colcon.colcon_core.shell:Creating prefix chain script '/home/maninder/Music/turtlesim_project/install/setup.zsh'
