[0.640s] Invoking command in '/home/maninder/Music/turtlesim_project/src/my_turtle_pkg': PYTHONPATH=/home/maninder/Music/turtlesim_project/build/my_turtle_pkg/prefix_override:/home/maninder/Music/turtlesim_project/install/my_turtle_pkg/lib/python3.10/site-packages:${PYTHONPATH} /usr/bin/python3 -W ignore:setup.py install is deprecated setup.py egg_info --egg-base ../../build/my_turtle_pkg build --build-base /home/maninder/Music/turtlesim_project/build/my_turtle_pkg/build install --record /home/maninder/Music/turtlesim_project/build/my_turtle_pkg/install.log --single-version-externally-managed install_data
[0.884s] running egg_info
[0.885s] writing ../../build/my_turtle_pkg/my_turtle_pkg.egg-info/PKG-INFO
[0.885s] writing dependency_links to ../../build/my_turtle_pkg/my_turtle_pkg.egg-info/dependency_links.txt
[0.885s] writing entry points to ../../build/my_turtle_pkg/my_turtle_pkg.egg-info/entry_points.txt
[0.885s] writing requirements to ../../build/my_turtle_pkg/my_turtle_pkg.egg-info/requires.txt
[0.885s] writing top-level names to ../../build/my_turtle_pkg/my_turtle_pkg.egg-info/top_level.txt
[0.887s] reading manifest file '../../build/my_turtle_pkg/my_turtle_pkg.egg-info/SOURCES.txt'
[0.888s] writing manifest file '../../build/my_turtle_pkg/my_turtle_pkg.egg-info/SOURCES.txt'
[0.888s] running build
[0.888s] running build_py
[0.888s] copying my_turtle_pkg/turtle_catch_node.py -> /home/maninder/Music/turtlesim_project/build/my_turtle_pkg/build/lib/my_turtle_pkg
[0.888s] running install
[0.888s] running install_lib
[0.889s] copying /home/maninder/Music/turtlesim_project/build/my_turtle_pkg/build/lib/my_turtle_pkg/turtle_catch_node.py -> /home/maninder/Music/turtlesim_project/install/my_turtle_pkg/lib/python3.10/site-packages/my_turtle_pkg
[0.890s] byte-compiling /home/maninder/Music/turtlesim_project/install/my_turtle_pkg/lib/python3.10/site-packages/my_turtle_pkg/turtle_catch_node.py to turtle_catch_node.cpython-310.pyc
[0.890s] running install_data
[0.890s] running install_egg_info
[0.892s] removing '/home/maninder/Music/turtlesim_project/install/my_turtle_pkg/lib/python3.10/site-packages/my_turtle_pkg-0.0.0-py3.10.egg-info' (and everything under it)
[0.892s] Copying ../../build/my_turtle_pkg/my_turtle_pkg.egg-info to /home/maninder/Music/turtlesim_project/install/my_turtle_pkg/lib/python3.10/site-packages/my_turtle_pkg-0.0.0-py3.10.egg-info
[0.893s] running install_scripts
[0.912s] Installing turtle_catch_node script to /home/maninder/Music/turtlesim_project/install/my_turtle_pkg/lib/my_turtle_pkg
[0.912s] Installing turtle_spawn_node script to /home/maninder/Music/turtlesim_project/install/my_turtle_pkg/lib/my_turtle_pkg
[0.913s] writing list of installed files to '/home/maninder/Music/turtlesim_project/build/my_turtle_pkg/install.log'
[0.959s] Invoked command in '/home/maninder/Music/turtlesim_project/src/my_turtle_pkg' returned '0': PYTHONPATH=/home/maninder/Music/turtlesim_project/build/my_turtle_pkg/prefix_override:/home/maninder/Music/turtlesim_project/install/my_turtle_pkg/lib/python3.10/site-packages:${PYTHONPATH} /usr/bin/python3 -W ignore:setup.py install is deprecated setup.py egg_info --egg-base ../../build/my_turtle_pkg build --build-base /home/maninder/Music/turtlesim_project/build/my_turtle_pkg/build install --record /home/maninder/Music/turtlesim_project/build/my_turtle_pkg/install.log --single-version-externally-managed install_data
