[1.026s] Invoking command in '/home/maninder/Music/turtlesim_project/src/my_turtle_pkg': PYTHONPATH=/home/maninder/Music/turtlesim_project/build/my_turtle_pkg/prefix_override:/home/maninder/Music/turtlesim_project/install/my_turtle_pkg/lib/python3.10/site-packages:${PYTHONPATH} /usr/bin/python3 -W ignore:setup.py install is deprecated setup.py egg_info --egg-base ../../build/my_turtle_pkg build --build-base /home/maninder/Music/turtlesim_project/build/my_turtle_pkg/build install --record /home/maninder/Music/turtlesim_project/build/my_turtle_pkg/install.log --single-version-externally-managed install_data
[1.387s] running egg_info
[1.388s] writing ../../build/my_turtle_pkg/my_turtle_pkg.egg-info/PKG-INFO
[1.388s] writing dependency_links to ../../build/my_turtle_pkg/my_turtle_pkg.egg-info/dependency_links.txt
[1.388s] writing entry points to ../../build/my_turtle_pkg/my_turtle_pkg.egg-info/entry_points.txt
[1.388s] writing requirements to ../../build/my_turtle_pkg/my_turtle_pkg.egg-info/requires.txt
[1.389s] writing top-level names to ../../build/my_turtle_pkg/my_turtle_pkg.egg-info/top_level.txt
[1.391s] reading manifest file '../../build/my_turtle_pkg/my_turtle_pkg.egg-info/SOURCES.txt'
[1.392s] writing manifest file '../../build/my_turtle_pkg/my_turtle_pkg.egg-info/SOURCES.txt'
[1.392s] running build
[1.393s] running build_py
[1.393s] copying my_turtle_pkg/turtle_catch_node.py -> /home/maninder/Music/turtlesim_project/build/my_turtle_pkg/build/lib/my_turtle_pkg
[1.393s] running install
[1.393s] running install_lib
[1.394s] copying /home/maninder/Music/turtlesim_project/build/my_turtle_pkg/build/lib/my_turtle_pkg/turtle_catch_node.py -> /home/maninder/Music/turtlesim_project/install/my_turtle_pkg/lib/python3.10/site-packages/my_turtle_pkg
[1.395s] byte-compiling /home/maninder/Music/turtlesim_project/install/my_turtle_pkg/lib/python3.10/site-packages/my_turtle_pkg/turtle_catch_node.py to turtle_catch_node.cpython-310.pyc
[1.396s] running install_data
[1.396s] running install_egg_info
[1.398s] removing '/home/maninder/Music/turtlesim_project/install/my_turtle_pkg/lib/python3.10/site-packages/my_turtle_pkg-0.0.0-py3.10.egg-info' (and everything under it)
[1.399s] Copying ../../build/my_turtle_pkg/my_turtle_pkg.egg-info to /home/maninder/Music/turtlesim_project/install/my_turtle_pkg/lib/python3.10/site-packages/my_turtle_pkg-0.0.0-py3.10.egg-info
[1.400s] running install_scripts
[1.427s] Installing turtle_catch_node script to /home/maninder/Music/turtlesim_project/install/my_turtle_pkg/lib/my_turtle_pkg
[1.427s] Installing turtle_spawn_node script to /home/maninder/Music/turtlesim_project/install/my_turtle_pkg/lib/my_turtle_pkg
[1.428s] writing list of installed files to '/home/maninder/Music/turtlesim_project/build/my_turtle_pkg/install.log'
