[0.137s] DEBUG:colcon:Command line arguments: ['/usr/bin/colcon', 'build']
[0.137s] DEBUG:colcon:Parsed command line arguments: Namespace(log_base=None, log_level=None, verb_name='build', build_base='build', install_base='install', merge_install=False, symlink_install=False, test_result_base=None, continue_on_error=False, executor='parallel', parallel_workers=12, event_handlers=None, ignore_user_meta=False, metas=['./colcon.meta'], base_paths=['.'], packages_ignore=None, packages_ignore_regex=None, paths=None, packages_up_to=None, packages_up_to_regex=None, packages_above=None, packages_above_and_dependencies=None, packages_above_depth=None, packages_select_by_dep=None, packages_skip_by_dep=None, packages_skip_up_to=None, packages_select_build_failed=False, packages_skip_build_finished=False, packages_select_test_failures=False, packages_skip_test_passed=False, packages_select=None, packages_skip=None, packages_select_regex=None, packages_skip_regex=None, packages_start=None, packages_end=None, allow_overriding=[], cmake_args=None, cmake_target=None, cmake_target_skip_unavailable=False, cmake_clean_cache=False, cmake_clean_first=False, cmake_force_configure=False, ament_cmake_args=None, catkin_cmake_args=None, catkin_skip_building_tests=False, verb_parser=<colcon_defaults.argument_parser.defaults.DefaultArgumentsDecorator object at 0x7a2ea7e508e0>, verb_extension=<colcon_core.verb.build.BuildVerb object at 0x7a2ea7e50100>, main=<bound method BuildVerb.main of <colcon_core.verb.build.BuildVerb object at 0x7a2ea7e50100>>)
[0.387s] Level 1:colcon.colcon_core.package_discovery:discover_packages(colcon_meta) check parameters
[0.388s] Level 1:colcon.colcon_core.package_discovery:discover_packages(recursive) check parameters
[0.388s] Level 1:colcon.colcon_core.package_discovery:discover_packages(ignore) check parameters
[0.388s] Level 1:colcon.colcon_core.package_discovery:discover_packages(path) check parameters
[0.388s] Level 1:colcon.colcon_core.package_discovery:discover_packages(colcon_meta) discover
[0.388s] Level 1:colcon.colcon_core.package_discovery:discover_packages(recursive) discover
[0.388s] INFO:colcon.colcon_core.package_discovery:Crawling recursively for packages in '/home/maninder/Music/turtlesim_project'
[0.388s] Level 1:colcon.colcon_core.package_identification:_identify(.) by extensions ['ignore', 'ignore_ament_install']
[0.388s] Level 1:colcon.colcon_core.package_identification:_identify(.) by extension 'ignore'
[0.389s] Level 1:colcon.colcon_core.package_identification:_identify(.) by extension 'ignore_ament_install'
[0.389s] Level 1:colcon.colcon_core.package_identification:_identify(.) by extensions ['colcon_pkg']
[0.389s] Level 1:colcon.colcon_core.package_identification:_identify(.) by extension 'colcon_pkg'
[0.389s] Level 1:colcon.colcon_core.package_identification:_identify(.) by extensions ['colcon_meta']
[0.389s] Level 1:colcon.colcon_core.package_identification:_identify(.) by extension 'colcon_meta'
[0.389s] Level 1:colcon.colcon_core.package_identification:_identify(.) by extensions ['ros']
[0.389s] Level 1:colcon.colcon_core.package_identification:_identify(.) by extension 'ros'
[0.403s] Level 1:colcon.colcon_core.package_identification:_identify(.) by extensions ['cmake', 'python']
[0.403s] Level 1:colcon.colcon_core.package_identification:_identify(.) by extension 'cmake'
[0.404s] Level 1:colcon.colcon_core.package_identification:_identify(.) by extension 'python'
[0.404s] Level 1:colcon.colcon_core.package_identification:_identify(.) by extensions ['python_setup_py']
[0.404s] Level 1:colcon.colcon_core.package_identification:_identify(.) by extension 'python_setup_py'
[0.404s] Level 1:colcon.colcon_core.package_identification:_identify(build) by extensions ['ignore', 'ignore_ament_install']
[0.404s] Level 1:colcon.colcon_core.package_identification:_identify(build) by extension 'ignore'
[0.404s] Level 1:colcon.colcon_core.package_identification:_identify(build) ignored
[0.404s] Level 1:colcon.colcon_core.package_identification:_identify(install) by extensions ['ignore', 'ignore_ament_install']
[0.405s] Level 1:colcon.colcon_core.package_identification:_identify(install) by extension 'ignore'
[0.405s] Level 1:colcon.colcon_core.package_identification:_identify(install) ignored
[0.405s] Level 1:colcon.colcon_core.package_identification:_identify(log) by extensions ['ignore', 'ignore_ament_install']
[0.405s] Level 1:colcon.colcon_core.package_identification:_identify(log) by extension 'ignore'
[0.405s] Level 1:colcon.colcon_core.package_identification:_identify(log) ignored
[0.405s] Level 1:colcon.colcon_core.package_identification:_identify(src) by extensions ['ignore', 'ignore_ament_install']
[0.405s] Level 1:colcon.colcon_core.package_identification:_identify(src) by extension 'ignore'
[0.405s] Level 1:colcon.colcon_core.package_identification:_identify(src) by extension 'ignore_ament_install'
[0.405s] Level 1:colcon.colcon_core.package_identification:_identify(src) by extensions ['colcon_pkg']
[0.406s] Level 1:colcon.colcon_core.package_identification:_identify(src) by extension 'colcon_pkg'
[0.406s] Level 1:colcon.colcon_core.package_identification:_identify(src) by extensions ['colcon_meta']
[0.406s] Level 1:colcon.colcon_core.package_identification:_identify(src) by extension 'colcon_meta'
[0.406s] Level 1:colcon.colcon_core.package_identification:_identify(src) by extensions ['ros']
[0.406s] Level 1:colcon.colcon_core.package_identification:_identify(src) by extension 'ros'
[0.406s] Level 1:colcon.colcon_core.package_identification:_identify(src) by extensions ['cmake', 'python']
[0.406s] Level 1:colcon.colcon_core.package_identification:_identify(src) by extension 'cmake'
[0.406s] Level 1:colcon.colcon_core.package_identification:_identify(src) by extension 'python'
[0.406s] Level 1:colcon.colcon_core.package_identification:_identify(src) by extensions ['python_setup_py']
[0.406s] Level 1:colcon.colcon_core.package_identification:_identify(src) by extension 'python_setup_py'
[0.406s] Level 1:colcon.colcon_core.package_identification:_identify(src/my_turtle_bringup) by extensions ['ignore', 'ignore_ament_install']
[0.406s] Level 1:colcon.colcon_core.package_identification:_identify(src/my_turtle_bringup) by extension 'ignore'
[0.407s] Level 1:colcon.colcon_core.package_identification:_identify(src/my_turtle_bringup) by extension 'ignore_ament_install'
[0.407s] Level 1:colcon.colcon_core.package_identification:_identify(src/my_turtle_bringup) by extensions ['colcon_pkg']
[0.407s] Level 1:colcon.colcon_core.package_identification:_identify(src/my_turtle_bringup) by extension 'colcon_pkg'
[0.407s] Level 1:colcon.colcon_core.package_identification:_identify(src/my_turtle_bringup) by extensions ['colcon_meta']
[0.407s] Level 1:colcon.colcon_core.package_identification:_identify(src/my_turtle_bringup) by extension 'colcon_meta'
[0.407s] Level 1:colcon.colcon_core.package_identification:_identify(src/my_turtle_bringup) by extensions ['ros']
[0.407s] Level 1:colcon.colcon_core.package_identification:_identify(src/my_turtle_bringup) by extension 'ros'
[0.410s] DEBUG:colcon.colcon_core.package_identification:Package 'src/my_turtle_bringup' with type 'ros.ament_cmake' and name 'my_turtle_bringup'
[0.410s] Level 1:colcon.colcon_core.package_identification:_identify(src/my_turtle_interface) by extensions ['ignore', 'ignore_ament_install']
[0.410s] Level 1:colcon.colcon_core.package_identification:_identify(src/my_turtle_interface) by extension 'ignore'
[0.410s] Level 1:colcon.colcon_core.package_identification:_identify(src/my_turtle_interface) by extension 'ignore_ament_install'
[0.410s] Level 1:colcon.colcon_core.package_identification:_identify(src/my_turtle_interface) by extensions ['colcon_pkg']
[0.411s] Level 1:colcon.colcon_core.package_identification:_identify(src/my_turtle_interface) by extension 'colcon_pkg'
[0.411s] Level 1:colcon.colcon_core.package_identification:_identify(src/my_turtle_interface) by extensions ['colcon_meta']
[0.411s] Level 1:colcon.colcon_core.package_identification:_identify(src/my_turtle_interface) by extension 'colcon_meta'
[0.411s] Level 1:colcon.colcon_core.package_identification:_identify(src/my_turtle_interface) by extensions ['ros']
[0.411s] Level 1:colcon.colcon_core.package_identification:_identify(src/my_turtle_interface) by extension 'ros'
[0.411s] DEBUG:colcon.colcon_core.package_identification:Package 'src/my_turtle_interface' with type 'ros.ament_cmake' and name 'my_turtle_interface'
[0.412s] Level 1:colcon.colcon_core.package_identification:_identify(src/my_turtle_pkg) by extensions ['ignore', 'ignore_ament_install']
[0.412s] Level 1:colcon.colcon_core.package_identification:_identify(src/my_turtle_pkg) by extension 'ignore'
[0.412s] Level 1:colcon.colcon_core.package_identification:_identify(src/my_turtle_pkg) by extension 'ignore_ament_install'
[0.412s] Level 1:colcon.colcon_core.package_identification:_identify(src/my_turtle_pkg) by extensions ['colcon_pkg']
[0.412s] Level 1:colcon.colcon_core.package_identification:_identify(src/my_turtle_pkg) by extension 'colcon_pkg'
[0.412s] Level 1:colcon.colcon_core.package_identification:_identify(src/my_turtle_pkg) by extensions ['colcon_meta']
[0.412s] Level 1:colcon.colcon_core.package_identification:_identify(src/my_turtle_pkg) by extension 'colcon_meta'
[0.412s] Level 1:colcon.colcon_core.package_identification:_identify(src/my_turtle_pkg) by extensions ['ros']
[0.412s] Level 1:colcon.colcon_core.package_identification:_identify(src/my_turtle_pkg) by extension 'ros'
[0.413s] DEBUG:colcon.colcon_core.package_identification:Package 'src/my_turtle_pkg' with type 'ros.ament_python' and name 'my_turtle_pkg'
[0.413s] Level 1:colcon.colcon_core.package_discovery:discover_packages(recursive) using defaults
[0.413s] Level 1:colcon.colcon_core.package_discovery:discover_packages(ignore) discover
[0.413s] Level 1:colcon.colcon_core.package_discovery:discover_packages(ignore) using defaults
[0.414s] Level 1:colcon.colcon_core.package_discovery:discover_packages(path) discover
[0.414s] Level 1:colcon.colcon_core.package_discovery:discover_packages(path) using defaults
[0.469s] Level 1:colcon.colcon_core.package_discovery:discover_packages(prefix_path) check parameters
[0.469s] Level 1:colcon.colcon_core.package_discovery:discover_packages(prefix_path) discover
[0.471s] DEBUG:colcon.colcon_installed_package_information.package_discovery:Found 3 installed packages in /home/maninder/Music/turtlesim_project/install
[0.472s] DEBUG:colcon.colcon_installed_package_information.package_discovery:Found 4 installed packages in /home/maninder/Music/ros2_ws/install
[0.474s] DEBUG:colcon.colcon_installed_package_information.package_discovery:Found 270 installed packages in /opt/ros/humble
[0.475s] Level 1:colcon.colcon_core.package_discovery:discover_packages(prefix_path) using defaults
[0.521s] Level 5:colcon.colcon_core.verb:set package 'my_turtle_interface' build argument 'cmake_args' from command line to 'None'
[0.521s] Level 5:colcon.colcon_core.verb:set package 'my_turtle_interface' build argument 'cmake_target' from command line to 'None'
[0.521s] Level 5:colcon.colcon_core.verb:set package 'my_turtle_interface' build argument 'cmake_target_skip_unavailable' from command line to 'False'
[0.521s] Level 5:colcon.colcon_core.verb:set package 'my_turtle_interface' build argument 'cmake_clean_cache' from command line to 'False'
[0.521s] Level 5:colcon.colcon_core.verb:set package 'my_turtle_interface' build argument 'cmake_clean_first' from command line to 'False'
[0.521s] Level 5:colcon.colcon_core.verb:set package 'my_turtle_interface' build argument 'cmake_force_configure' from command line to 'False'
[0.522s] Level 5:colcon.colcon_core.verb:set package 'my_turtle_interface' build argument 'ament_cmake_args' from command line to 'None'
[0.522s] Level 5:colcon.colcon_core.verb:set package 'my_turtle_interface' build argument 'catkin_cmake_args' from command line to 'None'
[0.522s] Level 5:colcon.colcon_core.verb:set package 'my_turtle_interface' build argument 'catkin_skip_building_tests' from command line to 'False'
[0.522s] DEBUG:colcon.colcon_core.verb:Building package 'my_turtle_interface' with the following arguments: {'ament_cmake_args': None, 'build_base': '/home/maninder/Music/turtlesim_project/build/my_turtle_interface', 'catkin_cmake_args': None, 'catkin_skip_building_tests': False, 'cmake_args': None, 'cmake_clean_cache': False, 'cmake_clean_first': False, 'cmake_force_configure': False, 'cmake_target': None, 'cmake_target_skip_unavailable': False, 'install_base': '/home/maninder/Music/turtlesim_project/install/my_turtle_interface', 'merge_install': False, 'path': '/home/maninder/Music/turtlesim_project/src/my_turtle_interface', 'symlink_install': False, 'test_result_base': None}
[0.522s] Level 5:colcon.colcon_core.verb:set package 'my_turtle_pkg' build argument 'cmake_args' from command line to 'None'
[0.522s] Level 5:colcon.colcon_core.verb:set package 'my_turtle_pkg' build argument 'cmake_target' from command line to 'None'
[0.522s] Level 5:colcon.colcon_core.verb:set package 'my_turtle_pkg' build argument 'cmake_target_skip_unavailable' from command line to 'False'
[0.522s] Level 5:colcon.colcon_core.verb:set package 'my_turtle_pkg' build argument 'cmake_clean_cache' from command line to 'False'
[0.522s] Level 5:colcon.colcon_core.verb:set package 'my_turtle_pkg' build argument 'cmake_clean_first' from command line to 'False'
[0.522s] Level 5:colcon.colcon_core.verb:set package 'my_turtle_pkg' build argument 'cmake_force_configure' from command line to 'False'
[0.522s] Level 5:colcon.colcon_core.verb:set package 'my_turtle_pkg' build argument 'ament_cmake_args' from command line to 'None'
[0.523s] Level 5:colcon.colcon_core.verb:set package 'my_turtle_pkg' build argument 'catkin_cmake_args' from command line to 'None'
[0.523s] Level 5:colcon.colcon_core.verb:set package 'my_turtle_pkg' build argument 'catkin_skip_building_tests' from command line to 'False'
[0.523s] DEBUG:colcon.colcon_core.verb:Building package 'my_turtle_pkg' with the following arguments: {'ament_cmake_args': None, 'build_base': '/home/maninder/Music/turtlesim_project/build/my_turtle_pkg', 'catkin_cmake_args': None, 'catkin_skip_building_tests': False, 'cmake_args': None, 'cmake_clean_cache': False, 'cmake_clean_first': False, 'cmake_force_configure': False, 'cmake_target': None, 'cmake_target_skip_unavailable': False, 'install_base': '/home/maninder/Music/turtlesim_project/install/my_turtle_pkg', 'merge_install': False, 'path': '/home/maninder/Music/turtlesim_project/src/my_turtle_pkg', 'symlink_install': False, 'test_result_base': None}
[0.523s] Level 5:colcon.colcon_core.verb:set package 'my_turtle_bringup' build argument 'cmake_args' from command line to 'None'
[0.523s] Level 5:colcon.colcon_core.verb:set package 'my_turtle_bringup' build argument 'cmake_target' from command line to 'None'
[0.523s] Level 5:colcon.colcon_core.verb:set package 'my_turtle_bringup' build argument 'cmake_target_skip_unavailable' from command line to 'False'
[0.523s] Level 5:colcon.colcon_core.verb:set package 'my_turtle_bringup' build argument 'cmake_clean_cache' from command line to 'False'
[0.523s] Level 5:colcon.colcon_core.verb:set package 'my_turtle_bringup' build argument 'cmake_clean_first' from command line to 'False'
[0.523s] Level 5:colcon.colcon_core.verb:set package 'my_turtle_bringup' build argument 'cmake_force_configure' from command line to 'False'
[0.523s] Level 5:colcon.colcon_core.verb:set package 'my_turtle_bringup' build argument 'ament_cmake_args' from command line to 'None'
[0.523s] Level 5:colcon.colcon_core.verb:set package 'my_turtle_bringup' build argument 'catkin_cmake_args' from command line to 'None'
[0.523s] Level 5:colcon.colcon_core.verb:set package 'my_turtle_bringup' build argument 'catkin_skip_building_tests' from command line to 'False'
[0.523s] DEBUG:colcon.colcon_core.verb:Building package 'my_turtle_bringup' with the following arguments: {'ament_cmake_args': None, 'build_base': '/home/maninder/Music/turtlesim_project/build/my_turtle_bringup', 'catkin_cmake_args': None, 'catkin_skip_building_tests': False, 'cmake_args': None, 'cmake_clean_cache': False, 'cmake_clean_first': False, 'cmake_force_configure': False, 'cmake_target': None, 'cmake_target_skip_unavailable': False, 'install_base': '/home/maninder/Music/turtlesim_project/install/my_turtle_bringup', 'merge_install': False, 'path': '/home/maninder/Music/turtlesim_project/src/my_turtle_bringup', 'symlink_install': False, 'test_result_base': None}
[0.524s] INFO:colcon.colcon_core.executor:Executing jobs using 'parallel' executor
[0.525s] DEBUG:colcon.colcon_parallel_executor.executor.parallel:run_until_complete
[0.526s] INFO:colcon.colcon_ros.task.ament_cmake.build:Building ROS package in '/home/maninder/Music/turtlesim_project/src/my_turtle_interface' with build type 'ament_cmake'
[0.526s] INFO:colcon.colcon_cmake.task.cmake.build:Building CMake package in '/home/maninder/Music/turtlesim_project/src/my_turtle_interface'
[0.529s] INFO:colcon.colcon_core.plugin_system:Skipping extension 'colcon_core.shell.bat': Not used on non-Windows systems
[0.529s] INFO:colcon.colcon_core.shell:Skip shell extension 'powershell' for command environment: Not usable outside of PowerShell
[0.529s] DEBUG:colcon.colcon_core.shell:Skip shell extension 'dsv' for command environment
[0.548s] DEBUG:colcon.colcon_core.event_handler.log_command:Invoking command in '/home/maninder/Music/turtlesim_project/build/my_turtle_interface': CMAKE_PREFIX_PATH=${CMAKE_PREFIX_PATH}:/home/maninder/Music/turtlesim_project/install/my_turtle_pkg:/home/maninder/Music/ros2_ws/install/my_py_pkg:/opt/ros/humble /usr/bin/cmake --build /home/maninder/Music/turtlesim_project/build/my_turtle_interface -- -j12 -l12
[0.643s] DEBUG:colcon.colcon_core.event_handler.log_command:Invoked command in '/home/maninder/Music/turtlesim_project/build/my_turtle_interface' returned '2': CMAKE_PREFIX_PATH=${CMAKE_PREFIX_PATH}:/home/maninder/Music/turtlesim_project/install/my_turtle_pkg:/home/maninder/Music/ros2_ws/install/my_py_pkg:/opt/ros/humble /usr/bin/cmake --build /home/maninder/Music/turtlesim_project/build/my_turtle_interface -- -j12 -l12
[0.781s] Level 1:colcon.colcon_core.environment:create_environment_scripts_only(my_turtle_interface)
[0.784s] Level 1:colcon.colcon_core.environment:checking '/home/maninder/Music/turtlesim_project/install/my_turtle_interface' for CMake module files
[0.785s] Level 1:colcon.colcon_core.environment:checking '/home/maninder/Music/turtlesim_project/install/my_turtle_interface' for CMake config files
[0.786s] Level 1:colcon.colcon_core.shell:create_environment_hook('my_turtle_interface', 'cmake_prefix_path')
[0.786s] INFO:colcon.colcon_core.shell:Creating environment hook '/home/maninder/Music/turtlesim_project/install/my_turtle_interface/share/my_turtle_interface/hook/cmake_prefix_path.ps1'
[0.787s] INFO:colcon.colcon_core.shell:Creating environment descriptor '/home/maninder/Music/turtlesim_project/install/my_turtle_interface/share/my_turtle_interface/hook/cmake_prefix_path.dsv'
[0.788s] INFO:colcon.colcon_core.shell:Creating environment hook '/home/maninder/Music/turtlesim_project/install/my_turtle_interface/share/my_turtle_interface/hook/cmake_prefix_path.sh'
[0.789s] Level 1:colcon.colcon_core.environment:checking '/home/maninder/Music/turtlesim_project/install/my_turtle_interface/lib'
[0.789s] Level 1:colcon.colcon_core.shell:create_environment_hook('my_turtle_interface', 'ld_library_path_lib')
[0.789s] INFO:colcon.colcon_core.shell:Creating environment hook '/home/maninder/Music/turtlesim_project/install/my_turtle_interface/share/my_turtle_interface/hook/ld_library_path_lib.ps1'
[0.790s] INFO:colcon.colcon_core.shell:Creating environment descriptor '/home/maninder/Music/turtlesim_project/install/my_turtle_interface/share/my_turtle_interface/hook/ld_library_path_lib.dsv'
[0.790s] INFO:colcon.colcon_core.shell:Creating environment hook '/home/maninder/Music/turtlesim_project/install/my_turtle_interface/share/my_turtle_interface/hook/ld_library_path_lib.sh'
[0.791s] Level 1:colcon.colcon_core.environment:checking '/home/maninder/Music/turtlesim_project/install/my_turtle_interface/bin'
[0.791s] Level 1:colcon.colcon_core.environment:checking '/home/maninder/Music/turtlesim_project/install/my_turtle_interface/lib/pkgconfig/my_turtle_interface.pc'
[0.791s] Level 1:colcon.colcon_core.environment:checking '/home/maninder/Music/turtlesim_project/install/my_turtle_interface/lib/python3.10/site-packages'
[0.791s] Level 1:colcon.colcon_core.environment:checking '/home/maninder/Music/turtlesim_project/install/my_turtle_interface/bin'
[0.792s] INFO:colcon.colcon_core.shell:Creating package script '/home/maninder/Music/turtlesim_project/install/my_turtle_interface/share/my_turtle_interface/package.ps1'
[0.793s] INFO:colcon.colcon_core.shell:Creating package descriptor '/home/maninder/Music/turtlesim_project/install/my_turtle_interface/share/my_turtle_interface/package.dsv'
[0.793s] INFO:colcon.colcon_core.shell:Creating package script '/home/maninder/Music/turtlesim_project/install/my_turtle_interface/share/my_turtle_interface/package.sh'
[0.794s] INFO:colcon.colcon_core.shell:Creating package script '/home/maninder/Music/turtlesim_project/install/my_turtle_interface/share/my_turtle_interface/package.bash'
[0.795s] INFO:colcon.colcon_core.shell:Creating package script '/home/maninder/Music/turtlesim_project/install/my_turtle_interface/share/my_turtle_interface/package.zsh'
[0.796s] Level 1:colcon.colcon_core.environment:create_file_with_runtime_dependencies(/home/maninder/Music/turtlesim_project/install/my_turtle_interface/share/colcon-core/packages/my_turtle_interface)
[0.807s] DEBUG:colcon.colcon_parallel_executor.executor.parallel:closing loop
[0.807s] DEBUG:colcon.colcon_parallel_executor.executor.parallel:loop closed
[0.807s] DEBUG:colcon.colcon_parallel_executor.executor.parallel:run_until_complete finished with '2'
[0.807s] DEBUG:colcon.colcon_core.event_reactor:joining thread
[0.816s] INFO:colcon.colcon_core.plugin_system:Skipping extension 'colcon_notification.desktop_notification.terminal_notifier': Not used on non-Darwin systems
[0.816s] INFO:colcon.colcon_core.plugin_system:Skipping extension 'colcon_notification.desktop_notification.win32': Not used on non-Windows systems
[0.816s] INFO:colcon.colcon_notification.desktop_notification:Sending desktop notification using 'notify2'
[0.839s] DEBUG:colcon.colcon_core.event_reactor:joined thread
[0.840s] INFO:colcon.colcon_core.shell:Creating prefix script '/home/maninder/Music/turtlesim_project/install/local_setup.ps1'
[0.841s] INFO:colcon.colcon_core.shell:Creating prefix util module '/home/maninder/Music/turtlesim_project/install/_local_setup_util_ps1.py'
[0.843s] INFO:colcon.colcon_core.shell:Creating prefix chain script '/home/maninder/Music/turtlesim_project/install/setup.ps1'
[0.846s] INFO:colcon.colcon_core.shell:Creating prefix script '/home/maninder/Music/turtlesim_project/install/local_setup.sh'
[0.847s] INFO:colcon.colcon_core.shell:Creating prefix util module '/home/maninder/Music/turtlesim_project/install/_local_setup_util_sh.py'
[0.848s] INFO:colcon.colcon_core.shell:Creating prefix chain script '/home/maninder/Music/turtlesim_project/install/setup.sh'
[0.850s] INFO:colcon.colcon_core.shell:Creating prefix script '/home/maninder/Music/turtlesim_project/install/local_setup.bash'
[0.851s] INFO:colcon.colcon_core.shell:Creating prefix chain script '/home/maninder/Music/turtlesim_project/install/setup.bash'
[0.852s] INFO:colcon.colcon_core.shell:Creating prefix script '/home/maninder/Music/turtlesim_project/install/local_setup.zsh'
[0.853s] INFO:colcon.colcon_core.shell:Creating prefix chain script '/home/maninder/Music/turtlesim_project/install/setup.zsh'
