[0.020s] Invoking command in '/home/maninder/Music/turtlesim_project/build/my_turtle_interface': CMAKE_PREFIX_PATH=${CMAKE_PREFIX_PATH}:/home/maninder/Music/turtlesim_project/install/my_turtle_pkg:/home/maninder/Music/ros2_ws/install/my_py_pkg:/opt/ros/humble /usr/bin/cmake --build /home/maninder/Music/turtlesim_project/build/my_turtle_interface -- -j12 -l12
[0.107s] [  3%] Built target my_turtle_interface__cpp
[0.107s] [ 12%] Built target my_turtle_interface__rosidl_generator_c
[0.125s] [ 12%] Built target ament_cmake_python_copy_my_turtle_interface
[0.147s] [ 22%] Built target my_turtle_interface__rosidl_typesupport_fastrtps_cpp
[0.150s] [ 35%] Built target my_turtle_interface__rosidl_typesupport_cpp
[0.150s] [ 41%] Built target my_turtle_interface__rosidl_typesupport_introspection_cpp
[0.167s] [ 51%] Built target my_turtle_interface__rosidl_typesupport_fastrtps_c
[0.168s] [ 61%] Built target my_turtle_interface__rosidl_typesupport_introspection_c
[0.172s] [ 70%] Built target my_turtle_interface__rosidl_typesupport_c
[0.210s] [ 70%] Built target my_turtle_interface
[0.248s] [ 74%] Built target my_turtle_interface__py
[0.288s] [ 80%] Built target my_turtle_interface__rosidl_generator_py
[0.327s] [ 93%] Built target my_turtle_interface__rosidl_typesupport_c__pyext
[0.327s] [ 93%] Built target my_turtle_interface__rosidl_typesupport_fastrtps_c__pyext
[0.331s] [100%] Built target my_turtle_interface__rosidl_typesupport_introspection_c__pyext
[0.502s] running egg_info
[0.503s] writing my_turtle_interface.egg-info/PKG-INFO
[0.504s] writing dependency_links to my_turtle_interface.egg-info/dependency_links.txt
[0.504s] writing top-level names to my_turtle_interface.egg-info/top_level.txt
[0.507s] reading manifest file 'my_turtle_interface.egg-info/SOURCES.txt'
[0.508s] writing manifest file 'my_turtle_interface.egg-info/SOURCES.txt'
[0.564s] [100%] Built target ament_cmake_python_build_my_turtle_interface_egg
[0.585s] Invoked command in '/home/maninder/Music/turtlesim_project/build/my_turtle_interface' returned '0': CMAKE_PREFIX_PATH=${CMAKE_PREFIX_PATH}:/home/maninder/Music/turtlesim_project/install/my_turtle_pkg:/home/maninder/Music/ros2_ws/install/my_py_pkg:/opt/ros/humble /usr/bin/cmake --build /home/maninder/Music/turtlesim_project/build/my_turtle_interface -- -j12 -l12
[0.717s] Invoking command in '/home/maninder/Music/turtlesim_project/build/my_turtle_interface': CMAKE_PREFIX_PATH=${CMAKE_PREFIX_PATH}:/home/maninder/Music/turtlesim_project/install/my_turtle_pkg:/home/maninder/Music/ros2_ws/install/my_py_pkg:/opt/ros/humble /usr/bin/cmake --install /home/maninder/Music/turtlesim_project/build/my_turtle_interface
[0.729s] -- Install configuration: ""
[0.730s] -- Up-to-date: /home/maninder/Music/turtlesim_project/install/my_turtle_interface/share/ament_index/resource_index/rosidl_interfaces/my_turtle_interface
[0.730s] -- Up-to-date: /home/maninder/Music/turtlesim_project/install/my_turtle_interface/include/my_turtle_interface/my_turtle_interface
[0.730s] -- Up-to-date: /home/maninder/Music/turtlesim_project/install/my_turtle_interface/include/my_turtle_interface/my_turtle_interface/msg
[0.730s] -- Up-to-date: /home/maninder/Music/turtlesim_project/install/my_turtle_interface/include/my_turtle_interface/my_turtle_interface/msg/detail
[0.730s] -- Up-to-date: /home/maninder/Music/turtlesim_project/install/my_turtle_interface/include/my_turtle_interface/my_turtle_interface/msg/detail/turtle_spawn_info__struct.h
[0.730s] -- Up-to-date: /home/maninder/Music/turtlesim_project/install/my_turtle_interface/include/my_turtle_interface/my_turtle_interface/msg/detail/turtle_spawn_info__functions.h
[0.730s] -- Up-to-date: /home/maninder/Music/turtlesim_project/install/my_turtle_interface/include/my_turtle_interface/my_turtle_interface/msg/detail/turtle_spawn_info__type_support.h
[0.730s] -- Up-to-date: /home/maninder/Music/turtlesim_project/install/my_turtle_interface/include/my_turtle_interface/my_turtle_interface/msg/detail/turtle_spawn_info__functions.c
[0.731s] -- Up-to-date: /home/maninder/Music/turtlesim_project/install/my_turtle_interface/include/my_turtle_interface/my_turtle_interface/msg/rosidl_generator_c__visibility_control.h
[0.731s] -- Up-to-date: /home/maninder/Music/turtlesim_project/install/my_turtle_interface/include/my_turtle_interface/my_turtle_interface/msg/turtle_spawn_info.h
[0.731s] -- Up-to-date: /home/maninder/Music/turtlesim_project/install/my_turtle_interface/share/my_turtle_interface/environment/library_path.sh
[0.731s] -- Up-to-date: /home/maninder/Music/turtlesim_project/install/my_turtle_interface/share/my_turtle_interface/environment/library_path.dsv
[0.731s] -- Up-to-date: /home/maninder/Music/turtlesim_project/install/my_turtle_interface/lib/libmy_turtle_interface__rosidl_generator_c.so
[0.731s] -- Up-to-date: /home/maninder/Music/turtlesim_project/install/my_turtle_interface/include/my_turtle_interface/my_turtle_interface
[0.731s] -- Up-to-date: /home/maninder/Music/turtlesim_project/install/my_turtle_interface/include/my_turtle_interface/my_turtle_interface/msg
[0.731s] -- Up-to-date: /home/maninder/Music/turtlesim_project/install/my_turtle_interface/include/my_turtle_interface/my_turtle_interface/msg/detail
[0.731s] -- Up-to-date: /home/maninder/Music/turtlesim_project/install/my_turtle_interface/include/my_turtle_interface/my_turtle_interface/msg/detail/turtle_spawn_info__rosidl_typesupport_fastrtps_c.h
[0.732s] -- Up-to-date: /home/maninder/Music/turtlesim_project/install/my_turtle_interface/include/my_turtle_interface/my_turtle_interface/msg/rosidl_typesupport_fastrtps_c__visibility_control.h
[0.732s] -- Up-to-date: /home/maninder/Music/turtlesim_project/install/my_turtle_interface/lib/libmy_turtle_interface__rosidl_typesupport_fastrtps_c.so
[0.732s] -- Up-to-date: /home/maninder/Music/turtlesim_project/install/my_turtle_interface/include/my_turtle_interface/my_turtle_interface
[0.732s] -- Up-to-date: /home/maninder/Music/turtlesim_project/install/my_turtle_interface/include/my_turtle_interface/my_turtle_interface/msg
[0.732s] -- Up-to-date: /home/maninder/Music/turtlesim_project/install/my_turtle_interface/include/my_turtle_interface/my_turtle_interface/msg/detail
[0.732s] -- Up-to-date: /home/maninder/Music/turtlesim_project/install/my_turtle_interface/include/my_turtle_interface/my_turtle_interface/msg/detail/turtle_spawn_info__rosidl_typesupport_introspection_c.h
[0.732s] -- Up-to-date: /home/maninder/Music/turtlesim_project/install/my_turtle_interface/include/my_turtle_interface/my_turtle_interface/msg/detail/turtle_spawn_info__type_support.c
[0.733s] -- Up-to-date: /home/maninder/Music/turtlesim_project/install/my_turtle_interface/include/my_turtle_interface/my_turtle_interface/msg/rosidl_typesupport_introspection_c__visibility_control.h
[0.733s] -- Up-to-date: /home/maninder/Music/turtlesim_project/install/my_turtle_interface/lib/libmy_turtle_interface__rosidl_typesupport_introspection_c.so
[0.733s] -- Up-to-date: /home/maninder/Music/turtlesim_project/install/my_turtle_interface/lib/libmy_turtle_interface__rosidl_typesupport_c.so
[0.733s] -- Up-to-date: /home/maninder/Music/turtlesim_project/install/my_turtle_interface/include/my_turtle_interface/my_turtle_interface
[0.733s] -- Up-to-date: /home/maninder/Music/turtlesim_project/install/my_turtle_interface/include/my_turtle_interface/my_turtle_interface/msg
[0.733s] -- Up-to-date: /home/maninder/Music/turtlesim_project/install/my_turtle_interface/include/my_turtle_interface/my_turtle_interface/msg/detail
[0.733s] -- Up-to-date: /home/maninder/Music/turtlesim_project/install/my_turtle_interface/include/my_turtle_interface/my_turtle_interface/msg/detail/turtle_spawn_info__builder.hpp
[0.733s] -- Up-to-date: /home/maninder/Music/turtlesim_project/install/my_turtle_interface/include/my_turtle_interface/my_turtle_interface/msg/detail/turtle_spawn_info__struct.hpp
[0.734s] -- Up-to-date: /home/maninder/Music/turtlesim_project/install/my_turtle_interface/include/my_turtle_interface/my_turtle_interface/msg/detail/turtle_spawn_info__traits.hpp
[0.734s] -- Up-to-date: /home/maninder/Music/turtlesim_project/install/my_turtle_interface/include/my_turtle_interface/my_turtle_interface/msg/turtle_spawn_info.hpp
[0.734s] -- Up-to-date: /home/maninder/Music/turtlesim_project/install/my_turtle_interface/include/my_turtle_interface/my_turtle_interface
[0.734s] -- Up-to-date: /home/maninder/Music/turtlesim_project/install/my_turtle_interface/include/my_turtle_interface/my_turtle_interface/msg
[0.734s] -- Up-to-date: /home/maninder/Music/turtlesim_project/install/my_turtle_interface/include/my_turtle_interface/my_turtle_interface/msg/detail
[0.734s] -- Up-to-date: /home/maninder/Music/turtlesim_project/install/my_turtle_interface/include/my_turtle_interface/my_turtle_interface/msg/detail/dds_fastrtps
[0.734s] -- Up-to-date: /home/maninder/Music/turtlesim_project/install/my_turtle_interface/include/my_turtle_interface/my_turtle_interface/msg/detail/turtle_spawn_info__rosidl_typesupport_fastrtps_cpp.hpp
[0.735s] -- Up-to-date: /home/maninder/Music/turtlesim_project/install/my_turtle_interface/include/my_turtle_interface/my_turtle_interface/msg/rosidl_typesupport_fastrtps_cpp__visibility_control.h
[0.735s] -- Up-to-date: /home/maninder/Music/turtlesim_project/install/my_turtle_interface/lib/libmy_turtle_interface__rosidl_typesupport_fastrtps_cpp.so
[0.735s] -- Up-to-date: /home/maninder/Music/turtlesim_project/install/my_turtle_interface/include/my_turtle_interface/my_turtle_interface
[0.735s] -- Up-to-date: /home/maninder/Music/turtlesim_project/install/my_turtle_interface/include/my_turtle_interface/my_turtle_interface/msg
[0.735s] -- Up-to-date: /home/maninder/Music/turtlesim_project/install/my_turtle_interface/include/my_turtle_interface/my_turtle_interface/msg/detail
[0.735s] -- Up-to-date: /home/maninder/Music/turtlesim_project/install/my_turtle_interface/include/my_turtle_interface/my_turtle_interface/msg/detail/turtle_spawn_info__type_support.cpp
[0.735s] -- Up-to-date: /home/maninder/Music/turtlesim_project/install/my_turtle_interface/include/my_turtle_interface/my_turtle_interface/msg/detail/turtle_spawn_info__rosidl_typesupport_introspection_cpp.hpp
[0.735s] -- Up-to-date: /home/maninder/Music/turtlesim_project/install/my_turtle_interface/lib/libmy_turtle_interface__rosidl_typesupport_introspection_cpp.so
[0.735s] -- Up-to-date: /home/maninder/Music/turtlesim_project/install/my_turtle_interface/lib/libmy_turtle_interface__rosidl_typesupport_cpp.so
[0.736s] -- Up-to-date: /home/maninder/Music/turtlesim_project/install/my_turtle_interface/share/my_turtle_interface/environment/pythonpath.sh
[0.736s] -- Up-to-date: /home/maninder/Music/turtlesim_project/install/my_turtle_interface/share/my_turtle_interface/environment/pythonpath.dsv
[0.736s] -- Up-to-date: /home/maninder/Music/turtlesim_project/install/my_turtle_interface/local/lib/python3.10/dist-packages/my_turtle_interface-0.0.0-py3.10.egg-info
[0.736s] -- Installing: /home/maninder/Music/turtlesim_project/install/my_turtle_interface/local/lib/python3.10/dist-packages/my_turtle_interface-0.0.0-py3.10.egg-info/PKG-INFO
[0.736s] -- Installing: /home/maninder/Music/turtlesim_project/install/my_turtle_interface/local/lib/python3.10/dist-packages/my_turtle_interface-0.0.0-py3.10.egg-info/dependency_links.txt
[0.736s] -- Installing: /home/maninder/Music/turtlesim_project/install/my_turtle_interface/local/lib/python3.10/dist-packages/my_turtle_interface-0.0.0-py3.10.egg-info/top_level.txt
[0.737s] -- Installing: /home/maninder/Music/turtlesim_project/install/my_turtle_interface/local/lib/python3.10/dist-packages/my_turtle_interface-0.0.0-py3.10.egg-info/SOURCES.txt
[0.737s] -- Up-to-date: /home/maninder/Music/turtlesim_project/install/my_turtle_interface/local/lib/python3.10/dist-packages/my_turtle_interface
[0.737s] -- Up-to-date: /home/maninder/Music/turtlesim_project/install/my_turtle_interface/local/lib/python3.10/dist-packages/my_turtle_interface/__init__.py
[0.738s] -- Up-to-date: /home/maninder/Music/turtlesim_project/install/my_turtle_interface/local/lib/python3.10/dist-packages/my_turtle_interface/my_turtle_interface_s__rosidl_typesupport_c.cpython-310-x86_64-linux-gnu.so
[0.738s] -- Up-to-date: /home/maninder/Music/turtlesim_project/install/my_turtle_interface/local/lib/python3.10/dist-packages/my_turtle_interface/msg
[0.738s] -- Up-to-date: /home/maninder/Music/turtlesim_project/install/my_turtle_interface/local/lib/python3.10/dist-packages/my_turtle_interface/msg/__init__.py
[0.738s] -- Up-to-date: /home/maninder/Music/turtlesim_project/install/my_turtle_interface/local/lib/python3.10/dist-packages/my_turtle_interface/msg/_turtle_spawn_info_s.c
[0.738s] -- Up-to-date: /home/maninder/Music/turtlesim_project/install/my_turtle_interface/local/lib/python3.10/dist-packages/my_turtle_interface/msg/_turtle_spawn_info.py
[0.738s] -- Up-to-date: /home/maninder/Music/turtlesim_project/install/my_turtle_interface/local/lib/python3.10/dist-packages/my_turtle_interface/_my_turtle_interface_s.ep.rosidl_typesupport_introspection_c.c
[0.738s] -- Up-to-date: /home/maninder/Music/turtlesim_project/install/my_turtle_interface/local/lib/python3.10/dist-packages/my_turtle_interface/libmy_turtle_interface__rosidl_generator_py.so
[0.738s] -- Up-to-date: /home/maninder/Music/turtlesim_project/install/my_turtle_interface/local/lib/python3.10/dist-packages/my_turtle_interface/my_turtle_interface_s__rosidl_typesupport_fastrtps_c.cpython-310-x86_64-linux-gnu.so
[0.739s] -- Up-to-date: /home/maninder/Music/turtlesim_project/install/my_turtle_interface/local/lib/python3.10/dist-packages/my_turtle_interface/my_turtle_interface_s__rosidl_typesupport_introspection_c.cpython-310-x86_64-linux-gnu.so
[0.739s] -- Up-to-date: /home/maninder/Music/turtlesim_project/install/my_turtle_interface/local/lib/python3.10/dist-packages/my_turtle_interface/_my_turtle_interface_s.ep.rosidl_typesupport_c.c
[0.739s] -- Up-to-date: /home/maninder/Music/turtlesim_project/install/my_turtle_interface/local/lib/python3.10/dist-packages/my_turtle_interface/_my_turtle_interface_s.ep.rosidl_typesupport_fastrtps_c.c
[0.780s] Listing '/home/maninder/Music/turtlesim_project/install/my_turtle_interface/local/lib/python3.10/dist-packages/my_turtle_interface'...
[0.781s] Listing '/home/maninder/Music/turtlesim_project/install/my_turtle_interface/local/lib/python3.10/dist-packages/my_turtle_interface/msg'...
[0.788s] -- Up-to-date: /home/maninder/Music/turtlesim_project/install/my_turtle_interface/local/lib/python3.10/dist-packages/my_turtle_interface/my_turtle_interface_s__rosidl_typesupport_fastrtps_c.cpython-310-x86_64-linux-gnu.so
[0.789s] -- Up-to-date: /home/maninder/Music/turtlesim_project/install/my_turtle_interface/local/lib/python3.10/dist-packages/my_turtle_interface/my_turtle_interface_s__rosidl_typesupport_introspection_c.cpython-310-x86_64-linux-gnu.so
[0.790s] -- Up-to-date: /home/maninder/Music/turtlesim_project/install/my_turtle_interface/local/lib/python3.10/dist-packages/my_turtle_interface/my_turtle_interface_s__rosidl_typesupport_c.cpython-310-x86_64-linux-gnu.so
[0.790s] -- Up-to-date: /home/maninder/Music/turtlesim_project/install/my_turtle_interface/lib/libmy_turtle_interface__rosidl_generator_py.so
[0.791s] -- Up-to-date: /home/maninder/Music/turtlesim_project/install/my_turtle_interface/share/my_turtle_interface/msg/TurtleSpawnInfo.idl
[0.791s] -- Up-to-date: /home/maninder/Music/turtlesim_project/install/my_turtle_interface/share/my_turtle_interface/msg/TurtleSpawnInfo.msg
[0.791s] -- Up-to-date: /home/maninder/Music/turtlesim_project/install/my_turtle_interface/share/ament_index/resource_index/package_run_dependencies/my_turtle_interface
[0.791s] -- Up-to-date: /home/maninder/Music/turtlesim_project/install/my_turtle_interface/share/ament_index/resource_index/parent_prefix_path/my_turtle_interface
[0.791s] -- Up-to-date: /home/maninder/Music/turtlesim_project/install/my_turtle_interface/share/my_turtle_interface/environment/ament_prefix_path.sh
[0.791s] -- Up-to-date: /home/maninder/Music/turtlesim_project/install/my_turtle_interface/share/my_turtle_interface/environment/ament_prefix_path.dsv
[0.791s] -- Up-to-date: /home/maninder/Music/turtlesim_project/install/my_turtle_interface/share/my_turtle_interface/environment/path.sh
[0.791s] -- Up-to-date: /home/maninder/Music/turtlesim_project/install/my_turtle_interface/share/my_turtle_interface/environment/path.dsv
[0.792s] -- Up-to-date: /home/maninder/Music/turtlesim_project/install/my_turtle_interface/share/my_turtle_interface/local_setup.bash
[0.792s] -- Up-to-date: /home/maninder/Music/turtlesim_project/install/my_turtle_interface/share/my_turtle_interface/local_setup.sh
[0.792s] -- Up-to-date: /home/maninder/Music/turtlesim_project/install/my_turtle_interface/share/my_turtle_interface/local_setup.zsh
[0.792s] -- Up-to-date: /home/maninder/Music/turtlesim_project/install/my_turtle_interface/share/my_turtle_interface/local_setup.dsv
[0.792s] -- Installing: /home/maninder/Music/turtlesim_project/install/my_turtle_interface/share/my_turtle_interface/package.dsv
[0.792s] -- Up-to-date: /home/maninder/Music/turtlesim_project/install/my_turtle_interface/share/ament_index/resource_index/packages/my_turtle_interface
[0.792s] -- Up-to-date: /home/maninder/Music/turtlesim_project/install/my_turtle_interface/share/my_turtle_interface/cmake/export_my_turtle_interface__rosidl_generator_cExport.cmake
[0.793s] -- Up-to-date: /home/maninder/Music/turtlesim_project/install/my_turtle_interface/share/my_turtle_interface/cmake/export_my_turtle_interface__rosidl_generator_cExport-noconfig.cmake
[0.793s] -- Up-to-date: /home/maninder/Music/turtlesim_project/install/my_turtle_interface/share/my_turtle_interface/cmake/export_my_turtle_interface__rosidl_typesupport_fastrtps_cExport.cmake
[0.793s] -- Up-to-date: /home/maninder/Music/turtlesim_project/install/my_turtle_interface/share/my_turtle_interface/cmake/export_my_turtle_interface__rosidl_typesupport_fastrtps_cExport-noconfig.cmake
[0.793s] -- Up-to-date: /home/maninder/Music/turtlesim_project/install/my_turtle_interface/share/my_turtle_interface/cmake/my_turtle_interface__rosidl_typesupport_introspection_cExport.cmake
[0.793s] -- Up-to-date: /home/maninder/Music/turtlesim_project/install/my_turtle_interface/share/my_turtle_interface/cmake/my_turtle_interface__rosidl_typesupport_introspection_cExport-noconfig.cmake
[0.793s] -- Up-to-date: /home/maninder/Music/turtlesim_project/install/my_turtle_interface/share/my_turtle_interface/cmake/my_turtle_interface__rosidl_typesupport_cExport.cmake
[0.793s] -- Up-to-date: /home/maninder/Music/turtlesim_project/install/my_turtle_interface/share/my_turtle_interface/cmake/my_turtle_interface__rosidl_typesupport_cExport-noconfig.cmake
[0.793s] -- Up-to-date: /home/maninder/Music/turtlesim_project/install/my_turtle_interface/share/my_turtle_interface/cmake/export_my_turtle_interface__rosidl_generator_cppExport.cmake
[0.794s] -- Up-to-date: /home/maninder/Music/turtlesim_project/install/my_turtle_interface/share/my_turtle_interface/cmake/export_my_turtle_interface__rosidl_typesupport_fastrtps_cppExport.cmake
[0.794s] -- Up-to-date: /home/maninder/Music/turtlesim_project/install/my_turtle_interface/share/my_turtle_interface/cmake/export_my_turtle_interface__rosidl_typesupport_fastrtps_cppExport-noconfig.cmake
[0.794s] -- Up-to-date: /home/maninder/Music/turtlesim_project/install/my_turtle_interface/share/my_turtle_interface/cmake/my_turtle_interface__rosidl_typesupport_introspection_cppExport.cmake
[0.794s] -- Up-to-date: /home/maninder/Music/turtlesim_project/install/my_turtle_interface/share/my_turtle_interface/cmake/my_turtle_interface__rosidl_typesupport_introspection_cppExport-noconfig.cmake
[0.794s] -- Up-to-date: /home/maninder/Music/turtlesim_project/install/my_turtle_interface/share/my_turtle_interface/cmake/my_turtle_interface__rosidl_typesupport_cppExport.cmake
[0.794s] -- Up-to-date: /home/maninder/Music/turtlesim_project/install/my_turtle_interface/share/my_turtle_interface/cmake/my_turtle_interface__rosidl_typesupport_cppExport-noconfig.cmake
[0.794s] -- Up-to-date: /home/maninder/Music/turtlesim_project/install/my_turtle_interface/share/my_turtle_interface/cmake/export_my_turtle_interface__rosidl_generator_pyExport.cmake
[0.794s] -- Up-to-date: /home/maninder/Music/turtlesim_project/install/my_turtle_interface/share/my_turtle_interface/cmake/export_my_turtle_interface__rosidl_generator_pyExport-noconfig.cmake
[0.795s] -- Up-to-date: /home/maninder/Music/turtlesim_project/install/my_turtle_interface/share/my_turtle_interface/cmake/rosidl_cmake-extras.cmake
[0.795s] -- Up-to-date: /home/maninder/Music/turtlesim_project/install/my_turtle_interface/share/my_turtle_interface/cmake/ament_cmake_export_include_directories-extras.cmake
[0.795s] -- Up-to-date: /home/maninder/Music/turtlesim_project/install/my_turtle_interface/share/my_turtle_interface/cmake/ament_cmake_export_libraries-extras.cmake
[0.795s] -- Up-to-date: /home/maninder/Music/turtlesim_project/install/my_turtle_interface/share/my_turtle_interface/cmake/ament_cmake_export_targets-extras.cmake
[0.795s] -- Up-to-date: /home/maninder/Music/turtlesim_project/install/my_turtle_interface/share/my_turtle_interface/cmake/rosidl_cmake_export_typesupport_targets-extras.cmake
[0.795s] -- Up-to-date: /home/maninder/Music/turtlesim_project/install/my_turtle_interface/share/my_turtle_interface/cmake/ament_cmake_export_dependencies-extras.cmake
[0.795s] -- Up-to-date: /home/maninder/Music/turtlesim_project/install/my_turtle_interface/share/my_turtle_interface/cmake/rosidl_cmake_export_typesupport_libraries-extras.cmake
[0.795s] -- Up-to-date: /home/maninder/Music/turtlesim_project/install/my_turtle_interface/share/my_turtle_interface/cmake/my_turtle_interfaceConfig.cmake
[0.795s] -- Up-to-date: /home/maninder/Music/turtlesim_project/install/my_turtle_interface/share/my_turtle_interface/cmake/my_turtle_interfaceConfig-version.cmake
[0.796s] -- Up-to-date: /home/maninder/Music/turtlesim_project/install/my_turtle_interface/share/my_turtle_interface/package.xml
[0.799s] Invoked command in '/home/maninder/Music/turtlesim_project/build/my_turtle_interface' returned '0': CMAKE_PREFIX_PATH=${CMAKE_PREFIX_PATH}:/home/maninder/Music/turtlesim_project/install/my_turtle_pkg:/home/maninder/Music/ros2_ws/install/my_py_pkg:/opt/ros/humble /usr/bin/cmake --install /home/maninder/Music/turtlesim_project/build/my_turtle_interface
