[0.654s] Invoking command in '/home/maninder/Music/turtlesim_project/src/my_turtle_pkg': PYTHONPATH=/home/maninder/Music/turtlesim_project/build/my_turtle_pkg/prefix_override:/home/maninder/Music/turtlesim_project/install/my_turtle_pkg/lib/python3.10/site-packages:${PYTHONPATH} /usr/bin/python3 -W ignore:setup.py install is deprecated setup.py egg_info --egg-base ../../build/my_turtle_pkg build --build-base /home/maninder/Music/turtlesim_project/build/my_turtle_pkg/build install --record /home/maninder/Music/turtlesim_project/build/my_turtle_pkg/install.log --single-version-externally-managed install_data
[0.901s] running egg_info
[0.901s] writing ../../build/my_turtle_pkg/my_turtle_pkg.egg-info/PKG-INFO
[0.901s] writing dependency_links to ../../build/my_turtle_pkg/my_turtle_pkg.egg-info/dependency_links.txt
[0.901s] writing entry points to ../../build/my_turtle_pkg/my_turtle_pkg.egg-info/entry_points.txt
[0.901s] writing requirements to ../../build/my_turtle_pkg/my_turtle_pkg.egg-info/requires.txt
[0.901s] writing top-level names to ../../build/my_turtle_pkg/my_turtle_pkg.egg-info/top_level.txt
[0.903s] reading manifest file '../../build/my_turtle_pkg/my_turtle_pkg.egg-info/SOURCES.txt'
[0.904s] writing manifest file '../../build/my_turtle_pkg/my_turtle_pkg.egg-info/SOURCES.txt'
[0.904s] running build
[0.904s] running build_py
[0.904s] running install
[0.905s] running install_lib
[0.906s] running install_data
[0.906s] running install_egg_info
[0.908s] removing '/home/maninder/Music/turtlesim_project/install/my_turtle_pkg/lib/python3.10/site-packages/my_turtle_pkg-0.0.0-py3.10.egg-info' (and everything under it)
[0.908s] Copying ../../build/my_turtle_pkg/my_turtle_pkg.egg-info to /home/maninder/Music/turtlesim_project/install/my_turtle_pkg/lib/python3.10/site-packages/my_turtle_pkg-0.0.0-py3.10.egg-info
[0.909s] running install_scripts
[0.935s] Installing turtle_catch_node script to /home/maninder/Music/turtlesim_project/install/my_turtle_pkg/lib/my_turtle_pkg
[0.935s] Installing turtle_spawn_node script to /home/maninder/Music/turtlesim_project/install/my_turtle_pkg/lib/my_turtle_pkg
[0.936s] writing list of installed files to '/home/maninder/Music/turtlesim_project/build/my_turtle_pkg/install.log'
[0.970s] Invoked command in '/home/maninder/Music/turtlesim_project/src/my_turtle_pkg' returned '0': PYTHONPATH=/home/maninder/Music/turtlesim_project/build/my_turtle_pkg/prefix_override:/home/maninder/Music/turtlesim_project/install/my_turtle_pkg/lib/python3.10/site-packages:${PYTHONPATH} /usr/bin/python3 -W ignore:setup.py install is deprecated setup.py egg_info --egg-base ../../build/my_turtle_pkg build --build-base /home/maninder/Music/turtlesim_project/build/my_turtle_pkg/build install --record /home/maninder/Music/turtlesim_project/build/my_turtle_pkg/install.log --single-version-externally-managed install_data
