[0.443s] Invoking command in '/home/maninder/Music/turtlesim_project/build/my_turtle_interface': CMAKE_PREFIX_PATH=${CMAKE_PREFIX_PATH}:/home/maninder/Music/turtlesim_project/install/my_turtle_pkg:/home/maninder/Music/ros2_ws/install/my_py_pkg:/opt/ros/humble /usr/bin/cmake /home/maninder/Music/turtlesim_project/src/my_turtle_interface -DCMAKE_INSTALL_PREFIX=/home/maninder/Music/turtlesim_project/install/my_turtle_interface
[0.578s] -- The C compiler identification is GNU 11.4.0
[0.706s] -- The CXX compiler identification is GNU 11.4.0
[0.721s] -- Detecting C compiler ABI info
[0.851s] -- Detecting C compiler ABI info - done
[0.861s] -- Check for working C compiler: /usr/bin/cc - skipped
[0.861s] -- Detecting C compile features
[0.862s] -- Detecting C compile features - done
[0.867s] -- Detecting CXX compiler ABI info
[1.008s] -- Detecting CXX compiler ABI info - done
[1.019s] -- Check for working CXX compiler: /usr/bin/c++ - skipped
[1.020s] -- Detecting CXX compile features
[1.020s] -- Detecting CXX compile features - done
[1.032s] -- Found ament_cmake: 1.3.8 (/opt/ros/humble/share/ament_cmake/cmake)
[1.268s] -- Found Python3: /usr/bin/python3 (found version "3.10.12") found components: Interpreter 
[1.446s] [31mCMake Error at CMakeLists.txt:12 (find_package):
[1.446s]   By not providing "Findrosidl_default_generator.cmake" in CMAKE_MODULE_PATH
[1.446s]   this project has asked CMake to find a package configuration file provided
[1.446s]   by "rosidl_default_generator", but CMake did not find one.
[1.447s] 
[1.447s]   Could not find a package configuration file provided by
[1.447s]   "rosidl_default_generator" with any of the following names:
[1.447s] 
[1.447s]     rosidl_default_generatorConfig.cmake
[1.447s]     rosidl_default_generator-config.cmake
[1.447s] 
[1.447s]   Add the installation prefix of "rosidl_default_generator" to
[1.447s]   CMAKE_PREFIX_PATH or set "rosidl_default_generator_DIR" to a directory
[1.447s]   containing one of the above files.  If "rosidl_default_generator" provides
[1.448s]   a separate development package or SDK, be sure it has been installed.
[1.448s] 
[1.448s] [0m
[1.448s] -- Configuring incomplete, errors occurred!
[1.448s] See also "/home/maninder/Music/turtlesim_project/build/my_turtle_interface/CMakeFiles/CMakeOutput.log".
[1.458s] Invoked command in '/home/maninder/Music/turtlesim_project/build/my_turtle_interface' returned '1': CMAKE_PREFIX_PATH=${CMAKE_PREFIX_PATH}:/home/maninder/Music/turtlesim_project/install/my_turtle_pkg:/home/maninder/Music/ros2_ws/install/my_py_pkg:/opt/ros/humble /usr/bin/cmake /home/maninder/Music/turtlesim_project/src/my_turtle_interface -DCMAKE_INSTALL_PREFIX=/home/maninder/Music/turtlesim_project/install/my_turtle_interface
