[0.015s] Invoking command in '/home/maninder/Music/turtlesim_project/build/my_turtle_bringup': AMENT_PREFIX_PATH=/home/maninder/Music/turtlesim_project/install/my_turtle_pkg:${AMENT_PREFIX_PATH} CMAKE_PREFIX_PATH=${CMAKE_PREFIX_PATH}:/home/maninder/Music/ros2_ws/install/my_py_pkg:/opt/ros/humble PYTHONPATH=/home/maninder/Music/turtlesim_project/install/my_turtle_pkg/lib/python3.10/site-packages:${PYTHONPATH} /usr/bin/cmake /home/maninder/Music/turtlesim_project/src/my_turtle_bringup -DCMAKE_INSTALL_PREFIX=/home/maninder/Music/turtlesim_project/install/my_turtle_bringup
[0.038s] -- Found ament_cmake: 1.3.8 (/opt/ros/humble/share/ament_cmake/cmake)
[0.221s] -- Override CMake install command with custom implementation using symlinks instead of copying resources
[0.333s] -- Configuring done
[0.338s] -- Generating done
[0.340s] -- Build files have been written to: /home/maninder/Music/turtlesim_project/build/my_turtle_bringup
[0.345s] Invoked command in '/home/maninder/Music/turtlesim_project/build/my_turtle_bringup' returned '0': AMENT_PREFIX_PATH=/home/maninder/Music/turtlesim_project/install/my_turtle_pkg:${AMENT_PREFIX_PATH} CMAKE_PREFIX_PATH=${CMAKE_PREFIX_PATH}:/home/maninder/Music/ros2_ws/install/my_py_pkg:/opt/ros/humble PYTHONPATH=/home/maninder/Music/turtlesim_project/install/my_turtle_pkg/lib/python3.10/site-packages:${PYTHONPATH} /usr/bin/cmake /home/maninder/Music/turtlesim_project/src/my_turtle_bringup -DCMAKE_INSTALL_PREFIX=/home/maninder/Music/turtlesim_project/install/my_turtle_bringup
[0.349s] Invoking command in '/home/maninder/Music/turtlesim_project/build/my_turtle_bringup': AMENT_PREFIX_PATH=/home/maninder/Music/turtlesim_project/install/my_turtle_pkg:${AMENT_PREFIX_PATH} CMAKE_PREFIX_PATH=${CMAKE_PREFIX_PATH}:/home/maninder/Music/ros2_ws/install/my_py_pkg:/opt/ros/humble PYTHONPATH=/home/maninder/Music/turtlesim_project/install/my_turtle_pkg/lib/python3.10/site-packages:${PYTHONPATH} /usr/bin/cmake --build /home/maninder/Music/turtlesim_project/build/my_turtle_bringup -- -j12 -l12
[0.414s] Invoked command in '/home/maninder/Music/turtlesim_project/build/my_turtle_bringup' returned '0': AMENT_PREFIX_PATH=/home/maninder/Music/turtlesim_project/install/my_turtle_pkg:${AMENT_PREFIX_PATH} CMAKE_PREFIX_PATH=${CMAKE_PREFIX_PATH}:/home/maninder/Music/ros2_ws/install/my_py_pkg:/opt/ros/humble PYTHONPATH=/home/maninder/Music/turtlesim_project/install/my_turtle_pkg/lib/python3.10/site-packages:${PYTHONPATH} /usr/bin/cmake --build /home/maninder/Music/turtlesim_project/build/my_turtle_bringup -- -j12 -l12
[0.476s] Invoking command in '/home/maninder/Music/turtlesim_project/build/my_turtle_bringup': AMENT_PREFIX_PATH=/home/maninder/Music/turtlesim_project/install/my_turtle_pkg:${AMENT_PREFIX_PATH} CMAKE_PREFIX_PATH=${CMAKE_PREFIX_PATH}:/home/maninder/Music/ros2_ws/install/my_py_pkg:/opt/ros/humble PYTHONPATH=/home/maninder/Music/turtlesim_project/install/my_turtle_pkg/lib/python3.10/site-packages:${PYTHONPATH} /usr/bin/cmake --install /home/maninder/Music/turtlesim_project/build/my_turtle_bringup
[0.488s] -- Install configuration: ""
[0.488s] -- Execute custom install script
[0.489s] -- Up-to-date symlink: /home/maninder/Music/turtlesim_project/install/my_turtle_bringup/share/my_turtle_bringup/launch/turtlesim_app.launch.py
[0.489s] -- Up-to-date symlink: /home/maninder/Music/turtlesim_project/install/my_turtle_bringup/share/ament_index/resource_index/package_run_dependencies/my_turtle_bringup
[0.490s] -- Up-to-date symlink: /home/maninder/Music/turtlesim_project/install/my_turtle_bringup/share/ament_index/resource_index/parent_prefix_path/my_turtle_bringup
[0.490s] -- Up-to-date symlink: /home/maninder/Music/turtlesim_project/install/my_turtle_bringup/share/my_turtle_bringup/environment/ament_prefix_path.sh
[0.490s] -- Up-to-date symlink: /home/maninder/Music/turtlesim_project/install/my_turtle_bringup/share/my_turtle_bringup/environment/ament_prefix_path.dsv
[0.490s] -- Up-to-date symlink: /home/maninder/Music/turtlesim_project/install/my_turtle_bringup/share/my_turtle_bringup/environment/path.sh
[0.490s] -- Up-to-date symlink: /home/maninder/Music/turtlesim_project/install/my_turtle_bringup/share/my_turtle_bringup/environment/path.dsv
[0.490s] -- Up-to-date symlink: /home/maninder/Music/turtlesim_project/install/my_turtle_bringup/share/my_turtle_bringup/local_setup.bash
[0.491s] -- Up-to-date symlink: /home/maninder/Music/turtlesim_project/install/my_turtle_bringup/share/my_turtle_bringup/local_setup.sh
[0.491s] -- Up-to-date symlink: /home/maninder/Music/turtlesim_project/install/my_turtle_bringup/share/my_turtle_bringup/local_setup.zsh
[0.491s] -- Up-to-date symlink: /home/maninder/Music/turtlesim_project/install/my_turtle_bringup/share/my_turtle_bringup/local_setup.dsv
[0.491s] -- Symlinking: /home/maninder/Music/turtlesim_project/install/my_turtle_bringup/share/my_turtle_bringup/package.dsv
[0.508s] -- Up-to-date symlink: /home/maninder/Music/turtlesim_project/install/my_turtle_bringup/share/ament_index/resource_index/packages/my_turtle_bringup
[0.508s] -- Up-to-date symlink: /home/maninder/Music/turtlesim_project/install/my_turtle_bringup/share/my_turtle_bringup/cmake/my_turtle_bringupConfig.cmake
[0.509s] -- Up-to-date symlink: /home/maninder/Music/turtlesim_project/install/my_turtle_bringup/share/my_turtle_bringup/cmake/my_turtle_bringupConfig-version.cmake
[0.509s] -- Up-to-date symlink: /home/maninder/Music/turtlesim_project/install/my_turtle_bringup/share/my_turtle_bringup/package.xml
[0.514s] Invoked command in '/home/maninder/Music/turtlesim_project/build/my_turtle_bringup' returned '0': AMENT_PREFIX_PATH=/home/maninder/Music/turtlesim_project/install/my_turtle_pkg:${AMENT_PREFIX_PATH} CMAKE_PREFIX_PATH=${CMAKE_PREFIX_PATH}:/home/maninder/Music/ros2_ws/install/my_py_pkg:/opt/ros/humble PYTHONPATH=/home/maninder/Music/turtlesim_project/install/my_turtle_pkg/lib/python3.10/site-packages:${PYTHONPATH} /usr/bin/cmake --install /home/maninder/Music/turtlesim_project/build/my_turtle_bringup
