[0.020s] Invoking command in '/home/maninder/Music/turtlesim_project/build/my_turtle_bringup': AMENT_PREFIX_PATH=/home/maninder/Music/turtlesim_project/install/my_turtle_pkg:/home/maninder/Music/turtlesim_project/install/my_turtle_bringup:/home/maninder/Music/ros2_ws/install/my_robot_bringup:/home/maninder/Music/ros2_ws/install/my_py_pkg:/home/maninder/Music/ros2_ws/install/my_robot_interfaces:/home/maninder/Music/ros2_ws/install/my_cpp_pkg:/opt/ros/humble CMAKE_PREFIX_PATH=${CMAKE_PREFIX_PATH}:/home/maninder/Music/turtlesim_project/install/my_turtle_pkg:/home/maninder/Music/ros2_ws/install/my_py_pkg:/opt/ros/humble /usr/bin/cmake --build /home/maninder/Music/turtlesim_project/build/my_turtle_bringup -- -j12 -l12
[0.096s] Invoked command in '/home/maninder/Music/turtlesim_project/build/my_turtle_bringup' returned '0': AMENT_PREFIX_PATH=/home/maninder/Music/turtlesim_project/install/my_turtle_pkg:/home/maninder/Music/turtlesim_project/install/my_turtle_bringup:/home/maninder/Music/ros2_ws/install/my_robot_bringup:/home/maninder/Music/ros2_ws/install/my_py_pkg:/home/maninder/Music/ros2_ws/install/my_robot_interfaces:/home/maninder/Music/ros2_ws/install/my_cpp_pkg:/opt/ros/humble CMAKE_PREFIX_PATH=${CMAKE_PREFIX_PATH}:/home/maninder/Music/turtlesim_project/install/my_turtle_pkg:/home/maninder/Music/ros2_ws/install/my_py_pkg:/opt/ros/humble /usr/bin/cmake --build /home/maninder/Music/turtlesim_project/build/my_turtle_bringup -- -j12 -l12
[0.157s] Invoking command in '/home/maninder/Music/turtlesim_project/build/my_turtle_bringup': AMENT_PREFIX_PATH=/home/maninder/Music/turtlesim_project/install/my_turtle_pkg:/home/maninder/Music/turtlesim_project/install/my_turtle_bringup:/home/maninder/Music/ros2_ws/install/my_robot_bringup:/home/maninder/Music/ros2_ws/install/my_py_pkg:/home/maninder/Music/ros2_ws/install/my_robot_interfaces:/home/maninder/Music/ros2_ws/install/my_cpp_pkg:/opt/ros/humble CMAKE_PREFIX_PATH=${CMAKE_PREFIX_PATH}:/home/maninder/Music/turtlesim_project/install/my_turtle_pkg:/home/maninder/Music/ros2_ws/install/my_py_pkg:/opt/ros/humble /usr/bin/cmake --install /home/maninder/Music/turtlesim_project/build/my_turtle_bringup
[0.168s] -- Install configuration: ""
[0.169s] -- Execute custom install script
[0.169s] -- Up-to-date symlink: /home/maninder/Music/turtlesim_project/install/my_turtle_bringup/share/my_turtle_bringup/launch/turtlesim_app.launch.py
[0.169s] -- Up-to-date symlink: /home/maninder/Music/turtlesim_project/install/my_turtle_bringup/share/ament_index/resource_index/package_run_dependencies/my_turtle_bringup
[0.170s] -- Up-to-date symlink: /home/maninder/Music/turtlesim_project/install/my_turtle_bringup/share/ament_index/resource_index/parent_prefix_path/my_turtle_bringup
[0.170s] -- Up-to-date symlink: /home/maninder/Music/turtlesim_project/install/my_turtle_bringup/share/my_turtle_bringup/environment/ament_prefix_path.sh
[0.170s] -- Up-to-date symlink: /home/maninder/Music/turtlesim_project/install/my_turtle_bringup/share/my_turtle_bringup/environment/ament_prefix_path.dsv
[0.170s] -- Up-to-date symlink: /home/maninder/Music/turtlesim_project/install/my_turtle_bringup/share/my_turtle_bringup/environment/path.sh
[0.171s] -- Up-to-date symlink: /home/maninder/Music/turtlesim_project/install/my_turtle_bringup/share/my_turtle_bringup/environment/path.dsv
[0.171s] -- Up-to-date symlink: /home/maninder/Music/turtlesim_project/install/my_turtle_bringup/share/my_turtle_bringup/local_setup.bash
[0.171s] -- Up-to-date symlink: /home/maninder/Music/turtlesim_project/install/my_turtle_bringup/share/my_turtle_bringup/local_setup.sh
[0.171s] -- Up-to-date symlink: /home/maninder/Music/turtlesim_project/install/my_turtle_bringup/share/my_turtle_bringup/local_setup.zsh
[0.172s] -- Up-to-date symlink: /home/maninder/Music/turtlesim_project/install/my_turtle_bringup/share/my_turtle_bringup/local_setup.dsv
[0.172s] -- Symlinking: /home/maninder/Music/turtlesim_project/install/my_turtle_bringup/share/my_turtle_bringup/package.dsv
[0.187s] -- Up-to-date symlink: /home/maninder/Music/turtlesim_project/install/my_turtle_bringup/share/ament_index/resource_index/packages/my_turtle_bringup
[0.187s] -- Up-to-date symlink: /home/maninder/Music/turtlesim_project/install/my_turtle_bringup/share/my_turtle_bringup/cmake/my_turtle_bringupConfig.cmake
[0.187s] -- Up-to-date symlink: /home/maninder/Music/turtlesim_project/install/my_turtle_bringup/share/my_turtle_bringup/cmake/my_turtle_bringupConfig-version.cmake
[0.188s] -- Up-to-date symlink: /home/maninder/Music/turtlesim_project/install/my_turtle_bringup/share/my_turtle_bringup/package.xml
[0.194s] Invoked command in '/home/maninder/Music/turtlesim_project/build/my_turtle_bringup' returned '0': AMENT_PREFIX_PATH=/home/maninder/Music/turtlesim_project/install/my_turtle_pkg:/home/maninder/Music/turtlesim_project/install/my_turtle_bringup:/home/maninder/Music/ros2_ws/install/my_robot_bringup:/home/maninder/Music/ros2_ws/install/my_py_pkg:/home/maninder/Music/ros2_ws/install/my_robot_interfaces:/home/maninder/Music/ros2_ws/install/my_cpp_pkg:/opt/ros/humble CMAKE_PREFIX_PATH=${CMAKE_PREFIX_PATH}:/home/maninder/Music/turtlesim_project/install/my_turtle_pkg:/home/maninder/Music/ros2_ws/install/my_py_pkg:/opt/ros/humble /usr/bin/cmake --install /home/maninder/Music/turtlesim_project/build/my_turtle_bringup
