-- Found ament_cmake: 1.3.8 (/opt/ros/humble/share/ament_cmake/cmake)
-- Found rosidl_default_generators: 1.2.0 (/opt/ros/humble/share/rosidl_default_generators/cmake)
-- Using all available rosidl_typesupport_c: rosidl_typesupport_fastrtps_c;rosidl_typesupport_introspection_c
-- Found rosidl_adapter: 3.1.5 (/opt/ros/humble/share/rosidl_adapter/cmake)
-- Using all available rosidl_typesupport_cpp: rosidl_typesupport_fastrtps_cpp;rosidl_typesupport_introspection_cpp
-- Found ament_cmake_ros: 0.10.0 (/opt/ros/humble/share/ament_cmake_ros/cmake)
-- Using all available rosidl_typesupport_c: rosidl_typesupport_fastrtps_c;rosidl_typesupport_introspection_c
-- Using all available rosidl_typesupport_cpp: rosidl_typesupport_fastrtps_cpp;rosidl_typesupport_introspection_cpp
-- Found PythonInterp: /usr/bin/python3 (found suitable version "3.10.12", minimum required is "3.6") 
-- Found python_cmake_module: 0.10.0 (/opt/ros/humble/share/python_cmake_module/cmake)
-- Found PythonLibs: /usr/lib/x86_64-linux-gnu/libpython3.10.so (found suitable version "3.10.12", minimum required is "3.5") 
-- Using PYTHON_EXECUTABLE: /usr/bin/python3
-- Using PYTHON_INCLUDE_DIRS: /usr/include/python3.10
-- Using PYTHON_LIBRARIES: /usr/lib/x86_64-linux-gnu/libpython3.10.so
-- Found PythonExtra: .so  
-- Configuring done
-- Generating done
-- Build files have been written to: /home/maninder/Music/turtlesim_project/build/my_turtle_interface
[  3%] [34m[1mGenerating C code for ROS interfaces[0m
[  6%] [34m[1mGenerating C++ code for ROS interfaces[0m
[  6%] Built target ament_cmake_python_copy_my_turtle_interface
[  6%] Built target my_turtle_interface__cpp
[  9%] [32mBuilding C object CMakeFiles/my_turtle_interface__rosidl_generator_c.dir/rosidl_generator_c/my_turtle_interface/msg/detail/turtle_spawn_info__functions.c.o[0m
[ 19%] [34m[1mGenerating C++ type support for eProsima Fast-RTPS[0m
[ 19%] [34m[1mGenerating C++ introspection for ROS interfaces[0m
[ 19%] [34m[1mGenerating C++ type support dispatch for ROS interfaces[0m
running egg_info
creating my_turtle_interface.egg-info
writing my_turtle_interface.egg-info/PKG-INFO
writing dependency_links to my_turtle_interface.egg-info/dependency_links.txt
writing top-level names to my_turtle_interface.egg-info/top_level.txt
writing manifest file 'my_turtle_interface.egg-info/SOURCES.txt'
reading manifest file 'my_turtle_interface.egg-info/SOURCES.txt'
writing manifest file 'my_turtle_interface.egg-info/SOURCES.txt'
[ 22%] [32m[1mLinking C shared library libmy_turtle_interface__rosidl_generator_c.so[0m
[ 22%] Built target ament_cmake_python_build_my_turtle_interface_egg
[ 22%] Built target my_turtle_interface__rosidl_generator_c
[ 29%] [34m[1mGenerating C introspection for ROS interfaces[0m
[ 29%] [34m[1mGenerating C type support for eProsima Fast-RTPS[0m
[ 32%] [34m[1mGenerating C type support dispatch for ROS interfaces[0m
[ 35%] [32mBuilding CXX object CMakeFiles/my_turtle_interface__rosidl_typesupport_cpp.dir/rosidl_typesupport_cpp/my_turtle_interface/msg/turtle_spawn_info__type_support.cpp.o[0m
[ 38%] [32mBuilding CXX object CMakeFiles/my_turtle_interface__rosidl_typesupport_introspection_cpp.dir/rosidl_typesupport_introspection_cpp/my_turtle_interface/msg/detail/turtle_spawn_info__type_support.cpp.o[0m
[ 41%] [32mBuilding CXX object CMakeFiles/my_turtle_interface__rosidl_typesupport_fastrtps_cpp.dir/rosidl_typesupport_fastrtps_cpp/my_turtle_interface/msg/detail/dds_fastrtps/turtle_spawn_info__type_support.cpp.o[0m
[ 45%] [32mBuilding CXX object CMakeFiles/my_turtle_interface__rosidl_typesupport_c.dir/rosidl_typesupport_c/my_turtle_interface/msg/turtle_spawn_info__type_support.cpp.o[0m
[ 48%] [32mBuilding C object CMakeFiles/my_turtle_interface__rosidl_typesupport_introspection_c.dir/rosidl_typesupport_introspection_c/my_turtle_interface/msg/detail/turtle_spawn_info__type_support.c.o[0m
[ 51%] [32mBuilding CXX object CMakeFiles/my_turtle_interface__rosidl_typesupport_fastrtps_c.dir/rosidl_typesupport_fastrtps_c/my_turtle_interface/msg/detail/turtle_spawn_info__type_support_c.cpp.o[0m
[ 54%] [32m[1mLinking CXX shared library libmy_turtle_interface__rosidl_typesupport_c.so[0m
[ 58%] [32m[1mLinking C shared library libmy_turtle_interface__rosidl_typesupport_introspection_c.so[0m
[ 58%] Built target my_turtle_interface__rosidl_typesupport_c
[ 58%] Built target my_turtle_interface__rosidl_typesupport_introspection_c
[ 61%] [32m[1mLinking CXX shared library libmy_turtle_interface__rosidl_typesupport_cpp.so[0m
[ 61%] Built target my_turtle_interface__rosidl_typesupport_cpp
[ 64%] [32m[1mLinking CXX shared library libmy_turtle_interface__rosidl_typesupport_introspection_cpp.so[0m
[ 67%] [32m[1mLinking CXX shared library libmy_turtle_interface__rosidl_typesupport_fastrtps_cpp.so[0m
[ 67%] Built target my_turtle_interface__rosidl_typesupport_introspection_cpp
[ 70%] [32m[1mLinking CXX shared library libmy_turtle_interface__rosidl_typesupport_fastrtps_c.so[0m
[ 70%] Built target my_turtle_interface__rosidl_typesupport_fastrtps_cpp
[ 70%] Built target my_turtle_interface__rosidl_typesupport_fastrtps_c
[ 70%] Built target my_turtle_interface
[ 74%] [34m[1mGenerating Python code for ROS interfaces[0m
[ 74%] Built target my_turtle_interface__py
[ 77%] [32mBuilding C object CMakeFiles/my_turtle_interface__rosidl_generator_py.dir/rosidl_generator_py/my_turtle_interface/msg/_turtle_spawn_info_s.c.o[0m
[ 80%] [32m[1mLinking C shared library rosidl_generator_py/my_turtle_interface/libmy_turtle_interface__rosidl_generator_py.so[0m
[ 80%] Built target my_turtle_interface__rosidl_generator_py
[ 83%] [32mBuilding C object CMakeFiles/my_turtle_interface__rosidl_typesupport_fastrtps_c__pyext.dir/rosidl_generator_py/my_turtle_interface/_my_turtle_interface_s.ep.rosidl_typesupport_fastrtps_c.c.o[0m
[ 87%] [32mBuilding C object CMakeFiles/my_turtle_interface__rosidl_typesupport_introspection_c__pyext.dir/rosidl_generator_py/my_turtle_interface/_my_turtle_interface_s.ep.rosidl_typesupport_introspection_c.c.o[0m
[ 90%] [32mBuilding C object CMakeFiles/my_turtle_interface__rosidl_typesupport_c__pyext.dir/rosidl_generator_py/my_turtle_interface/_my_turtle_interface_s.ep.rosidl_typesupport_c.c.o[0m
[ 93%] [32m[1mLinking C shared library rosidl_generator_py/my_turtle_interface/my_turtle_interface_s__rosidl_typesupport_introspection_c.cpython-310-x86_64-linux-gnu.so[0m
[ 96%] [32m[1mLinking C shared library rosidl_generator_py/my_turtle_interface/my_turtle_interface_s__rosidl_typesupport_c.cpython-310-x86_64-linux-gnu.so[0m
[100%] [32m[1mLinking C shared library rosidl_generator_py/my_turtle_interface/my_turtle_interface_s__rosidl_typesupport_fastrtps_c.cpython-310-x86_64-linux-gnu.so[0m
[100%] Built target my_turtle_interface__rosidl_typesupport_c__pyext
[100%] Built target my_turtle_interface__rosidl_typesupport_introspection_c__pyext
[100%] Built target my_turtle_interface__rosidl_typesupport_fastrtps_c__pyext
-- Install configuration: ""
-- Installing: /home/maninder/Music/turtlesim_project/install/my_turtle_interface/share/ament_index/resource_index/rosidl_interfaces/my_turtle_interface
-- Installing: /home/maninder/Music/turtlesim_project/install/my_turtle_interface/include/my_turtle_interface/my_turtle_interface
-- Installing: /home/maninder/Music/turtlesim_project/install/my_turtle_interface/include/my_turtle_interface/my_turtle_interface/msg
-- Installing: /home/maninder/Music/turtlesim_project/install/my_turtle_interface/include/my_turtle_interface/my_turtle_interface/msg/detail
-- Installing: /home/maninder/Music/turtlesim_project/install/my_turtle_interface/include/my_turtle_interface/my_turtle_interface/msg/detail/turtle_spawn_info__struct.h
-- Installing: /home/maninder/Music/turtlesim_project/install/my_turtle_interface/include/my_turtle_interface/my_turtle_interface/msg/detail/turtle_spawn_info__functions.h
-- Installing: /home/maninder/Music/turtlesim_project/install/my_turtle_interface/include/my_turtle_interface/my_turtle_interface/msg/detail/turtle_spawn_info__type_support.h
-- Installing: /home/maninder/Music/turtlesim_project/install/my_turtle_interface/include/my_turtle_interface/my_turtle_interface/msg/detail/turtle_spawn_info__functions.c
-- Installing: /home/maninder/Music/turtlesim_project/install/my_turtle_interface/include/my_turtle_interface/my_turtle_interface/msg/rosidl_generator_c__visibility_control.h
-- Installing: /home/maninder/Music/turtlesim_project/install/my_turtle_interface/include/my_turtle_interface/my_turtle_interface/msg/turtle_spawn_info.h
-- Installing: /home/maninder/Music/turtlesim_project/install/my_turtle_interface/share/my_turtle_interface/environment/library_path.sh
-- Installing: /home/maninder/Music/turtlesim_project/install/my_turtle_interface/share/my_turtle_interface/environment/library_path.dsv
-- Installing: /home/maninder/Music/turtlesim_project/install/my_turtle_interface/lib/libmy_turtle_interface__rosidl_generator_c.so
-- Set runtime path of "/home/maninder/Music/turtlesim_project/install/my_turtle_interface/lib/libmy_turtle_interface__rosidl_generator_c.so" to ""
-- Up-to-date: /home/maninder/Music/turtlesim_project/install/my_turtle_interface/include/my_turtle_interface/my_turtle_interface
-- Up-to-date: /home/maninder/Music/turtlesim_project/install/my_turtle_interface/include/my_turtle_interface/my_turtle_interface/msg
-- Up-to-date: /home/maninder/Music/turtlesim_project/install/my_turtle_interface/include/my_turtle_interface/my_turtle_interface/msg/detail
-- Installing: /home/maninder/Music/turtlesim_project/install/my_turtle_interface/include/my_turtle_interface/my_turtle_interface/msg/detail/turtle_spawn_info__rosidl_typesupport_fastrtps_c.h
-- Installing: /home/maninder/Music/turtlesim_project/install/my_turtle_interface/include/my_turtle_interface/my_turtle_interface/msg/rosidl_typesupport_fastrtps_c__visibility_control.h
-- Installing: /home/maninder/Music/turtlesim_project/install/my_turtle_interface/lib/libmy_turtle_interface__rosidl_typesupport_fastrtps_c.so
-- Set runtime path of "/home/maninder/Music/turtlesim_project/install/my_turtle_interface/lib/libmy_turtle_interface__rosidl_typesupport_fastrtps_c.so" to ""
-- Up-to-date: /home/maninder/Music/turtlesim_project/install/my_turtle_interface/include/my_turtle_interface/my_turtle_interface
-- Up-to-date: /home/maninder/Music/turtlesim_project/install/my_turtle_interface/include/my_turtle_interface/my_turtle_interface/msg
-- Up-to-date: /home/maninder/Music/turtlesim_project/install/my_turtle_interface/include/my_turtle_interface/my_turtle_interface/msg/detail
-- Installing: /home/maninder/Music/turtlesim_project/install/my_turtle_interface/include/my_turtle_interface/my_turtle_interface/msg/detail/turtle_spawn_info__rosidl_typesupport_introspection_c.h
-- Installing: /home/maninder/Music/turtlesim_project/install/my_turtle_interface/include/my_turtle_interface/my_turtle_interface/msg/detail/turtle_spawn_info__type_support.c
-- Installing: /home/maninder/Music/turtlesim_project/install/my_turtle_interface/include/my_turtle_interface/my_turtle_interface/msg/rosidl_typesupport_introspection_c__visibility_control.h
-- Installing: /home/maninder/Music/turtlesim_project/install/my_turtle_interface/lib/libmy_turtle_interface__rosidl_typesupport_introspection_c.so
-- Set runtime path of "/home/maninder/Music/turtlesim_project/install/my_turtle_interface/lib/libmy_turtle_interface__rosidl_typesupport_introspection_c.so" to ""
-- Installing: /home/maninder/Music/turtlesim_project/install/my_turtle_interface/lib/libmy_turtle_interface__rosidl_typesupport_c.so
-- Set runtime path of "/home/maninder/Music/turtlesim_project/install/my_turtle_interface/lib/libmy_turtle_interface__rosidl_typesupport_c.so" to ""
-- Up-to-date: /home/maninder/Music/turtlesim_project/install/my_turtle_interface/include/my_turtle_interface/my_turtle_interface
-- Up-to-date: /home/maninder/Music/turtlesim_project/install/my_turtle_interface/include/my_turtle_interface/my_turtle_interface/msg
-- Up-to-date: /home/maninder/Music/turtlesim_project/install/my_turtle_interface/include/my_turtle_interface/my_turtle_interface/msg/detail
-- Installing: /home/maninder/Music/turtlesim_project/install/my_turtle_interface/include/my_turtle_interface/my_turtle_interface/msg/detail/turtle_spawn_info__builder.hpp
-- Installing: /home/maninder/Music/turtlesim_project/install/my_turtle_interface/include/my_turtle_interface/my_turtle_interface/msg/detail/turtle_spawn_info__struct.hpp
-- Installing: /home/maninder/Music/turtlesim_project/install/my_turtle_interface/include/my_turtle_interface/my_turtle_interface/msg/detail/turtle_spawn_info__traits.hpp
-- Installing: /home/maninder/Music/turtlesim_project/install/my_turtle_interface/include/my_turtle_interface/my_turtle_interface/msg/turtle_spawn_info.hpp
-- Up-to-date: /home/maninder/Music/turtlesim_project/install/my_turtle_interface/include/my_turtle_interface/my_turtle_interface
-- Up-to-date: /home/maninder/Music/turtlesim_project/install/my_turtle_interface/include/my_turtle_interface/my_turtle_interface/msg
-- Up-to-date: /home/maninder/Music/turtlesim_project/install/my_turtle_interface/include/my_turtle_interface/my_turtle_interface/msg/detail
-- Installing: /home/maninder/Music/turtlesim_project/install/my_turtle_interface/include/my_turtle_interface/my_turtle_interface/msg/detail/dds_fastrtps
-- Installing: /home/maninder/Music/turtlesim_project/install/my_turtle_interface/include/my_turtle_interface/my_turtle_interface/msg/detail/turtle_spawn_info__rosidl_typesupport_fastrtps_cpp.hpp
-- Installing: /home/maninder/Music/turtlesim_project/install/my_turtle_interface/include/my_turtle_interface/my_turtle_interface/msg/rosidl_typesupport_fastrtps_cpp__visibility_control.h
-- Installing: /home/maninder/Music/turtlesim_project/install/my_turtle_interface/lib/libmy_turtle_interface__rosidl_typesupport_fastrtps_cpp.so
-- Set runtime path of "/home/maninder/Music/turtlesim_project/install/my_turtle_interface/lib/libmy_turtle_interface__rosidl_typesupport_fastrtps_cpp.so" to ""
-- Up-to-date: /home/maninder/Music/turtlesim_project/install/my_turtle_interface/include/my_turtle_interface/my_turtle_interface
-- Up-to-date: /home/maninder/Music/turtlesim_project/install/my_turtle_interface/include/my_turtle_interface/my_turtle_interface/msg
-- Up-to-date: /home/maninder/Music/turtlesim_project/install/my_turtle_interface/include/my_turtle_interface/my_turtle_interface/msg/detail
-- Installing: /home/maninder/Music/turtlesim_project/install/my_turtle_interface/include/my_turtle_interface/my_turtle_interface/msg/detail/turtle_spawn_info__type_support.cpp
-- Installing: /home/maninder/Music/turtlesim_project/install/my_turtle_interface/include/my_turtle_interface/my_turtle_interface/msg/detail/turtle_spawn_info__rosidl_typesupport_introspection_cpp.hpp
-- Installing: /home/maninder/Music/turtlesim_project/install/my_turtle_interface/lib/libmy_turtle_interface__rosidl_typesupport_introspection_cpp.so
-- Set runtime path of "/home/maninder/Music/turtlesim_project/install/my_turtle_interface/lib/libmy_turtle_interface__rosidl_typesupport_introspection_cpp.so" to ""
-- Installing: /home/maninder/Music/turtlesim_project/install/my_turtle_interface/lib/libmy_turtle_interface__rosidl_typesupport_cpp.so
-- Set runtime path of "/home/maninder/Music/turtlesim_project/install/my_turtle_interface/lib/libmy_turtle_interface__rosidl_typesupport_cpp.so" to ""
-- Installing: /home/maninder/Music/turtlesim_project/install/my_turtle_interface/share/my_turtle_interface/environment/pythonpath.sh
-- Installing: /home/maninder/Music/turtlesim_project/install/my_turtle_interface/share/my_turtle_interface/environment/pythonpath.dsv
-- Installing: /home/maninder/Music/turtlesim_project/install/my_turtle_interface/local/lib/python3.10/dist-packages/my_turtle_interface-0.0.0-py3.10.egg-info
-- Installing: /home/maninder/Music/turtlesim_project/install/my_turtle_interface/local/lib/python3.10/dist-packages/my_turtle_interface-0.0.0-py3.10.egg-info/PKG-INFO
-- Installing: /home/maninder/Music/turtlesim_project/install/my_turtle_interface/local/lib/python3.10/dist-packages/my_turtle_interface-0.0.0-py3.10.egg-info/dependency_links.txt
-- Installing: /home/maninder/Music/turtlesim_project/install/my_turtle_interface/local/lib/python3.10/dist-packages/my_turtle_interface-0.0.0-py3.10.egg-info/top_level.txt
-- Installing: /home/maninder/Music/turtlesim_project/install/my_turtle_interface/local/lib/python3.10/dist-packages/my_turtle_interface-0.0.0-py3.10.egg-info/SOURCES.txt
-- Installing: /home/maninder/Music/turtlesim_project/install/my_turtle_interface/local/lib/python3.10/dist-packages/my_turtle_interface
-- Installing: /home/maninder/Music/turtlesim_project/install/my_turtle_interface/local/lib/python3.10/dist-packages/my_turtle_interface/__init__.py
-- Installing: /home/maninder/Music/turtlesim_project/install/my_turtle_interface/local/lib/python3.10/dist-packages/my_turtle_interface/my_turtle_interface_s__rosidl_typesupport_c.cpython-310-x86_64-linux-gnu.so
-- Installing: /home/maninder/Music/turtlesim_project/install/my_turtle_interface/local/lib/python3.10/dist-packages/my_turtle_interface/msg
-- Installing: /home/maninder/Music/turtlesim_project/install/my_turtle_interface/local/lib/python3.10/dist-packages/my_turtle_interface/msg/__init__.py
-- Installing: /home/maninder/Music/turtlesim_project/install/my_turtle_interface/local/lib/python3.10/dist-packages/my_turtle_interface/msg/_turtle_spawn_info_s.c
-- Installing: /home/maninder/Music/turtlesim_project/install/my_turtle_interface/local/lib/python3.10/dist-packages/my_turtle_interface/msg/_turtle_spawn_info.py
-- Installing: /home/maninder/Music/turtlesim_project/install/my_turtle_interface/local/lib/python3.10/dist-packages/my_turtle_interface/_my_turtle_interface_s.ep.rosidl_typesupport_introspection_c.c
-- Installing: /home/maninder/Music/turtlesim_project/install/my_turtle_interface/local/lib/python3.10/dist-packages/my_turtle_interface/libmy_turtle_interface__rosidl_generator_py.so
-- Installing: /home/maninder/Music/turtlesim_project/install/my_turtle_interface/local/lib/python3.10/dist-packages/my_turtle_interface/my_turtle_interface_s__rosidl_typesupport_fastrtps_c.cpython-310-x86_64-linux-gnu.so
-- Installing: /home/maninder/Music/turtlesim_project/install/my_turtle_interface/local/lib/python3.10/dist-packages/my_turtle_interface/my_turtle_interface_s__rosidl_typesupport_introspection_c.cpython-310-x86_64-linux-gnu.so
-- Installing: /home/maninder/Music/turtlesim_project/install/my_turtle_interface/local/lib/python3.10/dist-packages/my_turtle_interface/_my_turtle_interface_s.ep.rosidl_typesupport_c.c
-- Installing: /home/maninder/Music/turtlesim_project/install/my_turtle_interface/local/lib/python3.10/dist-packages/my_turtle_interface/_my_turtle_interface_s.ep.rosidl_typesupport_fastrtps_c.c
Listing '/home/maninder/Music/turtlesim_project/install/my_turtle_interface/local/lib/python3.10/dist-packages/my_turtle_interface'...
Compiling '/home/maninder/Music/turtlesim_project/install/my_turtle_interface/local/lib/python3.10/dist-packages/my_turtle_interface/__init__.py'...
Listing '/home/maninder/Music/turtlesim_project/install/my_turtle_interface/local/lib/python3.10/dist-packages/my_turtle_interface/msg'...
Compiling '/home/maninder/Music/turtlesim_project/install/my_turtle_interface/local/lib/python3.10/dist-packages/my_turtle_interface/msg/__init__.py'...
Compiling '/home/maninder/Music/turtlesim_project/install/my_turtle_interface/local/lib/python3.10/dist-packages/my_turtle_interface/msg/_turtle_spawn_info.py'...
-- Installing: /home/maninder/Music/turtlesim_project/install/my_turtle_interface/local/lib/python3.10/dist-packages/my_turtle_interface/my_turtle_interface_s__rosidl_typesupport_fastrtps_c.cpython-310-x86_64-linux-gnu.so
-- Set runtime path of "/home/maninder/Music/turtlesim_project/install/my_turtle_interface/local/lib/python3.10/dist-packages/my_turtle_interface/my_turtle_interface_s__rosidl_typesupport_fastrtps_c.cpython-310-x86_64-linux-gnu.so" to ""
-- Installing: /home/maninder/Music/turtlesim_project/install/my_turtle_interface/local/lib/python3.10/dist-packages/my_turtle_interface/my_turtle_interface_s__rosidl_typesupport_introspection_c.cpython-310-x86_64-linux-gnu.so
-- Set runtime path of "/home/maninder/Music/turtlesim_project/install/my_turtle_interface/local/lib/python3.10/dist-packages/my_turtle_interface/my_turtle_interface_s__rosidl_typesupport_introspection_c.cpython-310-x86_64-linux-gnu.so" to ""
-- Installing: /home/maninder/Music/turtlesim_project/install/my_turtle_interface/local/lib/python3.10/dist-packages/my_turtle_interface/my_turtle_interface_s__rosidl_typesupport_c.cpython-310-x86_64-linux-gnu.so
-- Set runtime path of "/home/maninder/Music/turtlesim_project/install/my_turtle_interface/local/lib/python3.10/dist-packages/my_turtle_interface/my_turtle_interface_s__rosidl_typesupport_c.cpython-310-x86_64-linux-gnu.so" to ""
-- Installing: /home/maninder/Music/turtlesim_project/install/my_turtle_interface/lib/libmy_turtle_interface__rosidl_generator_py.so
-- Set runtime path of "/home/maninder/Music/turtlesim_project/install/my_turtle_interface/lib/libmy_turtle_interface__rosidl_generator_py.so" to ""
-- Installing: /home/maninder/Music/turtlesim_project/install/my_turtle_interface/share/my_turtle_interface/msg/TurtleSpawnInfo.idl
-- Installing: /home/maninder/Music/turtlesim_project/install/my_turtle_interface/share/my_turtle_interface/msg/TurtleSpawnInfo.msg
-- Installing: /home/maninder/Music/turtlesim_project/install/my_turtle_interface/share/ament_index/resource_index/package_run_dependencies/my_turtle_interface
-- Installing: /home/maninder/Music/turtlesim_project/install/my_turtle_interface/share/ament_index/resource_index/parent_prefix_path/my_turtle_interface
-- Installing: /home/maninder/Music/turtlesim_project/install/my_turtle_interface/share/my_turtle_interface/environment/ament_prefix_path.sh
-- Installing: /home/maninder/Music/turtlesim_project/install/my_turtle_interface/share/my_turtle_interface/environment/ament_prefix_path.dsv
-- Installing: /home/maninder/Music/turtlesim_project/install/my_turtle_interface/share/my_turtle_interface/environment/path.sh
-- Installing: /home/maninder/Music/turtlesim_project/install/my_turtle_interface/share/my_turtle_interface/environment/path.dsv
-- Installing: /home/maninder/Music/turtlesim_project/install/my_turtle_interface/share/my_turtle_interface/local_setup.bash
-- Installing: /home/maninder/Music/turtlesim_project/install/my_turtle_interface/share/my_turtle_interface/local_setup.sh
-- Installing: /home/maninder/Music/turtlesim_project/install/my_turtle_interface/share/my_turtle_interface/local_setup.zsh
-- Installing: /home/maninder/Music/turtlesim_project/install/my_turtle_interface/share/my_turtle_interface/local_setup.dsv
-- Installing: /home/maninder/Music/turtlesim_project/install/my_turtle_interface/share/my_turtle_interface/package.dsv
-- Installing: /home/maninder/Music/turtlesim_project/install/my_turtle_interface/share/ament_index/resource_index/packages/my_turtle_interface
-- Installing: /home/maninder/Music/turtlesim_project/install/my_turtle_interface/share/my_turtle_interface/cmake/export_my_turtle_interface__rosidl_generator_cExport.cmake
-- Installing: /home/maninder/Music/turtlesim_project/install/my_turtle_interface/share/my_turtle_interface/cmake/export_my_turtle_interface__rosidl_generator_cExport-noconfig.cmake
-- Installing: /home/maninder/Music/turtlesim_project/install/my_turtle_interface/share/my_turtle_interface/cmake/export_my_turtle_interface__rosidl_typesupport_fastrtps_cExport.cmake
-- Installing: /home/maninder/Music/turtlesim_project/install/my_turtle_interface/share/my_turtle_interface/cmake/export_my_turtle_interface__rosidl_typesupport_fastrtps_cExport-noconfig.cmake
-- Installing: /home/maninder/Music/turtlesim_project/install/my_turtle_interface/share/my_turtle_interface/cmake/my_turtle_interface__rosidl_typesupport_introspection_cExport.cmake
-- Installing: /home/maninder/Music/turtlesim_project/install/my_turtle_interface/share/my_turtle_interface/cmake/my_turtle_interface__rosidl_typesupport_introspection_cExport-noconfig.cmake
-- Installing: /home/maninder/Music/turtlesim_project/install/my_turtle_interface/share/my_turtle_interface/cmake/my_turtle_interface__rosidl_typesupport_cExport.cmake
-- Installing: /home/maninder/Music/turtlesim_project/install/my_turtle_interface/share/my_turtle_interface/cmake/my_turtle_interface__rosidl_typesupport_cExport-noconfig.cmake
-- Installing: /home/maninder/Music/turtlesim_project/install/my_turtle_interface/share/my_turtle_interface/cmake/export_my_turtle_interface__rosidl_generator_cppExport.cmake
-- Installing: /home/maninder/Music/turtlesim_project/install/my_turtle_interface/share/my_turtle_interface/cmake/export_my_turtle_interface__rosidl_typesupport_fastrtps_cppExport.cmake
-- Installing: /home/maninder/Music/turtlesim_project/install/my_turtle_interface/share/my_turtle_interface/cmake/export_my_turtle_interface__rosidl_typesupport_fastrtps_cppExport-noconfig.cmake
-- Installing: /home/maninder/Music/turtlesim_project/install/my_turtle_interface/share/my_turtle_interface/cmake/my_turtle_interface__rosidl_typesupport_introspection_cppExport.cmake
-- Installing: /home/maninder/Music/turtlesim_project/install/my_turtle_interface/share/my_turtle_interface/cmake/my_turtle_interface__rosidl_typesupport_introspection_cppExport-noconfig.cmake
-- Installing: /home/maninder/Music/turtlesim_project/install/my_turtle_interface/share/my_turtle_interface/cmake/my_turtle_interface__rosidl_typesupport_cppExport.cmake
-- Installing: /home/maninder/Music/turtlesim_project/install/my_turtle_interface/share/my_turtle_interface/cmake/my_turtle_interface__rosidl_typesupport_cppExport-noconfig.cmake
-- Installing: /home/maninder/Music/turtlesim_project/install/my_turtle_interface/share/my_turtle_interface/cmake/export_my_turtle_interface__rosidl_generator_pyExport.cmake
-- Installing: /home/maninder/Music/turtlesim_project/install/my_turtle_interface/share/my_turtle_interface/cmake/export_my_turtle_interface__rosidl_generator_pyExport-noconfig.cmake
-- Installing: /home/maninder/Music/turtlesim_project/install/my_turtle_interface/share/my_turtle_interface/cmake/rosidl_cmake-extras.cmake
-- Installing: /home/maninder/Music/turtlesim_project/install/my_turtle_interface/share/my_turtle_interface/cmake/ament_cmake_export_include_directories-extras.cmake
-- Installing: /home/maninder/Music/turtlesim_project/install/my_turtle_interface/share/my_turtle_interface/cmake/ament_cmake_export_libraries-extras.cmake
-- Installing: /home/maninder/Music/turtlesim_project/install/my_turtle_interface/share/my_turtle_interface/cmake/ament_cmake_export_targets-extras.cmake
-- Installing: /home/maninder/Music/turtlesim_project/install/my_turtle_interface/share/my_turtle_interface/cmake/rosidl_cmake_export_typesupport_targets-extras.cmake
-- Installing: /home/maninder/Music/turtlesim_project/install/my_turtle_interface/share/my_turtle_interface/cmake/ament_cmake_export_dependencies-extras.cmake
-- Installing: /home/maninder/Music/turtlesim_project/install/my_turtle_interface/share/my_turtle_interface/cmake/rosidl_cmake_export_typesupport_libraries-extras.cmake
-- Installing: /home/maninder/Music/turtlesim_project/install/my_turtle_interface/share/my_turtle_interface/cmake/my_turtle_interfaceConfig.cmake
-- Installing: /home/maninder/Music/turtlesim_project/install/my_turtle_interface/share/my_turtle_interface/cmake/my_turtle_interfaceConfig-version.cmake
-- Installing: /home/maninder/Music/turtlesim_project/install/my_turtle_interface/share/my_turtle_interface/package.xml
