[0.011s] Invoking command in '/home/maninder/Music/turtlesim_project/build/my_turtle_bringup': AMENT_PREFIX_PATH=/home/maninder/Music/turtlesim_project/install/my_turtle_pkg:/home/maninder/Music/turtlesim_project/install/my_turtle_bringup:/home/maninder/Music/ros2_ws/install/my_robot_bringup:/home/maninder/Music/ros2_ws/install/my_py_pkg:/home/maninder/Music/ros2_ws/install/my_robot_interfaces:/home/maninder/Music/ros2_ws/install/my_cpp_pkg:/opt/ros/humble CMAKE_PREFIX_PATH=${CMAKE_PREFIX_PATH}:/home/maninder/Music/turtlesim_project/install/my_turtle_pkg:/home/maninder/Music/ros2_ws/install/my_py_pkg:/opt/ros/humble PYTHONPATH=/home/maninder/Music/turtlesim_project/build/my_turtle_pkg:${PYTHONPATH} /usr/bin/cmake /home/maninder/Music/turtlesim_project/src/my_turtle_bringup -DAMENT_CMAKE_SYMLINK_INSTALL=1 -DCMAKE_INSTALL_PREFIX=/home/maninder/Music/turtlesim_project/install/my_turtle_bringup
[0.029s] -- Found ament_cmake: 1.3.8 (/opt/ros/humble/share/ament_cmake/cmake)
[0.160s] -- Override CMake install command with custom implementation using symlinks instead of copying resources
[0.246s] -- Configuring done
[0.251s] -- Generating done
[0.252s] -- Build files have been written to: /home/maninder/Music/turtlesim_project/build/my_turtle_bringup
[0.255s] Invoked command in '/home/maninder/Music/turtlesim_project/build/my_turtle_bringup' returned '0': AMENT_PREFIX_PATH=/home/maninder/Music/turtlesim_project/install/my_turtle_pkg:/home/maninder/Music/turtlesim_project/install/my_turtle_bringup:/home/maninder/Music/ros2_ws/install/my_robot_bringup:/home/maninder/Music/ros2_ws/install/my_py_pkg:/home/maninder/Music/ros2_ws/install/my_robot_interfaces:/home/maninder/Music/ros2_ws/install/my_cpp_pkg:/opt/ros/humble CMAKE_PREFIX_PATH=${CMAKE_PREFIX_PATH}:/home/maninder/Music/turtlesim_project/install/my_turtle_pkg:/home/maninder/Music/ros2_ws/install/my_py_pkg:/opt/ros/humble PYTHONPATH=/home/maninder/Music/turtlesim_project/build/my_turtle_pkg:${PYTHONPATH} /usr/bin/cmake /home/maninder/Music/turtlesim_project/src/my_turtle_bringup -DAMENT_CMAKE_SYMLINK_INSTALL=1 -DCMAKE_INSTALL_PREFIX=/home/maninder/Music/turtlesim_project/install/my_turtle_bringup
[0.257s] Invoking command in '/home/maninder/Music/turtlesim_project/build/my_turtle_bringup': AMENT_PREFIX_PATH=/home/maninder/Music/turtlesim_project/install/my_turtle_pkg:/home/maninder/Music/turtlesim_project/install/my_turtle_bringup:/home/maninder/Music/ros2_ws/install/my_robot_bringup:/home/maninder/Music/ros2_ws/install/my_py_pkg:/home/maninder/Music/ros2_ws/install/my_robot_interfaces:/home/maninder/Music/ros2_ws/install/my_cpp_pkg:/opt/ros/humble CMAKE_PREFIX_PATH=${CMAKE_PREFIX_PATH}:/home/maninder/Music/turtlesim_project/install/my_turtle_pkg:/home/maninder/Music/ros2_ws/install/my_py_pkg:/opt/ros/humble PYTHONPATH=/home/maninder/Music/turtlesim_project/build/my_turtle_pkg:${PYTHONPATH} /usr/bin/cmake --build /home/maninder/Music/turtlesim_project/build/my_turtle_bringup -- -j12 -l12
[0.310s] Invoked command in '/home/maninder/Music/turtlesim_project/build/my_turtle_bringup' returned '0': AMENT_PREFIX_PATH=/home/maninder/Music/turtlesim_project/install/my_turtle_pkg:/home/maninder/Music/turtlesim_project/install/my_turtle_bringup:/home/maninder/Music/ros2_ws/install/my_robot_bringup:/home/maninder/Music/ros2_ws/install/my_py_pkg:/home/maninder/Music/ros2_ws/install/my_robot_interfaces:/home/maninder/Music/ros2_ws/install/my_cpp_pkg:/opt/ros/humble CMAKE_PREFIX_PATH=${CMAKE_PREFIX_PATH}:/home/maninder/Music/turtlesim_project/install/my_turtle_pkg:/home/maninder/Music/ros2_ws/install/my_py_pkg:/opt/ros/humble PYTHONPATH=/home/maninder/Music/turtlesim_project/build/my_turtle_pkg:${PYTHONPATH} /usr/bin/cmake --build /home/maninder/Music/turtlesim_project/build/my_turtle_bringup -- -j12 -l12
[0.351s] Invoking command in '/home/maninder/Music/turtlesim_project/build/my_turtle_bringup': AMENT_PREFIX_PATH=/home/maninder/Music/turtlesim_project/install/my_turtle_pkg:/home/maninder/Music/turtlesim_project/install/my_turtle_bringup:/home/maninder/Music/ros2_ws/install/my_robot_bringup:/home/maninder/Music/ros2_ws/install/my_py_pkg:/home/maninder/Music/ros2_ws/install/my_robot_interfaces:/home/maninder/Music/ros2_ws/install/my_cpp_pkg:/opt/ros/humble CMAKE_PREFIX_PATH=${CMAKE_PREFIX_PATH}:/home/maninder/Music/turtlesim_project/install/my_turtle_pkg:/home/maninder/Music/ros2_ws/install/my_py_pkg:/opt/ros/humble PYTHONPATH=/home/maninder/Music/turtlesim_project/build/my_turtle_pkg:${PYTHONPATH} /usr/bin/cmake --install /home/maninder/Music/turtlesim_project/build/my_turtle_bringup
[0.359s] -- Install configuration: ""
[0.359s] -- Execute custom install script
[0.360s] -- Up-to-date symlink: /home/maninder/Music/turtlesim_project/install/my_turtle_bringup/share/my_turtle_bringup/launch/turtlesim_app.launch.py
[0.360s] -- Up-to-date symlink: /home/maninder/Music/turtlesim_project/install/my_turtle_bringup/share/ament_index/resource_index/package_run_dependencies/my_turtle_bringup
[0.360s] -- Up-to-date symlink: /home/maninder/Music/turtlesim_project/install/my_turtle_bringup/share/ament_index/resource_index/parent_prefix_path/my_turtle_bringup
[0.360s] -- Up-to-date symlink: /home/maninder/Music/turtlesim_project/install/my_turtle_bringup/share/my_turtle_bringup/environment/ament_prefix_path.sh
[0.361s] -- Up-to-date symlink: /home/maninder/Music/turtlesim_project/install/my_turtle_bringup/share/my_turtle_bringup/environment/ament_prefix_path.dsv
[0.361s] -- Up-to-date symlink: /home/maninder/Music/turtlesim_project/install/my_turtle_bringup/share/my_turtle_bringup/environment/path.sh
[0.361s] -- Up-to-date symlink: /home/maninder/Music/turtlesim_project/install/my_turtle_bringup/share/my_turtle_bringup/environment/path.dsv
[0.361s] -- Up-to-date symlink: /home/maninder/Music/turtlesim_project/install/my_turtle_bringup/share/my_turtle_bringup/local_setup.bash
[0.361s] -- Up-to-date symlink: /home/maninder/Music/turtlesim_project/install/my_turtle_bringup/share/my_turtle_bringup/local_setup.sh
[0.361s] -- Up-to-date symlink: /home/maninder/Music/turtlesim_project/install/my_turtle_bringup/share/my_turtle_bringup/local_setup.zsh
[0.362s] -- Up-to-date symlink: /home/maninder/Music/turtlesim_project/install/my_turtle_bringup/share/my_turtle_bringup/local_setup.dsv
[0.362s] -- Symlinking: /home/maninder/Music/turtlesim_project/install/my_turtle_bringup/share/my_turtle_bringup/package.dsv
[0.374s] -- Up-to-date symlink: /home/maninder/Music/turtlesim_project/install/my_turtle_bringup/share/ament_index/resource_index/packages/my_turtle_bringup
[0.374s] -- Up-to-date symlink: /home/maninder/Music/turtlesim_project/install/my_turtle_bringup/share/my_turtle_bringup/cmake/my_turtle_bringupConfig.cmake
[0.374s] -- Up-to-date symlink: /home/maninder/Music/turtlesim_project/install/my_turtle_bringup/share/my_turtle_bringup/cmake/my_turtle_bringupConfig-version.cmake
[0.374s] -- Up-to-date symlink: /home/maninder/Music/turtlesim_project/install/my_turtle_bringup/share/my_turtle_bringup/package.xml
[0.378s] Invoked command in '/home/maninder/Music/turtlesim_project/build/my_turtle_bringup' returned '0': AMENT_PREFIX_PATH=/home/maninder/Music/turtlesim_project/install/my_turtle_pkg:/home/maninder/Music/turtlesim_project/install/my_turtle_bringup:/home/maninder/Music/ros2_ws/install/my_robot_bringup:/home/maninder/Music/ros2_ws/install/my_py_pkg:/home/maninder/Music/ros2_ws/install/my_robot_interfaces:/home/maninder/Music/ros2_ws/install/my_cpp_pkg:/opt/ros/humble CMAKE_PREFIX_PATH=${CMAKE_PREFIX_PATH}:/home/maninder/Music/turtlesim_project/install/my_turtle_pkg:/home/maninder/Music/ros2_ws/install/my_py_pkg:/opt/ros/humble PYTHONPATH=/home/maninder/Music/turtlesim_project/build/my_turtle_pkg:${PYTHONPATH} /usr/bin/cmake --install /home/maninder/Music/turtlesim_project/build/my_turtle_bringup
