[0.020s] Invoking command in '/home/maninder/Music/turtlesim_project/build/my_turtle_interface': CMAKE_PREFIX_PATH=${CMAKE_PREFIX_PATH}:/home/maninder/Music/turtlesim_project/install/my_turtle_pkg:/home/maninder/Music/ros2_ws/install/my_py_pkg:/opt/ros/humble /usr/bin/cmake --build /home/maninder/Music/turtlesim_project/build/my_turtle_interface -- -j12 -l12
[0.105s] [  6%] Built target my_turtle_interface__cpp
[0.105s] [ 12%] Built target my_turtle_interface__rosidl_generator_c
[0.125s] [ 12%] Built target ament_cmake_python_copy_my_turtle_interface
[0.149s] [ 48%] Built target my_turtle_interface__rosidl_typesupport_c
[0.149s] [ 48%] Built target my_turtle_interface__rosidl_typesupport_introspection_c
[0.149s] [ 51%] Built target my_turtle_interface__rosidl_typesupport_introspection_cpp
[0.150s] [ 51%] Built target my_turtle_interface__rosidl_typesupport_fastrtps_c
[0.154s] [ 70%] Built target my_turtle_interface__rosidl_typesupport_fastrtps_cpp
[0.155s] [ 70%] Built target my_turtle_interface__rosidl_typesupport_cpp
[0.193s] [ 70%] Built target my_turtle_interface
[0.232s] [ 74%] Built target my_turtle_interface__py
[0.274s] [ 80%] Built target my_turtle_interface__rosidl_generator_py
[0.312s] [ 87%] Built target my_turtle_interface__rosidl_typesupport_fastrtps_c__pyext
[0.313s] [ 93%] Built target my_turtle_interface__rosidl_typesupport_introspection_c__pyext
[0.317s] [100%] Built target my_turtle_interface__rosidl_typesupport_c__pyext
[0.501s] running egg_info
[0.502s] writing my_turtle_interface.egg-info/PKG-INFO
[0.503s] writing dependency_links to my_turtle_interface.egg-info/dependency_links.txt
[0.503s] writing top-level names to my_turtle_interface.egg-info/top_level.txt
[0.506s] reading manifest file 'my_turtle_interface.egg-info/SOURCES.txt'
[0.507s] writing manifest file 'my_turtle_interface.egg-info/SOURCES.txt'
[0.568s] [100%] Built target ament_cmake_python_build_my_turtle_interface_egg
[0.590s] Invoked command in '/home/maninder/Music/turtlesim_project/build/my_turtle_interface' returned '0': CMAKE_PREFIX_PATH=${CMAKE_PREFIX_PATH}:/home/maninder/Music/turtlesim_project/install/my_turtle_pkg:/home/maninder/Music/ros2_ws/install/my_py_pkg:/opt/ros/humble /usr/bin/cmake --build /home/maninder/Music/turtlesim_project/build/my_turtle_interface -- -j12 -l12
[0.719s] Invoking command in '/home/maninder/Music/turtlesim_project/build/my_turtle_interface': CMAKE_PREFIX_PATH=${CMAKE_PREFIX_PATH}:/home/maninder/Music/turtlesim_project/install/my_turtle_pkg:/home/maninder/Music/ros2_ws/install/my_py_pkg:/opt/ros/humble /usr/bin/cmake --install /home/maninder/Music/turtlesim_project/build/my_turtle_interface
[0.734s] -- Install configuration: ""
[0.735s] -- Up-to-date: /home/maninder/Music/turtlesim_project/install/my_turtle_interface/share/ament_index/resource_index/rosidl_interfaces/my_turtle_interface
[0.735s] -- Up-to-date: /home/maninder/Music/turtlesim_project/install/my_turtle_interface/include/my_turtle_interface/my_turtle_interface
[0.735s] -- Up-to-date: /home/maninder/Music/turtlesim_project/install/my_turtle_interface/include/my_turtle_interface/my_turtle_interface/msg
[0.736s] -- Up-to-date: /home/maninder/Music/turtlesim_project/install/my_turtle_interface/include/my_turtle_interface/my_turtle_interface/msg/detail
[0.736s] -- Up-to-date: /home/maninder/Music/turtlesim_project/install/my_turtle_interface/include/my_turtle_interface/my_turtle_interface/msg/detail/turtle_spawn_info__struct.h
[0.736s] -- Up-to-date: /home/maninder/Music/turtlesim_project/install/my_turtle_interface/include/my_turtle_interface/my_turtle_interface/msg/detail/turtle_spawn_info__functions.h
[0.736s] -- Up-to-date: /home/maninder/Music/turtlesim_project/install/my_turtle_interface/include/my_turtle_interface/my_turtle_interface/msg/detail/turtle_spawn_info__type_support.h
[0.736s] -- Up-to-date: /home/maninder/Music/turtlesim_project/install/my_turtle_interface/include/my_turtle_interface/my_turtle_interface/msg/detail/turtle_spawn_info__functions.c
[0.737s] -- Up-to-date: /home/maninder/Music/turtlesim_project/install/my_turtle_interface/include/my_turtle_interface/my_turtle_interface/msg/rosidl_generator_c__visibility_control.h
[0.737s] -- Up-to-date: /home/maninder/Music/turtlesim_project/install/my_turtle_interface/include/my_turtle_interface/my_turtle_interface/msg/turtle_spawn_info.h
[0.737s] -- Up-to-date: /home/maninder/Music/turtlesim_project/install/my_turtle_interface/share/my_turtle_interface/environment/library_path.sh
[0.737s] -- Up-to-date: /home/maninder/Music/turtlesim_project/install/my_turtle_interface/share/my_turtle_interface/environment/library_path.dsv
[0.737s] -- Up-to-date: /home/maninder/Music/turtlesim_project/install/my_turtle_interface/lib/libmy_turtle_interface__rosidl_generator_c.so
[0.737s] -- Up-to-date: /home/maninder/Music/turtlesim_project/install/my_turtle_interface/include/my_turtle_interface/my_turtle_interface
[0.737s] -- Up-to-date: /home/maninder/Music/turtlesim_project/install/my_turtle_interface/include/my_turtle_interface/my_turtle_interface/msg
[0.738s] -- Up-to-date: /home/maninder/Music/turtlesim_project/install/my_turtle_interface/include/my_turtle_interface/my_turtle_interface/msg/detail
[0.738s] -- Up-to-date: /home/maninder/Music/turtlesim_project/install/my_turtle_interface/include/my_turtle_interface/my_turtle_interface/msg/detail/turtle_spawn_info__rosidl_typesupport_fastrtps_c.h
[0.738s] -- Up-to-date: /home/maninder/Music/turtlesim_project/install/my_turtle_interface/include/my_turtle_interface/my_turtle_interface/msg/rosidl_typesupport_fastrtps_c__visibility_control.h
[0.738s] -- Up-to-date: /home/maninder/Music/turtlesim_project/install/my_turtle_interface/lib/libmy_turtle_interface__rosidl_typesupport_fastrtps_c.so
[0.739s] -- Up-to-date: /home/maninder/Music/turtlesim_project/install/my_turtle_interface/include/my_turtle_interface/my_turtle_interface
[0.739s] -- Up-to-date: /home/maninder/Music/turtlesim_project/install/my_turtle_interface/include/my_turtle_interface/my_turtle_interface/msg
[0.739s] -- Up-to-date: /home/maninder/Music/turtlesim_project/install/my_turtle_interface/include/my_turtle_interface/my_turtle_interface/msg/detail
[0.739s] -- Up-to-date: /home/maninder/Music/turtlesim_project/install/my_turtle_interface/include/my_turtle_interface/my_turtle_interface/msg/detail/turtle_spawn_info__rosidl_typesupport_introspection_c.h
[0.739s] -- Up-to-date: /home/maninder/Music/turtlesim_project/install/my_turtle_interface/include/my_turtle_interface/my_turtle_interface/msg/detail/turtle_spawn_info__type_support.c
[0.739s] -- Up-to-date: /home/maninder/Music/turtlesim_project/install/my_turtle_interface/include/my_turtle_interface/my_turtle_interface/msg/rosidl_typesupport_introspection_c__visibility_control.h
[0.740s] -- Up-to-date: /home/maninder/Music/turtlesim_project/install/my_turtle_interface/lib/libmy_turtle_interface__rosidl_typesupport_introspection_c.so
[0.740s] -- Up-to-date: /home/maninder/Music/turtlesim_project/install/my_turtle_interface/lib/libmy_turtle_interface__rosidl_typesupport_c.so
[0.740s] -- Up-to-date: /home/maninder/Music/turtlesim_project/install/my_turtle_interface/include/my_turtle_interface/my_turtle_interface
[0.740s] -- Up-to-date: /home/maninder/Music/turtlesim_project/install/my_turtle_interface/include/my_turtle_interface/my_turtle_interface/msg
[0.740s] -- Up-to-date: /home/maninder/Music/turtlesim_project/install/my_turtle_interface/include/my_turtle_interface/my_turtle_interface/msg/detail
[0.740s] -- Up-to-date: /home/maninder/Music/turtlesim_project/install/my_turtle_interface/include/my_turtle_interface/my_turtle_interface/msg/detail/turtle_spawn_info__builder.hpp
[0.740s] -- Up-to-date: /home/maninder/Music/turtlesim_project/install/my_turtle_interface/include/my_turtle_interface/my_turtle_interface/msg/detail/turtle_spawn_info__struct.hpp
[0.741s] -- Up-to-date: /home/maninder/Music/turtlesim_project/install/my_turtle_interface/include/my_turtle_interface/my_turtle_interface/msg/detail/turtle_spawn_info__traits.hpp
[0.741s] -- Up-to-date: /home/maninder/Music/turtlesim_project/install/my_turtle_interface/include/my_turtle_interface/my_turtle_interface/msg/turtle_spawn_info.hpp
[0.741s] -- Up-to-date: /home/maninder/Music/turtlesim_project/install/my_turtle_interface/include/my_turtle_interface/my_turtle_interface
[0.741s] -- Up-to-date: /home/maninder/Music/turtlesim_project/install/my_turtle_interface/include/my_turtle_interface/my_turtle_interface/msg
[0.741s] -- Up-to-date: /home/maninder/Music/turtlesim_project/install/my_turtle_interface/include/my_turtle_interface/my_turtle_interface/msg/detail
[0.741s] -- Up-to-date: /home/maninder/Music/turtlesim_project/install/my_turtle_interface/include/my_turtle_interface/my_turtle_interface/msg/detail/dds_fastrtps
[0.742s] -- Up-to-date: /home/maninder/Music/turtlesim_project/install/my_turtle_interface/include/my_turtle_interface/my_turtle_interface/msg/detail/turtle_spawn_info__rosidl_typesupport_fastrtps_cpp.hpp
[0.742s] -- Up-to-date: /home/maninder/Music/turtlesim_project/install/my_turtle_interface/include/my_turtle_interface/my_turtle_interface/msg/rosidl_typesupport_fastrtps_cpp__visibility_control.h
[0.742s] -- Up-to-date: /home/maninder/Music/turtlesim_project/install/my_turtle_interface/lib/libmy_turtle_interface__rosidl_typesupport_fastrtps_cpp.so
[0.742s] -- Up-to-date: /home/maninder/Music/turtlesim_project/install/my_turtle_interface/include/my_turtle_interface/my_turtle_interface
[0.742s] -- Up-to-date: /home/maninder/Music/turtlesim_project/install/my_turtle_interface/include/my_turtle_interface/my_turtle_interface/msg
[0.742s] -- Up-to-date: /home/maninder/Music/turtlesim_project/install/my_turtle_interface/include/my_turtle_interface/my_turtle_interface/msg/detail
[0.742s] -- Up-to-date: /home/maninder/Music/turtlesim_project/install/my_turtle_interface/include/my_turtle_interface/my_turtle_interface/msg/detail/turtle_spawn_info__type_support.cpp
[0.743s] -- Up-to-date: /home/maninder/Music/turtlesim_project/install/my_turtle_interface/include/my_turtle_interface/my_turtle_interface/msg/detail/turtle_spawn_info__rosidl_typesupport_introspection_cpp.hpp
[0.743s] -- Up-to-date: /home/maninder/Music/turtlesim_project/install/my_turtle_interface/lib/libmy_turtle_interface__rosidl_typesupport_introspection_cpp.so
[0.743s] -- Up-to-date: /home/maninder/Music/turtlesim_project/install/my_turtle_interface/lib/libmy_turtle_interface__rosidl_typesupport_cpp.so
[0.743s] -- Up-to-date: /home/maninder/Music/turtlesim_project/install/my_turtle_interface/share/my_turtle_interface/environment/pythonpath.sh
[0.744s] -- Up-to-date: /home/maninder/Music/turtlesim_project/install/my_turtle_interface/share/my_turtle_interface/environment/pythonpath.dsv
[0.744s] -- Up-to-date: /home/maninder/Music/turtlesim_project/install/my_turtle_interface/local/lib/python3.10/dist-packages/my_turtle_interface-0.0.0-py3.10.egg-info
[0.744s] -- Installing: /home/maninder/Music/turtlesim_project/install/my_turtle_interface/local/lib/python3.10/dist-packages/my_turtle_interface-0.0.0-py3.10.egg-info/PKG-INFO
[0.744s] -- Installing: /home/maninder/Music/turtlesim_project/install/my_turtle_interface/local/lib/python3.10/dist-packages/my_turtle_interface-0.0.0-py3.10.egg-info/dependency_links.txt
[0.744s] -- Installing: /home/maninder/Music/turtlesim_project/install/my_turtle_interface/local/lib/python3.10/dist-packages/my_turtle_interface-0.0.0-py3.10.egg-info/top_level.txt
[0.744s] -- Installing: /home/maninder/Music/turtlesim_project/install/my_turtle_interface/local/lib/python3.10/dist-packages/my_turtle_interface-0.0.0-py3.10.egg-info/SOURCES.txt
[0.744s] -- Up-to-date: /home/maninder/Music/turtlesim_project/install/my_turtle_interface/local/lib/python3.10/dist-packages/my_turtle_interface
[0.745s] -- Up-to-date: /home/maninder/Music/turtlesim_project/install/my_turtle_interface/local/lib/python3.10/dist-packages/my_turtle_interface/__init__.py
[0.745s] -- Up-to-date: /home/maninder/Music/turtlesim_project/install/my_turtle_interface/local/lib/python3.10/dist-packages/my_turtle_interface/my_turtle_interface_s__rosidl_typesupport_c.cpython-310-x86_64-linux-gnu.so
[0.745s] -- Up-to-date: /home/maninder/Music/turtlesim_project/install/my_turtle_interface/local/lib/python3.10/dist-packages/my_turtle_interface/msg
[0.745s] -- Up-to-date: /home/maninder/Music/turtlesim_project/install/my_turtle_interface/local/lib/python3.10/dist-packages/my_turtle_interface/msg/__init__.py
[0.745s] -- Up-to-date: /home/maninder/Music/turtlesim_project/install/my_turtle_interface/local/lib/python3.10/dist-packages/my_turtle_interface/msg/_turtle_spawn_info_s.c
[0.745s] -- Up-to-date: /home/maninder/Music/turtlesim_project/install/my_turtle_interface/local/lib/python3.10/dist-packages/my_turtle_interface/msg/_turtle_spawn_info.py
[0.745s] -- Up-to-date: /home/maninder/Music/turtlesim_project/install/my_turtle_interface/local/lib/python3.10/dist-packages/my_turtle_interface/_my_turtle_interface_s.ep.rosidl_typesupport_introspection_c.c
[0.745s] -- Up-to-date: /home/maninder/Music/turtlesim_project/install/my_turtle_interface/local/lib/python3.10/dist-packages/my_turtle_interface/libmy_turtle_interface__rosidl_generator_py.so
[0.746s] -- Up-to-date: /home/maninder/Music/turtlesim_project/install/my_turtle_interface/local/lib/python3.10/dist-packages/my_turtle_interface/my_turtle_interface_s__rosidl_typesupport_fastrtps_c.cpython-310-x86_64-linux-gnu.so
[0.746s] -- Up-to-date: /home/maninder/Music/turtlesim_project/install/my_turtle_interface/local/lib/python3.10/dist-packages/my_turtle_interface/my_turtle_interface_s__rosidl_typesupport_introspection_c.cpython-310-x86_64-linux-gnu.so
[0.746s] -- Up-to-date: /home/maninder/Music/turtlesim_project/install/my_turtle_interface/local/lib/python3.10/dist-packages/my_turtle_interface/_my_turtle_interface_s.ep.rosidl_typesupport_c.c
[0.746s] -- Up-to-date: /home/maninder/Music/turtlesim_project/install/my_turtle_interface/local/lib/python3.10/dist-packages/my_turtle_interface/_my_turtle_interface_s.ep.rosidl_typesupport_fastrtps_c.c
[0.804s] Listing '/home/maninder/Music/turtlesim_project/install/my_turtle_interface/local/lib/python3.10/dist-packages/my_turtle_interface'...
[0.804s] Listing '/home/maninder/Music/turtlesim_project/install/my_turtle_interface/local/lib/python3.10/dist-packages/my_turtle_interface/msg'...
[0.812s] -- Up-to-date: /home/maninder/Music/turtlesim_project/install/my_turtle_interface/local/lib/python3.10/dist-packages/my_turtle_interface/my_turtle_interface_s__rosidl_typesupport_fastrtps_c.cpython-310-x86_64-linux-gnu.so
[0.813s] -- Up-to-date: /home/maninder/Music/turtlesim_project/install/my_turtle_interface/local/lib/python3.10/dist-packages/my_turtle_interface/my_turtle_interface_s__rosidl_typesupport_introspection_c.cpython-310-x86_64-linux-gnu.so
[0.814s] -- Up-to-date: /home/maninder/Music/turtlesim_project/install/my_turtle_interface/local/lib/python3.10/dist-packages/my_turtle_interface/my_turtle_interface_s__rosidl_typesupport_c.cpython-310-x86_64-linux-gnu.so
[0.814s] -- Up-to-date: /home/maninder/Music/turtlesim_project/install/my_turtle_interface/lib/libmy_turtle_interface__rosidl_generator_py.so
[0.815s] -- Up-to-date: /home/maninder/Music/turtlesim_project/install/my_turtle_interface/share/my_turtle_interface/msg/TurtleSpawnInfo.idl
[0.815s] -- Up-to-date: /home/maninder/Music/turtlesim_project/install/my_turtle_interface/share/my_turtle_interface/msg/TurtleSpawnInfo.msg
[0.815s] -- Up-to-date: /home/maninder/Music/turtlesim_project/install/my_turtle_interface/share/ament_index/resource_index/package_run_dependencies/my_turtle_interface
[0.815s] -- Up-to-date: /home/maninder/Music/turtlesim_project/install/my_turtle_interface/share/ament_index/resource_index/parent_prefix_path/my_turtle_interface
[0.815s] -- Up-to-date: /home/maninder/Music/turtlesim_project/install/my_turtle_interface/share/my_turtle_interface/environment/ament_prefix_path.sh
[0.815s] -- Up-to-date: /home/maninder/Music/turtlesim_project/install/my_turtle_interface/share/my_turtle_interface/environment/ament_prefix_path.dsv
[0.816s] -- Up-to-date: /home/maninder/Music/turtlesim_project/install/my_turtle_interface/share/my_turtle_interface/environment/path.sh
[0.816s] -- Up-to-date: /home/maninder/Music/turtlesim_project/install/my_turtle_interface/share/my_turtle_interface/environment/path.dsv
[0.816s] -- Up-to-date: /home/maninder/Music/turtlesim_project/install/my_turtle_interface/share/my_turtle_interface/local_setup.bash
[0.816s] -- Up-to-date: /home/maninder/Music/turtlesim_project/install/my_turtle_interface/share/my_turtle_interface/local_setup.sh
[0.816s] -- Up-to-date: /home/maninder/Music/turtlesim_project/install/my_turtle_interface/share/my_turtle_interface/local_setup.zsh
[0.816s] -- Up-to-date: /home/maninder/Music/turtlesim_project/install/my_turtle_interface/share/my_turtle_interface/local_setup.dsv
[0.816s] -- Installing: /home/maninder/Music/turtlesim_project/install/my_turtle_interface/share/my_turtle_interface/package.dsv
[0.816s] -- Up-to-date: /home/maninder/Music/turtlesim_project/install/my_turtle_interface/share/ament_index/resource_index/packages/my_turtle_interface
[0.817s] -- Up-to-date: /home/maninder/Music/turtlesim_project/install/my_turtle_interface/share/my_turtle_interface/cmake/export_my_turtle_interface__rosidl_generator_cExport.cmake
[0.817s] -- Up-to-date: /home/maninder/Music/turtlesim_project/install/my_turtle_interface/share/my_turtle_interface/cmake/export_my_turtle_interface__rosidl_generator_cExport-noconfig.cmake
[0.817s] -- Up-to-date: /home/maninder/Music/turtlesim_project/install/my_turtle_interface/share/my_turtle_interface/cmake/export_my_turtle_interface__rosidl_typesupport_fastrtps_cExport.cmake
[0.817s] -- Up-to-date: /home/maninder/Music/turtlesim_project/install/my_turtle_interface/share/my_turtle_interface/cmake/export_my_turtle_interface__rosidl_typesupport_fastrtps_cExport-noconfig.cmake
[0.817s] -- Up-to-date: /home/maninder/Music/turtlesim_project/install/my_turtle_interface/share/my_turtle_interface/cmake/my_turtle_interface__rosidl_typesupport_introspection_cExport.cmake
[0.817s] -- Up-to-date: /home/maninder/Music/turtlesim_project/install/my_turtle_interface/share/my_turtle_interface/cmake/my_turtle_interface__rosidl_typesupport_introspection_cExport-noconfig.cmake
[0.817s] -- Up-to-date: /home/maninder/Music/turtlesim_project/install/my_turtle_interface/share/my_turtle_interface/cmake/my_turtle_interface__rosidl_typesupport_cExport.cmake
[0.817s] -- Up-to-date: /home/maninder/Music/turtlesim_project/install/my_turtle_interface/share/my_turtle_interface/cmake/my_turtle_interface__rosidl_typesupport_cExport-noconfig.cmake
[0.817s] -- Up-to-date: /home/maninder/Music/turtlesim_project/install/my_turtle_interface/share/my_turtle_interface/cmake/export_my_turtle_interface__rosidl_generator_cppExport.cmake
[0.818s] -- Up-to-date: /home/maninder/Music/turtlesim_project/install/my_turtle_interface/share/my_turtle_interface/cmake/export_my_turtle_interface__rosidl_typesupport_fastrtps_cppExport.cmake
[0.818s] -- Up-to-date: /home/maninder/Music/turtlesim_project/install/my_turtle_interface/share/my_turtle_interface/cmake/export_my_turtle_interface__rosidl_typesupport_fastrtps_cppExport-noconfig.cmake
[0.818s] -- Up-to-date: /home/maninder/Music/turtlesim_project/install/my_turtle_interface/share/my_turtle_interface/cmake/my_turtle_interface__rosidl_typesupport_introspection_cppExport.cmake
[0.818s] -- Up-to-date: /home/maninder/Music/turtlesim_project/install/my_turtle_interface/share/my_turtle_interface/cmake/my_turtle_interface__rosidl_typesupport_introspection_cppExport-noconfig.cmake
[0.818s] -- Up-to-date: /home/maninder/Music/turtlesim_project/install/my_turtle_interface/share/my_turtle_interface/cmake/my_turtle_interface__rosidl_typesupport_cppExport.cmake
[0.818s] -- Up-to-date: /home/maninder/Music/turtlesim_project/install/my_turtle_interface/share/my_turtle_interface/cmake/my_turtle_interface__rosidl_typesupport_cppExport-noconfig.cmake
[0.818s] -- Up-to-date: /home/maninder/Music/turtlesim_project/install/my_turtle_interface/share/my_turtle_interface/cmake/export_my_turtle_interface__rosidl_generator_pyExport.cmake
[0.818s] -- Up-to-date: /home/maninder/Music/turtlesim_project/install/my_turtle_interface/share/my_turtle_interface/cmake/export_my_turtle_interface__rosidl_generator_pyExport-noconfig.cmake
[0.818s] -- Up-to-date: /home/maninder/Music/turtlesim_project/install/my_turtle_interface/share/my_turtle_interface/cmake/rosidl_cmake-extras.cmake
[0.819s] -- Up-to-date: /home/maninder/Music/turtlesim_project/install/my_turtle_interface/share/my_turtle_interface/cmake/ament_cmake_export_include_directories-extras.cmake
[0.819s] -- Up-to-date: /home/maninder/Music/turtlesim_project/install/my_turtle_interface/share/my_turtle_interface/cmake/ament_cmake_export_libraries-extras.cmake
[0.819s] -- Up-to-date: /home/maninder/Music/turtlesim_project/install/my_turtle_interface/share/my_turtle_interface/cmake/ament_cmake_export_targets-extras.cmake
[0.819s] -- Up-to-date: /home/maninder/Music/turtlesim_project/install/my_turtle_interface/share/my_turtle_interface/cmake/rosidl_cmake_export_typesupport_targets-extras.cmake
[0.819s] -- Up-to-date: /home/maninder/Music/turtlesim_project/install/my_turtle_interface/share/my_turtle_interface/cmake/ament_cmake_export_dependencies-extras.cmake
[0.819s] -- Up-to-date: /home/maninder/Music/turtlesim_project/install/my_turtle_interface/share/my_turtle_interface/cmake/rosidl_cmake_export_typesupport_libraries-extras.cmake
[0.819s] -- Up-to-date: /home/maninder/Music/turtlesim_project/install/my_turtle_interface/share/my_turtle_interface/cmake/my_turtle_interfaceConfig.cmake
[0.819s] -- Up-to-date: /home/maninder/Music/turtlesim_project/install/my_turtle_interface/share/my_turtle_interface/cmake/my_turtle_interfaceConfig-version.cmake
[0.819s] -- Up-to-date: /home/maninder/Music/turtlesim_project/install/my_turtle_interface/share/my_turtle_interface/package.xml
[0.824s] Invoked command in '/home/maninder/Music/turtlesim_project/build/my_turtle_interface' returned '0': CMAKE_PREFIX_PATH=${CMAKE_PREFIX_PATH}:/home/maninder/Music/turtlesim_project/install/my_turtle_pkg:/home/maninder/Music/ros2_ws/install/my_py_pkg:/opt/ros/humble /usr/bin/cmake --install /home/maninder/Music/turtlesim_project/build/my_turtle_interface
