[0.021s] Invoking command in '/home/maninder/Music/turtlesim_project/build/my_turtle_interface': CMAKE_PREFIX_PATH=${CMAKE_PREFIX_PATH}:/home/maninder/Music/turtlesim_project/install/my_turtle_pkg:/home/maninder/Music/ros2_ws/install/my_py_pkg:/opt/ros/humble /usr/bin/cmake --build /home/maninder/Music/turtlesim_project/build/my_turtle_interface -- -j12 -l12
[0.109s] [  3%] Built target my_turtle_interface__cpp
[0.112s] [ 12%] Built target my_turtle_interface__rosidl_generator_c
[0.131s] [ 12%] Built target ament_cmake_python_copy_my_turtle_interface
[0.159s] [ 32%] Built target my_turtle_interface__rosidl_typesupport_fastrtps_cpp
[0.159s] [ 32%] Built target my_turtle_interface__rosidl_typesupport_fastrtps_c
[0.159s] [ 54%] Built target my_turtle_interface__rosidl_typesupport_cpp
[0.159s] [ 54%] Built target my_turtle_interface__rosidl_typesupport_introspection_cpp
[0.160s] [ 61%] Built target my_turtle_interface__rosidl_typesupport_c
[0.165s] [ 70%] Built target my_turtle_interface__rosidl_typesupport_introspection_c
[0.206s] [ 70%] Built target my_turtle_interface
[0.245s] [ 74%] Built target my_turtle_interface__py
[0.288s] [ 80%] Built target my_turtle_interface__rosidl_generator_py
[0.328s] [ 93%] Built target my_turtle_interface__rosidl_typesupport_introspection_c__pyext
[0.328s] [ 93%] Built target my_turtle_interface__rosidl_typesupport_fastrtps_c__pyext
[0.333s] [100%] Built target my_turtle_interface__rosidl_typesupport_c__pyext
[0.536s] running egg_info
[0.538s] writing my_turtle_interface.egg-info/PKG-INFO
[0.538s] writing dependency_links to my_turtle_interface.egg-info/dependency_links.txt
[0.538s] writing top-level names to my_turtle_interface.egg-info/top_level.txt
[0.542s] reading manifest file 'my_turtle_interface.egg-info/SOURCES.txt'
[0.543s] writing manifest file 'my_turtle_interface.egg-info/SOURCES.txt'
[0.591s] [100%] Built target ament_cmake_python_build_my_turtle_interface_egg
[0.612s] Invoked command in '/home/maninder/Music/turtlesim_project/build/my_turtle_interface' returned '0': CMAKE_PREFIX_PATH=${CMAKE_PREFIX_PATH}:/home/maninder/Music/turtlesim_project/install/my_turtle_pkg:/home/maninder/Music/ros2_ws/install/my_py_pkg:/opt/ros/humble /usr/bin/cmake --build /home/maninder/Music/turtlesim_project/build/my_turtle_interface -- -j12 -l12
[0.758s] Invoking command in '/home/maninder/Music/turtlesim_project/build/my_turtle_interface': CMAKE_PREFIX_PATH=${CMAKE_PREFIX_PATH}:/home/maninder/Music/turtlesim_project/install/my_turtle_pkg:/home/maninder/Music/ros2_ws/install/my_py_pkg:/opt/ros/humble /usr/bin/cmake --install /home/maninder/Music/turtlesim_project/build/my_turtle_interface
[0.771s] -- Install configuration: ""
[0.771s] -- Up-to-date: /home/maninder/Music/turtlesim_project/install/my_turtle_interface/share/ament_index/resource_index/rosidl_interfaces/my_turtle_interface
[0.771s] -- Up-to-date: /home/maninder/Music/turtlesim_project/install/my_turtle_interface/include/my_turtle_interface/my_turtle_interface
[0.771s] -- Up-to-date: /home/maninder/Music/turtlesim_project/install/my_turtle_interface/include/my_turtle_interface/my_turtle_interface/msg
[0.771s] -- Up-to-date: /home/maninder/Music/turtlesim_project/install/my_turtle_interface/include/my_turtle_interface/my_turtle_interface/msg/detail
[0.772s] -- Up-to-date: /home/maninder/Music/turtlesim_project/install/my_turtle_interface/include/my_turtle_interface/my_turtle_interface/msg/detail/turtle_spawn_info__struct.h
[0.772s] -- Up-to-date: /home/maninder/Music/turtlesim_project/install/my_turtle_interface/include/my_turtle_interface/my_turtle_interface/msg/detail/turtle_spawn_info__functions.h
[0.772s] -- Up-to-date: /home/maninder/Music/turtlesim_project/install/my_turtle_interface/include/my_turtle_interface/my_turtle_interface/msg/detail/turtle_spawn_info__type_support.h
[0.772s] -- Up-to-date: /home/maninder/Music/turtlesim_project/install/my_turtle_interface/include/my_turtle_interface/my_turtle_interface/msg/detail/turtle_spawn_info__functions.c
[0.772s] -- Up-to-date: /home/maninder/Music/turtlesim_project/install/my_turtle_interface/include/my_turtle_interface/my_turtle_interface/msg/rosidl_generator_c__visibility_control.h
[0.772s] -- Up-to-date: /home/maninder/Music/turtlesim_project/install/my_turtle_interface/include/my_turtle_interface/my_turtle_interface/msg/turtle_spawn_info.h
[0.772s] -- Up-to-date: /home/maninder/Music/turtlesim_project/install/my_turtle_interface/share/my_turtle_interface/environment/library_path.sh
[0.773s] -- Up-to-date: /home/maninder/Music/turtlesim_project/install/my_turtle_interface/share/my_turtle_interface/environment/library_path.dsv
[0.773s] -- Up-to-date: /home/maninder/Music/turtlesim_project/install/my_turtle_interface/lib/libmy_turtle_interface__rosidl_generator_c.so
[0.773s] -- Up-to-date: /home/maninder/Music/turtlesim_project/install/my_turtle_interface/include/my_turtle_interface/my_turtle_interface
[0.773s] -- Up-to-date: /home/maninder/Music/turtlesim_project/install/my_turtle_interface/include/my_turtle_interface/my_turtle_interface/msg
[0.773s] -- Up-to-date: /home/maninder/Music/turtlesim_project/install/my_turtle_interface/include/my_turtle_interface/my_turtle_interface/msg/detail
[0.773s] -- Up-to-date: /home/maninder/Music/turtlesim_project/install/my_turtle_interface/include/my_turtle_interface/my_turtle_interface/msg/detail/turtle_spawn_info__rosidl_typesupport_fastrtps_c.h
[0.773s] -- Up-to-date: /home/maninder/Music/turtlesim_project/install/my_turtle_interface/include/my_turtle_interface/my_turtle_interface/msg/rosidl_typesupport_fastrtps_c__visibility_control.h
[0.773s] -- Up-to-date: /home/maninder/Music/turtlesim_project/install/my_turtle_interface/lib/libmy_turtle_interface__rosidl_typesupport_fastrtps_c.so
[0.774s] -- Up-to-date: /home/maninder/Music/turtlesim_project/install/my_turtle_interface/include/my_turtle_interface/my_turtle_interface
[0.774s] -- Up-to-date: /home/maninder/Music/turtlesim_project/install/my_turtle_interface/include/my_turtle_interface/my_turtle_interface/msg
[0.774s] -- Up-to-date: /home/maninder/Music/turtlesim_project/install/my_turtle_interface/include/my_turtle_interface/my_turtle_interface/msg/detail
[0.774s] -- Up-to-date: /home/maninder/Music/turtlesim_project/install/my_turtle_interface/include/my_turtle_interface/my_turtle_interface/msg/detail/turtle_spawn_info__rosidl_typesupport_introspection_c.h
[0.774s] -- Up-to-date: /home/maninder/Music/turtlesim_project/install/my_turtle_interface/include/my_turtle_interface/my_turtle_interface/msg/detail/turtle_spawn_info__type_support.c
[0.774s] -- Up-to-date: /home/maninder/Music/turtlesim_project/install/my_turtle_interface/include/my_turtle_interface/my_turtle_interface/msg/rosidl_typesupport_introspection_c__visibility_control.h
[0.774s] -- Up-to-date: /home/maninder/Music/turtlesim_project/install/my_turtle_interface/lib/libmy_turtle_interface__rosidl_typesupport_introspection_c.so
[0.775s] -- Up-to-date: /home/maninder/Music/turtlesim_project/install/my_turtle_interface/lib/libmy_turtle_interface__rosidl_typesupport_c.so
[0.775s] -- Up-to-date: /home/maninder/Music/turtlesim_project/install/my_turtle_interface/include/my_turtle_interface/my_turtle_interface
[0.775s] -- Up-to-date: /home/maninder/Music/turtlesim_project/install/my_turtle_interface/include/my_turtle_interface/my_turtle_interface/msg
[0.775s] -- Up-to-date: /home/maninder/Music/turtlesim_project/install/my_turtle_interface/include/my_turtle_interface/my_turtle_interface/msg/detail
[0.775s] -- Up-to-date: /home/maninder/Music/turtlesim_project/install/my_turtle_interface/include/my_turtle_interface/my_turtle_interface/msg/detail/turtle_spawn_info__builder.hpp
[0.775s] -- Up-to-date: /home/maninder/Music/turtlesim_project/install/my_turtle_interface/include/my_turtle_interface/my_turtle_interface/msg/detail/turtle_spawn_info__struct.hpp
[0.775s] -- Up-to-date: /home/maninder/Music/turtlesim_project/install/my_turtle_interface/include/my_turtle_interface/my_turtle_interface/msg/detail/turtle_spawn_info__traits.hpp
[0.775s] -- Up-to-date: /home/maninder/Music/turtlesim_project/install/my_turtle_interface/include/my_turtle_interface/my_turtle_interface/msg/turtle_spawn_info.hpp
[0.776s] -- Up-to-date: /home/maninder/Music/turtlesim_project/install/my_turtle_interface/include/my_turtle_interface/my_turtle_interface
[0.776s] -- Up-to-date: /home/maninder/Music/turtlesim_project/install/my_turtle_interface/include/my_turtle_interface/my_turtle_interface/msg
[0.776s] -- Up-to-date: /home/maninder/Music/turtlesim_project/install/my_turtle_interface/include/my_turtle_interface/my_turtle_interface/msg/detail
[0.776s] -- Up-to-date: /home/maninder/Music/turtlesim_project/install/my_turtle_interface/include/my_turtle_interface/my_turtle_interface/msg/detail/dds_fastrtps
[0.776s] -- Up-to-date: /home/maninder/Music/turtlesim_project/install/my_turtle_interface/include/my_turtle_interface/my_turtle_interface/msg/detail/turtle_spawn_info__rosidl_typesupport_fastrtps_cpp.hpp
[0.776s] -- Up-to-date: /home/maninder/Music/turtlesim_project/install/my_turtle_interface/include/my_turtle_interface/my_turtle_interface/msg/rosidl_typesupport_fastrtps_cpp__visibility_control.h
[0.776s] -- Up-to-date: /home/maninder/Music/turtlesim_project/install/my_turtle_interface/lib/libmy_turtle_interface__rosidl_typesupport_fastrtps_cpp.so
[0.776s] -- Up-to-date: /home/maninder/Music/turtlesim_project/install/my_turtle_interface/include/my_turtle_interface/my_turtle_interface
[0.777s] -- Up-to-date: /home/maninder/Music/turtlesim_project/install/my_turtle_interface/include/my_turtle_interface/my_turtle_interface/msg
[0.777s] -- Up-to-date: /home/maninder/Music/turtlesim_project/install/my_turtle_interface/include/my_turtle_interface/my_turtle_interface/msg/detail
[0.777s] -- Up-to-date: /home/maninder/Music/turtlesim_project/install/my_turtle_interface/include/my_turtle_interface/my_turtle_interface/msg/detail/turtle_spawn_info__type_support.cpp
[0.777s] -- Up-to-date: /home/maninder/Music/turtlesim_project/install/my_turtle_interface/include/my_turtle_interface/my_turtle_interface/msg/detail/turtle_spawn_info__rosidl_typesupport_introspection_cpp.hpp
[0.777s] -- Up-to-date: /home/maninder/Music/turtlesim_project/install/my_turtle_interface/lib/libmy_turtle_interface__rosidl_typesupport_introspection_cpp.so
[0.777s] -- Up-to-date: /home/maninder/Music/turtlesim_project/install/my_turtle_interface/lib/libmy_turtle_interface__rosidl_typesupport_cpp.so
[0.777s] -- Up-to-date: /home/maninder/Music/turtlesim_project/install/my_turtle_interface/share/my_turtle_interface/environment/pythonpath.sh
[0.777s] -- Up-to-date: /home/maninder/Music/turtlesim_project/install/my_turtle_interface/share/my_turtle_interface/environment/pythonpath.dsv
[0.777s] -- Up-to-date: /home/maninder/Music/turtlesim_project/install/my_turtle_interface/local/lib/python3.10/dist-packages/my_turtle_interface-0.0.0-py3.10.egg-info
[0.778s] -- Installing: /home/maninder/Music/turtlesim_project/install/my_turtle_interface/local/lib/python3.10/dist-packages/my_turtle_interface-0.0.0-py3.10.egg-info/PKG-INFO
[0.778s] -- Installing: /home/maninder/Music/turtlesim_project/install/my_turtle_interface/local/lib/python3.10/dist-packages/my_turtle_interface-0.0.0-py3.10.egg-info/dependency_links.txt
[0.778s] -- Installing: /home/maninder/Music/turtlesim_project/install/my_turtle_interface/local/lib/python3.10/dist-packages/my_turtle_interface-0.0.0-py3.10.egg-info/top_level.txt
[0.778s] -- Installing: /home/maninder/Music/turtlesim_project/install/my_turtle_interface/local/lib/python3.10/dist-packages/my_turtle_interface-0.0.0-py3.10.egg-info/SOURCES.txt
[0.778s] -- Up-to-date: /home/maninder/Music/turtlesim_project/install/my_turtle_interface/local/lib/python3.10/dist-packages/my_turtle_interface
[0.778s] -- Up-to-date: /home/maninder/Music/turtlesim_project/install/my_turtle_interface/local/lib/python3.10/dist-packages/my_turtle_interface/__init__.py
[0.779s] -- Up-to-date: /home/maninder/Music/turtlesim_project/install/my_turtle_interface/local/lib/python3.10/dist-packages/my_turtle_interface/my_turtle_interface_s__rosidl_typesupport_c.cpython-310-x86_64-linux-gnu.so
[0.779s] -- Up-to-date: /home/maninder/Music/turtlesim_project/install/my_turtle_interface/local/lib/python3.10/dist-packages/my_turtle_interface/msg
[0.779s] -- Up-to-date: /home/maninder/Music/turtlesim_project/install/my_turtle_interface/local/lib/python3.10/dist-packages/my_turtle_interface/msg/__init__.py
[0.779s] -- Up-to-date: /home/maninder/Music/turtlesim_project/install/my_turtle_interface/local/lib/python3.10/dist-packages/my_turtle_interface/msg/_turtle_spawn_info_s.c
[0.779s] -- Up-to-date: /home/maninder/Music/turtlesim_project/install/my_turtle_interface/local/lib/python3.10/dist-packages/my_turtle_interface/msg/_turtle_spawn_info.py
[0.779s] -- Up-to-date: /home/maninder/Music/turtlesim_project/install/my_turtle_interface/local/lib/python3.10/dist-packages/my_turtle_interface/_my_turtle_interface_s.ep.rosidl_typesupport_introspection_c.c
[0.779s] -- Up-to-date: /home/maninder/Music/turtlesim_project/install/my_turtle_interface/local/lib/python3.10/dist-packages/my_turtle_interface/libmy_turtle_interface__rosidl_generator_py.so
[0.779s] -- Up-to-date: /home/maninder/Music/turtlesim_project/install/my_turtle_interface/local/lib/python3.10/dist-packages/my_turtle_interface/my_turtle_interface_s__rosidl_typesupport_fastrtps_c.cpython-310-x86_64-linux-gnu.so
[0.779s] -- Up-to-date: /home/maninder/Music/turtlesim_project/install/my_turtle_interface/local/lib/python3.10/dist-packages/my_turtle_interface/my_turtle_interface_s__rosidl_typesupport_introspection_c.cpython-310-x86_64-linux-gnu.so
[0.780s] -- Up-to-date: /home/maninder/Music/turtlesim_project/install/my_turtle_interface/local/lib/python3.10/dist-packages/my_turtle_interface/_my_turtle_interface_s.ep.rosidl_typesupport_c.c
[0.780s] -- Up-to-date: /home/maninder/Music/turtlesim_project/install/my_turtle_interface/local/lib/python3.10/dist-packages/my_turtle_interface/_my_turtle_interface_s.ep.rosidl_typesupport_fastrtps_c.c
[0.823s] Listing '/home/maninder/Music/turtlesim_project/install/my_turtle_interface/local/lib/python3.10/dist-packages/my_turtle_interface'...
[0.823s] Listing '/home/maninder/Music/turtlesim_project/install/my_turtle_interface/local/lib/python3.10/dist-packages/my_turtle_interface/msg'...
[0.831s] -- Up-to-date: /home/maninder/Music/turtlesim_project/install/my_turtle_interface/local/lib/python3.10/dist-packages/my_turtle_interface/my_turtle_interface_s__rosidl_typesupport_fastrtps_c.cpython-310-x86_64-linux-gnu.so
[0.831s] -- Up-to-date: /home/maninder/Music/turtlesim_project/install/my_turtle_interface/local/lib/python3.10/dist-packages/my_turtle_interface/my_turtle_interface_s__rosidl_typesupport_introspection_c.cpython-310-x86_64-linux-gnu.so
[0.832s] -- Up-to-date: /home/maninder/Music/turtlesim_project/install/my_turtle_interface/local/lib/python3.10/dist-packages/my_turtle_interface/my_turtle_interface_s__rosidl_typesupport_c.cpython-310-x86_64-linux-gnu.so
[0.833s] -- Up-to-date: /home/maninder/Music/turtlesim_project/install/my_turtle_interface/lib/libmy_turtle_interface__rosidl_generator_py.so
[0.833s] -- Up-to-date: /home/maninder/Music/turtlesim_project/install/my_turtle_interface/share/my_turtle_interface/msg/TurtleSpawnInfo.idl
[0.833s] -- Up-to-date: /home/maninder/Music/turtlesim_project/install/my_turtle_interface/share/my_turtle_interface/msg/TurtleSpawnInfo.msg
[0.833s] -- Up-to-date: /home/maninder/Music/turtlesim_project/install/my_turtle_interface/share/ament_index/resource_index/package_run_dependencies/my_turtle_interface
[0.834s] -- Up-to-date: /home/maninder/Music/turtlesim_project/install/my_turtle_interface/share/ament_index/resource_index/parent_prefix_path/my_turtle_interface
[0.834s] -- Up-to-date: /home/maninder/Music/turtlesim_project/install/my_turtle_interface/share/my_turtle_interface/environment/ament_prefix_path.sh
[0.834s] -- Up-to-date: /home/maninder/Music/turtlesim_project/install/my_turtle_interface/share/my_turtle_interface/environment/ament_prefix_path.dsv
[0.834s] -- Up-to-date: /home/maninder/Music/turtlesim_project/install/my_turtle_interface/share/my_turtle_interface/environment/path.sh
[0.834s] -- Up-to-date: /home/maninder/Music/turtlesim_project/install/my_turtle_interface/share/my_turtle_interface/environment/path.dsv
[0.834s] -- Up-to-date: /home/maninder/Music/turtlesim_project/install/my_turtle_interface/share/my_turtle_interface/local_setup.bash
[0.834s] -- Up-to-date: /home/maninder/Music/turtlesim_project/install/my_turtle_interface/share/my_turtle_interface/local_setup.sh
[0.834s] -- Up-to-date: /home/maninder/Music/turtlesim_project/install/my_turtle_interface/share/my_turtle_interface/local_setup.zsh
[0.835s] -- Up-to-date: /home/maninder/Music/turtlesim_project/install/my_turtle_interface/share/my_turtle_interface/local_setup.dsv
[0.835s] -- Installing: /home/maninder/Music/turtlesim_project/install/my_turtle_interface/share/my_turtle_interface/package.dsv
[0.835s] -- Up-to-date: /home/maninder/Music/turtlesim_project/install/my_turtle_interface/share/ament_index/resource_index/packages/my_turtle_interface
[0.835s] -- Up-to-date: /home/maninder/Music/turtlesim_project/install/my_turtle_interface/share/my_turtle_interface/cmake/export_my_turtle_interface__rosidl_generator_cExport.cmake
[0.835s] -- Up-to-date: /home/maninder/Music/turtlesim_project/install/my_turtle_interface/share/my_turtle_interface/cmake/export_my_turtle_interface__rosidl_generator_cExport-noconfig.cmake
[0.835s] -- Up-to-date: /home/maninder/Music/turtlesim_project/install/my_turtle_interface/share/my_turtle_interface/cmake/export_my_turtle_interface__rosidl_typesupport_fastrtps_cExport.cmake
[0.835s] -- Up-to-date: /home/maninder/Music/turtlesim_project/install/my_turtle_interface/share/my_turtle_interface/cmake/export_my_turtle_interface__rosidl_typesupport_fastrtps_cExport-noconfig.cmake
[0.835s] -- Up-to-date: /home/maninder/Music/turtlesim_project/install/my_turtle_interface/share/my_turtle_interface/cmake/my_turtle_interface__rosidl_typesupport_introspection_cExport.cmake
[0.836s] -- Up-to-date: /home/maninder/Music/turtlesim_project/install/my_turtle_interface/share/my_turtle_interface/cmake/my_turtle_interface__rosidl_typesupport_introspection_cExport-noconfig.cmake
[0.836s] -- Up-to-date: /home/maninder/Music/turtlesim_project/install/my_turtle_interface/share/my_turtle_interface/cmake/my_turtle_interface__rosidl_typesupport_cExport.cmake
[0.836s] -- Up-to-date: /home/maninder/Music/turtlesim_project/install/my_turtle_interface/share/my_turtle_interface/cmake/my_turtle_interface__rosidl_typesupport_cExport-noconfig.cmake
[0.837s] -- Up-to-date: /home/maninder/Music/turtlesim_project/install/my_turtle_interface/share/my_turtle_interface/cmake/export_my_turtle_interface__rosidl_generator_cppExport.cmake
[0.837s] -- Up-to-date: /home/maninder/Music/turtlesim_project/install/my_turtle_interface/share/my_turtle_interface/cmake/export_my_turtle_interface__rosidl_typesupport_fastrtps_cppExport.cmake
[0.837s] -- Up-to-date: /home/maninder/Music/turtlesim_project/install/my_turtle_interface/share/my_turtle_interface/cmake/export_my_turtle_interface__rosidl_typesupport_fastrtps_cppExport-noconfig.cmake
[0.837s] -- Up-to-date: /home/maninder/Music/turtlesim_project/install/my_turtle_interface/share/my_turtle_interface/cmake/my_turtle_interface__rosidl_typesupport_introspection_cppExport.cmake
[0.837s] -- Up-to-date: /home/maninder/Music/turtlesim_project/install/my_turtle_interface/share/my_turtle_interface/cmake/my_turtle_interface__rosidl_typesupport_introspection_cppExport-noconfig.cmake
[0.837s] -- Up-to-date: /home/maninder/Music/turtlesim_project/install/my_turtle_interface/share/my_turtle_interface/cmake/my_turtle_interface__rosidl_typesupport_cppExport.cmake
[0.837s] -- Up-to-date: /home/maninder/Music/turtlesim_project/install/my_turtle_interface/share/my_turtle_interface/cmake/my_turtle_interface__rosidl_typesupport_cppExport-noconfig.cmake
[0.837s] -- Up-to-date: /home/maninder/Music/turtlesim_project/install/my_turtle_interface/share/my_turtle_interface/cmake/export_my_turtle_interface__rosidl_generator_pyExport.cmake
[0.837s] -- Up-to-date: /home/maninder/Music/turtlesim_project/install/my_turtle_interface/share/my_turtle_interface/cmake/export_my_turtle_interface__rosidl_generator_pyExport-noconfig.cmake
[0.838s] -- Up-to-date: /home/maninder/Music/turtlesim_project/install/my_turtle_interface/share/my_turtle_interface/cmake/rosidl_cmake-extras.cmake
[0.838s] -- Up-to-date: /home/maninder/Music/turtlesim_project/install/my_turtle_interface/share/my_turtle_interface/cmake/ament_cmake_export_include_directories-extras.cmake
[0.838s] -- Up-to-date: /home/maninder/Music/turtlesim_project/install/my_turtle_interface/share/my_turtle_interface/cmake/ament_cmake_export_libraries-extras.cmake
[0.838s] -- Up-to-date: /home/maninder/Music/turtlesim_project/install/my_turtle_interface/share/my_turtle_interface/cmake/ament_cmake_export_targets-extras.cmake
[0.838s] -- Up-to-date: /home/maninder/Music/turtlesim_project/install/my_turtle_interface/share/my_turtle_interface/cmake/rosidl_cmake_export_typesupport_targets-extras.cmake
[0.838s] -- Up-to-date: /home/maninder/Music/turtlesim_project/install/my_turtle_interface/share/my_turtle_interface/cmake/ament_cmake_export_dependencies-extras.cmake
[0.838s] -- Up-to-date: /home/maninder/Music/turtlesim_project/install/my_turtle_interface/share/my_turtle_interface/cmake/rosidl_cmake_export_typesupport_libraries-extras.cmake
[0.838s] -- Up-to-date: /home/maninder/Music/turtlesim_project/install/my_turtle_interface/share/my_turtle_interface/cmake/my_turtle_interfaceConfig.cmake
[0.838s] -- Up-to-date: /home/maninder/Music/turtlesim_project/install/my_turtle_interface/share/my_turtle_interface/cmake/my_turtle_interfaceConfig-version.cmake
[0.838s] -- Up-to-date: /home/maninder/Music/turtlesim_project/install/my_turtle_interface/share/my_turtle_interface/package.xml
[0.842s] Invoked command in '/home/maninder/Music/turtlesim_project/build/my_turtle_interface' returned '0': CMAKE_PREFIX_PATH=${CMAKE_PREFIX_PATH}:/home/maninder/Music/turtlesim_project/install/my_turtle_pkg:/home/maninder/Music/ros2_ws/install/my_py_pkg:/opt/ros/humble /usr/bin/cmake --install /home/maninder/Music/turtlesim_project/build/my_turtle_interface
