[0.133s] DEBUG:colcon:Command line arguments: ['/usr/bin/colcon', 'build']
[0.133s] DEBUG:colcon:Parsed command line arguments: Namespace(log_base=None, log_level=None, verb_name='build', build_base='build', install_base='install', merge_install=False, symlink_install=False, test_result_base=None, continue_on_error=False, executor='parallel', parallel_workers=12, event_handlers=None, ignore_user_meta=False, metas=['./colcon.meta'], base_paths=['.'], packages_ignore=None, packages_ignore_regex=None, paths=None, packages_up_to=None, packages_up_to_regex=None, packages_above=None, packages_above_and_dependencies=None, packages_above_depth=None, packages_select_by_dep=None, packages_skip_by_dep=None, packages_skip_up_to=None, packages_select_build_failed=False, packages_skip_build_finished=False, packages_select_test_failures=False, packages_skip_test_passed=False, packages_select=None, packages_skip=None, packages_select_regex=None, packages_skip_regex=None, packages_start=None, packages_end=None, allow_overriding=[], cmake_args=None, cmake_target=None, cmake_target_skip_unavailable=False, cmake_clean_cache=False, cmake_clean_first=False, cmake_force_configure=False, ament_cmake_args=None, catkin_cmake_args=None, catkin_skip_building_tests=False, verb_parser=<colcon_defaults.argument_parser.defaults.DefaultArgumentsDecorator object at 0x71a5fa8448e0>, verb_extension=<colcon_core.verb.build.BuildVerb object at 0x71a5fa844100>, main=<bound method BuildVerb.main of <colcon_core.verb.build.BuildVerb object at 0x71a5fa844100>>)
[0.380s] Level 1:colcon.colcon_core.package_discovery:discover_packages(colcon_meta) check parameters
[0.380s] Level 1:colcon.colcon_core.package_discovery:discover_packages(recursive) check parameters
[0.380s] Level 1:colcon.colcon_core.package_discovery:discover_packages(ignore) check parameters
[0.381s] Level 1:colcon.colcon_core.package_discovery:discover_packages(path) check parameters
[0.381s] Level 1:colcon.colcon_core.package_discovery:discover_packages(colcon_meta) discover
[0.381s] Level 1:colcon.colcon_core.package_discovery:discover_packages(recursive) discover
[0.381s] INFO:colcon.colcon_core.package_discovery:Crawling recursively for packages in '/home/maninder/Music/turtlesim_project'
[0.381s] Level 1:colcon.colcon_core.package_identification:_identify(.) by extensions ['ignore', 'ignore_ament_install']
[0.381s] Level 1:colcon.colcon_core.package_identification:_identify(.) by extension 'ignore'
[0.381s] Level 1:colcon.colcon_core.package_identification:_identify(.) by extension 'ignore_ament_install'
[0.381s] Level 1:colcon.colcon_core.package_identification:_identify(.) by extensions ['colcon_pkg']
[0.381s] Level 1:colcon.colcon_core.package_identification:_identify(.) by extension 'colcon_pkg'
[0.381s] Level 1:colcon.colcon_core.package_identification:_identify(.) by extensions ['colcon_meta']
[0.381s] Level 1:colcon.colcon_core.package_identification:_identify(.) by extension 'colcon_meta'
[0.381s] Level 1:colcon.colcon_core.package_identification:_identify(.) by extensions ['ros']
[0.381s] Level 1:colcon.colcon_core.package_identification:_identify(.) by extension 'ros'
[0.396s] Level 1:colcon.colcon_core.package_identification:_identify(.) by extensions ['cmake', 'python']
[0.396s] Level 1:colcon.colcon_core.package_identification:_identify(.) by extension 'cmake'
[0.396s] Level 1:colcon.colcon_core.package_identification:_identify(.) by extension 'python'
[0.396s] Level 1:colcon.colcon_core.package_identification:_identify(.) by extensions ['python_setup_py']
[0.396s] Level 1:colcon.colcon_core.package_identification:_identify(.) by extension 'python_setup_py'
[0.396s] Level 1:colcon.colcon_core.package_identification:_identify(build) by extensions ['ignore', 'ignore_ament_install']
[0.396s] Level 1:colcon.colcon_core.package_identification:_identify(build) by extension 'ignore'
[0.396s] Level 1:colcon.colcon_core.package_identification:_identify(build) ignored
[0.396s] Level 1:colcon.colcon_core.package_identification:_identify(install) by extensions ['ignore', 'ignore_ament_install']
[0.397s] Level 1:colcon.colcon_core.package_identification:_identify(install) by extension 'ignore'
[0.397s] Level 1:colcon.colcon_core.package_identification:_identify(install) ignored
[0.397s] Level 1:colcon.colcon_core.package_identification:_identify(log) by extensions ['ignore', 'ignore_ament_install']
[0.397s] Level 1:colcon.colcon_core.package_identification:_identify(log) by extension 'ignore'
[0.397s] Level 1:colcon.colcon_core.package_identification:_identify(log) ignored
[0.397s] Level 1:colcon.colcon_core.package_identification:_identify(src) by extensions ['ignore', 'ignore_ament_install']
[0.397s] Level 1:colcon.colcon_core.package_identification:_identify(src) by extension 'ignore'
[0.397s] Level 1:colcon.colcon_core.package_identification:_identify(src) by extension 'ignore_ament_install'
[0.397s] Level 1:colcon.colcon_core.package_identification:_identify(src) by extensions ['colcon_pkg']
[0.397s] Level 1:colcon.colcon_core.package_identification:_identify(src) by extension 'colcon_pkg'
[0.397s] Level 1:colcon.colcon_core.package_identification:_identify(src) by extensions ['colcon_meta']
[0.397s] Level 1:colcon.colcon_core.package_identification:_identify(src) by extension 'colcon_meta'
[0.397s] Level 1:colcon.colcon_core.package_identification:_identify(src) by extensions ['ros']
[0.398s] Level 1:colcon.colcon_core.package_identification:_identify(src) by extension 'ros'
[0.398s] Level 1:colcon.colcon_core.package_identification:_identify(src) by extensions ['cmake', 'python']
[0.398s] Level 1:colcon.colcon_core.package_identification:_identify(src) by extension 'cmake'
[0.398s] Level 1:colcon.colcon_core.package_identification:_identify(src) by extension 'python'
[0.398s] Level 1:colcon.colcon_core.package_identification:_identify(src) by extensions ['python_setup_py']
[0.398s] Level 1:colcon.colcon_core.package_identification:_identify(src) by extension 'python_setup_py'
[0.398s] Level 1:colcon.colcon_core.package_identification:_identify(src/my_turtle_bringup) by extensions ['ignore', 'ignore_ament_install']
[0.398s] Level 1:colcon.colcon_core.package_identification:_identify(src/my_turtle_bringup) by extension 'ignore'
[0.398s] Level 1:colcon.colcon_core.package_identification:_identify(src/my_turtle_bringup) by extension 'ignore_ament_install'
[0.398s] Level 1:colcon.colcon_core.package_identification:_identify(src/my_turtle_bringup) by extensions ['colcon_pkg']
[0.398s] Level 1:colcon.colcon_core.package_identification:_identify(src/my_turtle_bringup) by extension 'colcon_pkg'
[0.398s] Level 1:colcon.colcon_core.package_identification:_identify(src/my_turtle_bringup) by extensions ['colcon_meta']
[0.398s] Level 1:colcon.colcon_core.package_identification:_identify(src/my_turtle_bringup) by extension 'colcon_meta'
[0.398s] Level 1:colcon.colcon_core.package_identification:_identify(src/my_turtle_bringup) by extensions ['ros']
[0.398s] Level 1:colcon.colcon_core.package_identification:_identify(src/my_turtle_bringup) by extension 'ros'
[0.401s] DEBUG:colcon.colcon_core.package_identification:Package 'src/my_turtle_bringup' with type 'ros.ament_cmake' and name 'my_turtle_bringup'
[0.401s] Level 1:colcon.colcon_core.package_identification:_identify(src/my_turtle_interface) by extensions ['ignore', 'ignore_ament_install']
[0.402s] Level 1:colcon.colcon_core.package_identification:_identify(src/my_turtle_interface) by extension 'ignore'
[0.402s] Level 1:colcon.colcon_core.package_identification:_identify(src/my_turtle_interface) by extension 'ignore_ament_install'
[0.402s] Level 1:colcon.colcon_core.package_identification:_identify(src/my_turtle_interface) by extensions ['colcon_pkg']
[0.402s] Level 1:colcon.colcon_core.package_identification:_identify(src/my_turtle_interface) by extension 'colcon_pkg'
[0.402s] Level 1:colcon.colcon_core.package_identification:_identify(src/my_turtle_interface) by extensions ['colcon_meta']
[0.402s] Level 1:colcon.colcon_core.package_identification:_identify(src/my_turtle_interface) by extension 'colcon_meta'
[0.402s] Level 1:colcon.colcon_core.package_identification:_identify(src/my_turtle_interface) by extensions ['ros']
[0.402s] Level 1:colcon.colcon_core.package_identification:_identify(src/my_turtle_interface) by extension 'ros'
[0.402s] DEBUG:colcon.colcon_core.package_identification:Package 'src/my_turtle_interface' with type 'ros.ament_cmake' and name 'my_turtle_interface'
[0.403s] Level 1:colcon.colcon_core.package_identification:_identify(src/my_turtle_pkg) by extensions ['ignore', 'ignore_ament_install']
[0.403s] Level 1:colcon.colcon_core.package_identification:_identify(src/my_turtle_pkg) by extension 'ignore'
[0.403s] Level 1:colcon.colcon_core.package_identification:_identify(src/my_turtle_pkg) by extension 'ignore_ament_install'
[0.403s] Level 1:colcon.colcon_core.package_identification:_identify(src/my_turtle_pkg) by extensions ['colcon_pkg']
[0.403s] Level 1:colcon.colcon_core.package_identification:_identify(src/my_turtle_pkg) by extension 'colcon_pkg'
[0.403s] Level 1:colcon.colcon_core.package_identification:_identify(src/my_turtle_pkg) by extensions ['colcon_meta']
[0.403s] Level 1:colcon.colcon_core.package_identification:_identify(src/my_turtle_pkg) by extension 'colcon_meta'
[0.403s] Level 1:colcon.colcon_core.package_identification:_identify(src/my_turtle_pkg) by extensions ['ros']
[0.403s] Level 1:colcon.colcon_core.package_identification:_identify(src/my_turtle_pkg) by extension 'ros'
[0.404s] DEBUG:colcon.colcon_core.package_identification:Package 'src/my_turtle_pkg' with type 'ros.ament_python' and name 'my_turtle_pkg'
[0.404s] Level 1:colcon.colcon_core.package_discovery:discover_packages(recursive) using defaults
[0.404s] Level 1:colcon.colcon_core.package_discovery:discover_packages(ignore) discover
[0.404s] Level 1:colcon.colcon_core.package_discovery:discover_packages(ignore) using defaults
[0.404s] Level 1:colcon.colcon_core.package_discovery:discover_packages(path) discover
[0.404s] Level 1:colcon.colcon_core.package_discovery:discover_packages(path) using defaults
[0.456s] Level 1:colcon.colcon_core.package_discovery:discover_packages(prefix_path) check parameters
[0.457s] Level 1:colcon.colcon_core.package_discovery:discover_packages(prefix_path) discover
[0.459s] DEBUG:colcon.colcon_installed_package_information.package_discovery:Found 3 installed packages in /home/maninder/Music/turtlesim_project/install
[0.459s] DEBUG:colcon.colcon_installed_package_information.package_discovery:Found 4 installed packages in /home/maninder/Music/ros2_ws/install
[0.461s] DEBUG:colcon.colcon_installed_package_information.package_discovery:Found 270 installed packages in /opt/ros/humble
[0.463s] Level 1:colcon.colcon_core.package_discovery:discover_packages(prefix_path) using defaults
[0.509s] Level 5:colcon.colcon_core.verb:set package 'my_turtle_interface' build argument 'cmake_args' from command line to 'None'
[0.509s] Level 5:colcon.colcon_core.verb:set package 'my_turtle_interface' build argument 'cmake_target' from command line to 'None'
[0.509s] Level 5:colcon.colcon_core.verb:set package 'my_turtle_interface' build argument 'cmake_target_skip_unavailable' from command line to 'False'
[0.509s] Level 5:colcon.colcon_core.verb:set package 'my_turtle_interface' build argument 'cmake_clean_cache' from command line to 'False'
[0.509s] Level 5:colcon.colcon_core.verb:set package 'my_turtle_interface' build argument 'cmake_clean_first' from command line to 'False'
[0.509s] Level 5:colcon.colcon_core.verb:set package 'my_turtle_interface' build argument 'cmake_force_configure' from command line to 'False'
[0.509s] Level 5:colcon.colcon_core.verb:set package 'my_turtle_interface' build argument 'ament_cmake_args' from command line to 'None'
[0.509s] Level 5:colcon.colcon_core.verb:set package 'my_turtle_interface' build argument 'catkin_cmake_args' from command line to 'None'
[0.509s] Level 5:colcon.colcon_core.verb:set package 'my_turtle_interface' build argument 'catkin_skip_building_tests' from command line to 'False'
[0.509s] DEBUG:colcon.colcon_core.verb:Building package 'my_turtle_interface' with the following arguments: {'ament_cmake_args': None, 'build_base': '/home/maninder/Music/turtlesim_project/build/my_turtle_interface', 'catkin_cmake_args': None, 'catkin_skip_building_tests': False, 'cmake_args': None, 'cmake_clean_cache': False, 'cmake_clean_first': False, 'cmake_force_configure': False, 'cmake_target': None, 'cmake_target_skip_unavailable': False, 'install_base': '/home/maninder/Music/turtlesim_project/install/my_turtle_interface', 'merge_install': False, 'path': '/home/maninder/Music/turtlesim_project/src/my_turtle_interface', 'symlink_install': False, 'test_result_base': None}
[0.510s] Level 5:colcon.colcon_core.verb:set package 'my_turtle_pkg' build argument 'cmake_args' from command line to 'None'
[0.510s] Level 5:colcon.colcon_core.verb:set package 'my_turtle_pkg' build argument 'cmake_target' from command line to 'None'
[0.510s] Level 5:colcon.colcon_core.verb:set package 'my_turtle_pkg' build argument 'cmake_target_skip_unavailable' from command line to 'False'
[0.510s] Level 5:colcon.colcon_core.verb:set package 'my_turtle_pkg' build argument 'cmake_clean_cache' from command line to 'False'
[0.510s] Level 5:colcon.colcon_core.verb:set package 'my_turtle_pkg' build argument 'cmake_clean_first' from command line to 'False'
[0.510s] Level 5:colcon.colcon_core.verb:set package 'my_turtle_pkg' build argument 'cmake_force_configure' from command line to 'False'
[0.510s] Level 5:colcon.colcon_core.verb:set package 'my_turtle_pkg' build argument 'ament_cmake_args' from command line to 'None'
[0.510s] Level 5:colcon.colcon_core.verb:set package 'my_turtle_pkg' build argument 'catkin_cmake_args' from command line to 'None'
[0.510s] Level 5:colcon.colcon_core.verb:set package 'my_turtle_pkg' build argument 'catkin_skip_building_tests' from command line to 'False'
[0.510s] DEBUG:colcon.colcon_core.verb:Building package 'my_turtle_pkg' with the following arguments: {'ament_cmake_args': None, 'build_base': '/home/maninder/Music/turtlesim_project/build/my_turtle_pkg', 'catkin_cmake_args': None, 'catkin_skip_building_tests': False, 'cmake_args': None, 'cmake_clean_cache': False, 'cmake_clean_first': False, 'cmake_force_configure': False, 'cmake_target': None, 'cmake_target_skip_unavailable': False, 'install_base': '/home/maninder/Music/turtlesim_project/install/my_turtle_pkg', 'merge_install': False, 'path': '/home/maninder/Music/turtlesim_project/src/my_turtle_pkg', 'symlink_install': False, 'test_result_base': None}
[0.510s] Level 5:colcon.colcon_core.verb:set package 'my_turtle_bringup' build argument 'cmake_args' from command line to 'None'
[0.510s] Level 5:colcon.colcon_core.verb:set package 'my_turtle_bringup' build argument 'cmake_target' from command line to 'None'
[0.511s] Level 5:colcon.colcon_core.verb:set package 'my_turtle_bringup' build argument 'cmake_target_skip_unavailable' from command line to 'False'
[0.511s] Level 5:colcon.colcon_core.verb:set package 'my_turtle_bringup' build argument 'cmake_clean_cache' from command line to 'False'
[0.511s] Level 5:colcon.colcon_core.verb:set package 'my_turtle_bringup' build argument 'cmake_clean_first' from command line to 'False'
[0.511s] Level 5:colcon.colcon_core.verb:set package 'my_turtle_bringup' build argument 'cmake_force_configure' from command line to 'False'
[0.511s] Level 5:colcon.colcon_core.verb:set package 'my_turtle_bringup' build argument 'ament_cmake_args' from command line to 'None'
[0.511s] Level 5:colcon.colcon_core.verb:set package 'my_turtle_bringup' build argument 'catkin_cmake_args' from command line to 'None'
[0.511s] Level 5:colcon.colcon_core.verb:set package 'my_turtle_bringup' build argument 'catkin_skip_building_tests' from command line to 'False'
[0.511s] DEBUG:colcon.colcon_core.verb:Building package 'my_turtle_bringup' with the following arguments: {'ament_cmake_args': None, 'build_base': '/home/maninder/Music/turtlesim_project/build/my_turtle_bringup', 'catkin_cmake_args': None, 'catkin_skip_building_tests': False, 'cmake_args': None, 'cmake_clean_cache': False, 'cmake_clean_first': False, 'cmake_force_configure': False, 'cmake_target': None, 'cmake_target_skip_unavailable': False, 'install_base': '/home/maninder/Music/turtlesim_project/install/my_turtle_bringup', 'merge_install': False, 'path': '/home/maninder/Music/turtlesim_project/src/my_turtle_bringup', 'symlink_install': False, 'test_result_base': None}
[0.511s] INFO:colcon.colcon_core.executor:Executing jobs using 'parallel' executor
[0.513s] DEBUG:colcon.colcon_parallel_executor.executor.parallel:run_until_complete
[0.513s] INFO:colcon.colcon_ros.task.ament_cmake.build:Building ROS package in '/home/maninder/Music/turtlesim_project/src/my_turtle_interface' with build type 'ament_cmake'
[0.513s] INFO:colcon.colcon_cmake.task.cmake.build:Building CMake package in '/home/maninder/Music/turtlesim_project/src/my_turtle_interface'
[0.516s] INFO:colcon.colcon_core.plugin_system:Skipping extension 'colcon_core.shell.bat': Not used on non-Windows systems
[0.516s] INFO:colcon.colcon_core.shell:Skip shell extension 'powershell' for command environment: Not usable outside of PowerShell
[0.516s] DEBUG:colcon.colcon_core.shell:Skip shell extension 'dsv' for command environment
[0.535s] DEBUG:colcon.colcon_core.event_handler.log_command:Invoking command in '/home/maninder/Music/turtlesim_project/build/my_turtle_interface': CMAKE_PREFIX_PATH=${CMAKE_PREFIX_PATH}:/home/maninder/Music/turtlesim_project/install/my_turtle_pkg:/home/maninder/Music/ros2_ws/install/my_py_pkg:/opt/ros/humble /usr/bin/cmake --build /home/maninder/Music/turtlesim_project/build/my_turtle_interface -- -j12 -l12
[1.110s] DEBUG:colcon.colcon_core.event_handler.log_command:Invoked command in '/home/maninder/Music/turtlesim_project/build/my_turtle_interface' returned '0': CMAKE_PREFIX_PATH=${CMAKE_PREFIX_PATH}:/home/maninder/Music/turtlesim_project/install/my_turtle_pkg:/home/maninder/Music/ros2_ws/install/my_py_pkg:/opt/ros/humble /usr/bin/cmake --build /home/maninder/Music/turtlesim_project/build/my_turtle_interface -- -j12 -l12
[1.241s] DEBUG:colcon.colcon_core.event_handler.log_command:Invoking command in '/home/maninder/Music/turtlesim_project/build/my_turtle_interface': CMAKE_PREFIX_PATH=${CMAKE_PREFIX_PATH}:/home/maninder/Music/turtlesim_project/install/my_turtle_pkg:/home/maninder/Music/ros2_ws/install/my_py_pkg:/opt/ros/humble /usr/bin/cmake --install /home/maninder/Music/turtlesim_project/build/my_turtle_interface
[1.327s] Level 1:colcon.colcon_core.environment:create_environment_scripts_only(my_turtle_interface)
[1.328s] DEBUG:colcon.colcon_core.event_handler.log_command:Invoked command in '/home/maninder/Music/turtlesim_project/build/my_turtle_interface' returned '0': CMAKE_PREFIX_PATH=${CMAKE_PREFIX_PATH}:/home/maninder/Music/turtlesim_project/install/my_turtle_pkg:/home/maninder/Music/ros2_ws/install/my_py_pkg:/opt/ros/humble /usr/bin/cmake --install /home/maninder/Music/turtlesim_project/build/my_turtle_interface
[1.331s] Level 1:colcon.colcon_core.environment:checking '/home/maninder/Music/turtlesim_project/install/my_turtle_interface' for CMake module files
[1.332s] Level 1:colcon.colcon_core.environment:checking '/home/maninder/Music/turtlesim_project/install/my_turtle_interface' for CMake config files
[1.332s] Level 1:colcon.colcon_core.shell:create_environment_hook('my_turtle_interface', 'cmake_prefix_path')
[1.333s] INFO:colcon.colcon_core.shell:Creating environment hook '/home/maninder/Music/turtlesim_project/install/my_turtle_interface/share/my_turtle_interface/hook/cmake_prefix_path.ps1'
[1.334s] INFO:colcon.colcon_core.shell:Creating environment descriptor '/home/maninder/Music/turtlesim_project/install/my_turtle_interface/share/my_turtle_interface/hook/cmake_prefix_path.dsv'
[1.334s] INFO:colcon.colcon_core.shell:Creating environment hook '/home/maninder/Music/turtlesim_project/install/my_turtle_interface/share/my_turtle_interface/hook/cmake_prefix_path.sh'
[1.335s] Level 1:colcon.colcon_core.environment:checking '/home/maninder/Music/turtlesim_project/install/my_turtle_interface/lib'
[1.336s] Level 1:colcon.colcon_core.shell:create_environment_hook('my_turtle_interface', 'ld_library_path_lib')
[1.336s] INFO:colcon.colcon_core.shell:Creating environment hook '/home/maninder/Music/turtlesim_project/install/my_turtle_interface/share/my_turtle_interface/hook/ld_library_path_lib.ps1'
[1.337s] INFO:colcon.colcon_core.shell:Creating environment descriptor '/home/maninder/Music/turtlesim_project/install/my_turtle_interface/share/my_turtle_interface/hook/ld_library_path_lib.dsv'
[1.337s] INFO:colcon.colcon_core.shell:Creating environment hook '/home/maninder/Music/turtlesim_project/install/my_turtle_interface/share/my_turtle_interface/hook/ld_library_path_lib.sh'
[1.338s] Level 1:colcon.colcon_core.environment:checking '/home/maninder/Music/turtlesim_project/install/my_turtle_interface/bin'
[1.338s] Level 1:colcon.colcon_core.environment:checking '/home/maninder/Music/turtlesim_project/install/my_turtle_interface/lib/pkgconfig/my_turtle_interface.pc'
[1.338s] Level 1:colcon.colcon_core.environment:checking '/home/maninder/Music/turtlesim_project/install/my_turtle_interface/lib/python3.10/site-packages'
[1.338s] Level 1:colcon.colcon_core.environment:checking '/home/maninder/Music/turtlesim_project/install/my_turtle_interface/bin'
[1.339s] INFO:colcon.colcon_core.shell:Creating package script '/home/maninder/Music/turtlesim_project/install/my_turtle_interface/share/my_turtle_interface/package.ps1'
[1.340s] INFO:colcon.colcon_core.shell:Creating package descriptor '/home/maninder/Music/turtlesim_project/install/my_turtle_interface/share/my_turtle_interface/package.dsv'
[1.340s] INFO:colcon.colcon_core.shell:Creating package script '/home/maninder/Music/turtlesim_project/install/my_turtle_interface/share/my_turtle_interface/package.sh'
[1.341s] INFO:colcon.colcon_core.shell:Creating package script '/home/maninder/Music/turtlesim_project/install/my_turtle_interface/share/my_turtle_interface/package.bash'
[1.343s] INFO:colcon.colcon_core.shell:Creating package script '/home/maninder/Music/turtlesim_project/install/my_turtle_interface/share/my_turtle_interface/package.zsh'
[1.345s] Level 1:colcon.colcon_core.environment:create_file_with_runtime_dependencies(/home/maninder/Music/turtlesim_project/install/my_turtle_interface/share/colcon-core/packages/my_turtle_interface)
[1.469s] Level 1:colcon.colcon_core.environment:create_environment_scripts_only(my_turtle_interface)
[1.469s] Level 1:colcon.colcon_core.environment:checking '/home/maninder/Music/turtlesim_project/install/my_turtle_interface' for CMake module files
[1.471s] Level 1:colcon.colcon_core.environment:checking '/home/maninder/Music/turtlesim_project/install/my_turtle_interface' for CMake config files
[1.472s] Level 1:colcon.colcon_core.shell:create_environment_hook('my_turtle_interface', 'cmake_prefix_path')
[1.472s] INFO:colcon.colcon_core.shell:Creating environment hook '/home/maninder/Music/turtlesim_project/install/my_turtle_interface/share/my_turtle_interface/hook/cmake_prefix_path.ps1'
[1.473s] INFO:colcon.colcon_core.shell:Creating environment descriptor '/home/maninder/Music/turtlesim_project/install/my_turtle_interface/share/my_turtle_interface/hook/cmake_prefix_path.dsv'
[1.473s] INFO:colcon.colcon_core.shell:Creating environment hook '/home/maninder/Music/turtlesim_project/install/my_turtle_interface/share/my_turtle_interface/hook/cmake_prefix_path.sh'
[1.474s] Level 1:colcon.colcon_core.environment:checking '/home/maninder/Music/turtlesim_project/install/my_turtle_interface/lib'
[1.474s] Level 1:colcon.colcon_core.shell:create_environment_hook('my_turtle_interface', 'ld_library_path_lib')
[1.474s] INFO:colcon.colcon_core.shell:Creating environment hook '/home/maninder/Music/turtlesim_project/install/my_turtle_interface/share/my_turtle_interface/hook/ld_library_path_lib.ps1'
[1.475s] INFO:colcon.colcon_core.shell:Creating environment descriptor '/home/maninder/Music/turtlesim_project/install/my_turtle_interface/share/my_turtle_interface/hook/ld_library_path_lib.dsv'
[1.475s] INFO:colcon.colcon_core.shell:Creating environment hook '/home/maninder/Music/turtlesim_project/install/my_turtle_interface/share/my_turtle_interface/hook/ld_library_path_lib.sh'
[1.476s] Level 1:colcon.colcon_core.environment:checking '/home/maninder/Music/turtlesim_project/install/my_turtle_interface/bin'
[1.476s] Level 1:colcon.colcon_core.environment:checking '/home/maninder/Music/turtlesim_project/install/my_turtle_interface/lib/pkgconfig/my_turtle_interface.pc'
[1.476s] Level 1:colcon.colcon_core.environment:checking '/home/maninder/Music/turtlesim_project/install/my_turtle_interface/lib/python3.10/site-packages'
[1.477s] Level 1:colcon.colcon_core.environment:checking '/home/maninder/Music/turtlesim_project/install/my_turtle_interface/bin'
[1.477s] INFO:colcon.colcon_core.shell:Creating package script '/home/maninder/Music/turtlesim_project/install/my_turtle_interface/share/my_turtle_interface/package.ps1'
[1.478s] INFO:colcon.colcon_core.shell:Creating package descriptor '/home/maninder/Music/turtlesim_project/install/my_turtle_interface/share/my_turtle_interface/package.dsv'
[1.479s] INFO:colcon.colcon_core.shell:Creating package script '/home/maninder/Music/turtlesim_project/install/my_turtle_interface/share/my_turtle_interface/package.sh'
[1.480s] INFO:colcon.colcon_core.shell:Creating package script '/home/maninder/Music/turtlesim_project/install/my_turtle_interface/share/my_turtle_interface/package.bash'
[1.480s] INFO:colcon.colcon_core.shell:Creating package script '/home/maninder/Music/turtlesim_project/install/my_turtle_interface/share/my_turtle_interface/package.zsh'
[1.481s] Level 1:colcon.colcon_core.environment:create_file_with_runtime_dependencies(/home/maninder/Music/turtlesim_project/install/my_turtle_interface/share/colcon-core/packages/my_turtle_interface)
[1.481s] INFO:colcon.colcon_ros.task.ament_python.build:Building ROS package in '/home/maninder/Music/turtlesim_project/src/my_turtle_pkg' with build type 'ament_python'
[1.482s] Level 1:colcon.colcon_core.shell:create_environment_hook('my_turtle_pkg', 'ament_prefix_path')
[1.482s] INFO:colcon.colcon_core.shell:Creating environment hook '/home/maninder/Music/turtlesim_project/install/my_turtle_pkg/share/my_turtle_pkg/hook/ament_prefix_path.ps1'
[1.483s] INFO:colcon.colcon_core.shell:Creating environment descriptor '/home/maninder/Music/turtlesim_project/install/my_turtle_pkg/share/my_turtle_pkg/hook/ament_prefix_path.dsv'
[1.484s] INFO:colcon.colcon_core.shell:Creating environment hook '/home/maninder/Music/turtlesim_project/install/my_turtle_pkg/share/my_turtle_pkg/hook/ament_prefix_path.sh'
[1.485s] INFO:colcon.colcon_core.shell:Skip shell extension 'powershell' for command environment: Not usable outside of PowerShell
[1.485s] DEBUG:colcon.colcon_core.shell:Skip shell extension 'dsv' for command environment
[1.908s] INFO:colcon.colcon_core.task.python.build:Building Python package in '/home/maninder/Music/turtlesim_project/src/my_turtle_pkg'
[1.908s] INFO:colcon.colcon_core.shell:Skip shell extension 'powershell' for command environment: Not usable outside of PowerShell
[1.908s] DEBUG:colcon.colcon_core.shell:Skip shell extension 'dsv' for command environment
[2.426s] DEBUG:colcon.colcon_core.event_handler.log_command:Invoking command in '/home/maninder/Music/turtlesim_project/src/my_turtle_pkg': PYTHONPATH=/home/maninder/Music/turtlesim_project/build/my_turtle_pkg/prefix_override:/home/maninder/Music/turtlesim_project/install/my_turtle_pkg/lib/python3.10/site-packages:${PYTHONPATH} /usr/bin/python3 -W ignore:setup.py install is deprecated setup.py egg_info --egg-base ../../build/my_turtle_pkg build --build-base /home/maninder/Music/turtlesim_project/build/my_turtle_pkg/build install --record /home/maninder/Music/turtlesim_project/build/my_turtle_pkg/install.log --single-version-externally-managed install_data
[2.868s] Level 1:colcon.colcon_core.environment:checking '/home/maninder/Music/turtlesim_project/install/my_turtle_pkg' for CMake module files
[2.869s] DEBUG:colcon.colcon_core.event_handler.log_command:Invoked command in '/home/maninder/Music/turtlesim_project/src/my_turtle_pkg' returned '0': PYTHONPATH=/home/maninder/Music/turtlesim_project/build/my_turtle_pkg/prefix_override:/home/maninder/Music/turtlesim_project/install/my_turtle_pkg/lib/python3.10/site-packages:${PYTHONPATH} /usr/bin/python3 -W ignore:setup.py install is deprecated setup.py egg_info --egg-base ../../build/my_turtle_pkg build --build-base /home/maninder/Music/turtlesim_project/build/my_turtle_pkg/build install --record /home/maninder/Music/turtlesim_project/build/my_turtle_pkg/install.log --single-version-externally-managed install_data
[2.870s] Level 1:colcon.colcon_core.environment:checking '/home/maninder/Music/turtlesim_project/install/my_turtle_pkg' for CMake config files
[2.870s] Level 1:colcon.colcon_core.environment:checking '/home/maninder/Music/turtlesim_project/install/my_turtle_pkg/lib'
[2.871s] Level 1:colcon.colcon_core.environment:checking '/home/maninder/Music/turtlesim_project/install/my_turtle_pkg/bin'
[2.871s] Level 1:colcon.colcon_core.environment:checking '/home/maninder/Music/turtlesim_project/install/my_turtle_pkg/lib/pkgconfig/my_turtle_pkg.pc'
[2.871s] Level 1:colcon.colcon_core.environment:checking '/home/maninder/Music/turtlesim_project/install/my_turtle_pkg/lib/python3.10/site-packages'
[2.871s] Level 1:colcon.colcon_core.shell:create_environment_hook('my_turtle_pkg', 'pythonpath')
[2.871s] INFO:colcon.colcon_core.shell:Creating environment hook '/home/maninder/Music/turtlesim_project/install/my_turtle_pkg/share/my_turtle_pkg/hook/pythonpath.ps1'
[2.872s] INFO:colcon.colcon_core.shell:Creating environment descriptor '/home/maninder/Music/turtlesim_project/install/my_turtle_pkg/share/my_turtle_pkg/hook/pythonpath.dsv'
[2.872s] INFO:colcon.colcon_core.shell:Creating environment hook '/home/maninder/Music/turtlesim_project/install/my_turtle_pkg/share/my_turtle_pkg/hook/pythonpath.sh'
[2.873s] Level 1:colcon.colcon_core.environment:checking '/home/maninder/Music/turtlesim_project/install/my_turtle_pkg/bin'
[2.873s] Level 1:colcon.colcon_core.environment:create_environment_scripts_only(my_turtle_pkg)
[2.873s] INFO:colcon.colcon_core.shell:Creating package script '/home/maninder/Music/turtlesim_project/install/my_turtle_pkg/share/my_turtle_pkg/package.ps1'
[2.874s] INFO:colcon.colcon_core.shell:Creating package descriptor '/home/maninder/Music/turtlesim_project/install/my_turtle_pkg/share/my_turtle_pkg/package.dsv'
[2.874s] INFO:colcon.colcon_core.shell:Creating package script '/home/maninder/Music/turtlesim_project/install/my_turtle_pkg/share/my_turtle_pkg/package.sh'
[2.875s] INFO:colcon.colcon_core.shell:Creating package script '/home/maninder/Music/turtlesim_project/install/my_turtle_pkg/share/my_turtle_pkg/package.bash'
[2.875s] INFO:colcon.colcon_core.shell:Creating package script '/home/maninder/Music/turtlesim_project/install/my_turtle_pkg/share/my_turtle_pkg/package.zsh'
[2.876s] Level 1:colcon.colcon_core.environment:create_file_with_runtime_dependencies(/home/maninder/Music/turtlesim_project/install/my_turtle_pkg/share/colcon-core/packages/my_turtle_pkg)
[2.876s] INFO:colcon.colcon_ros.task.ament_cmake.build:Building ROS package in '/home/maninder/Music/turtlesim_project/src/my_turtle_bringup' with build type 'ament_cmake'
[2.876s] INFO:colcon.colcon_cmake.task.cmake.build:Building CMake package in '/home/maninder/Music/turtlesim_project/src/my_turtle_bringup'
[2.877s] INFO:colcon.colcon_core.shell:Skip shell extension 'powershell' for command environment: Not usable outside of PowerShell
[2.877s] DEBUG:colcon.colcon_core.shell:Skip shell extension 'dsv' for command environment
[2.896s] DEBUG:colcon.colcon_core.event_handler.log_command:Invoking command in '/home/maninder/Music/turtlesim_project/build/my_turtle_bringup': AMENT_PREFIX_PATH=/home/maninder/Music/turtlesim_project/install/my_turtle_pkg:/home/maninder/Music/turtlesim_project/install/my_turtle_interface:/home/maninder/Music/turtlesim_project/install/my_turtle_bringup:/home/maninder/Music/ros2_ws/install/my_robot_bringup:/home/maninder/Music/ros2_ws/install/my_py_pkg:/home/maninder/Music/ros2_ws/install/my_robot_interfaces:/home/maninder/Music/ros2_ws/install/my_cpp_pkg:/opt/ros/humble CMAKE_PREFIX_PATH=${CMAKE_PREFIX_PATH}:/home/maninder/Music/turtlesim_project/install/my_turtle_pkg:/home/maninder/Music/ros2_ws/install/my_py_pkg:/opt/ros/humble PYTHONPATH=/home/maninder/Music/turtlesim_project/install/my_turtle_pkg/lib/python3.10/site-packages:/home/maninder/Music/turtlesim_project/install/my_turtle_interface/local/lib/python3.10/dist-packages:/home/maninder/Music/ros2_ws/install/my_py_pkg/lib/python3.10/site-packages:/home/maninder/Music/ros2_ws/install/my_robot_interfaces/local/lib/python3.10/dist-packages:/opt/ros/humble/lib/python3.10/site-packages:/opt/ros/humble/local/lib/python3.10/dist-packages /usr/bin/cmake --build /home/maninder/Music/turtlesim_project/build/my_turtle_bringup -- -j12 -l12
[2.960s] DEBUG:colcon.colcon_core.event_handler.log_command:Invoked command in '/home/maninder/Music/turtlesim_project/build/my_turtle_bringup' returned '0': AMENT_PREFIX_PATH=/home/maninder/Music/turtlesim_project/install/my_turtle_pkg:/home/maninder/Music/turtlesim_project/install/my_turtle_interface:/home/maninder/Music/turtlesim_project/install/my_turtle_bringup:/home/maninder/Music/ros2_ws/install/my_robot_bringup:/home/maninder/Music/ros2_ws/install/my_py_pkg:/home/maninder/Music/ros2_ws/install/my_robot_interfaces:/home/maninder/Music/ros2_ws/install/my_cpp_pkg:/opt/ros/humble CMAKE_PREFIX_PATH=${CMAKE_PREFIX_PATH}:/home/maninder/Music/turtlesim_project/install/my_turtle_pkg:/home/maninder/Music/ros2_ws/install/my_py_pkg:/opt/ros/humble PYTHONPATH=/home/maninder/Music/turtlesim_project/install/my_turtle_pkg/lib/python3.10/site-packages:/home/maninder/Music/turtlesim_project/install/my_turtle_interface/local/lib/python3.10/dist-packages:/home/maninder/Music/ros2_ws/install/my_py_pkg/lib/python3.10/site-packages:/home/maninder/Music/ros2_ws/install/my_robot_interfaces/local/lib/python3.10/dist-packages:/opt/ros/humble/lib/python3.10/site-packages:/opt/ros/humble/local/lib/python3.10/dist-packages /usr/bin/cmake --build /home/maninder/Music/turtlesim_project/build/my_turtle_bringup -- -j12 -l12
[3.000s] DEBUG:colcon.colcon_core.event_handler.log_command:Invoking command in '/home/maninder/Music/turtlesim_project/build/my_turtle_bringup': AMENT_PREFIX_PATH=/home/maninder/Music/turtlesim_project/install/my_turtle_pkg:/home/maninder/Music/turtlesim_project/install/my_turtle_interface:/home/maninder/Music/turtlesim_project/install/my_turtle_bringup:/home/maninder/Music/ros2_ws/install/my_robot_bringup:/home/maninder/Music/ros2_ws/install/my_py_pkg:/home/maninder/Music/ros2_ws/install/my_robot_interfaces:/home/maninder/Music/ros2_ws/install/my_cpp_pkg:/opt/ros/humble CMAKE_PREFIX_PATH=${CMAKE_PREFIX_PATH}:/home/maninder/Music/turtlesim_project/install/my_turtle_pkg:/home/maninder/Music/ros2_ws/install/my_py_pkg:/opt/ros/humble PYTHONPATH=/home/maninder/Music/turtlesim_project/install/my_turtle_pkg/lib/python3.10/site-packages:/home/maninder/Music/turtlesim_project/install/my_turtle_interface/local/lib/python3.10/dist-packages:/home/maninder/Music/ros2_ws/install/my_py_pkg/lib/python3.10/site-packages:/home/maninder/Music/ros2_ws/install/my_robot_interfaces/local/lib/python3.10/dist-packages:/opt/ros/humble/lib/python3.10/site-packages:/opt/ros/humble/local/lib/python3.10/dist-packages /usr/bin/cmake --install /home/maninder/Music/turtlesim_project/build/my_turtle_bringup
[3.032s] Level 1:colcon.colcon_core.environment:create_environment_scripts_only(my_turtle_bringup)
[3.032s] Level 1:colcon.colcon_core.environment:checking '/home/maninder/Music/turtlesim_project/install/my_turtle_bringup' for CMake module files
[3.033s] DEBUG:colcon.colcon_core.event_handler.log_command:Invoked command in '/home/maninder/Music/turtlesim_project/build/my_turtle_bringup' returned '0': AMENT_PREFIX_PATH=/home/maninder/Music/turtlesim_project/install/my_turtle_pkg:/home/maninder/Music/turtlesim_project/install/my_turtle_interface:/home/maninder/Music/turtlesim_project/install/my_turtle_bringup:/home/maninder/Music/ros2_ws/install/my_robot_bringup:/home/maninder/Music/ros2_ws/install/my_py_pkg:/home/maninder/Music/ros2_ws/install/my_robot_interfaces:/home/maninder/Music/ros2_ws/install/my_cpp_pkg:/opt/ros/humble CMAKE_PREFIX_PATH=${CMAKE_PREFIX_PATH}:/home/maninder/Music/turtlesim_project/install/my_turtle_pkg:/home/maninder/Music/ros2_ws/install/my_py_pkg:/opt/ros/humble PYTHONPATH=/home/maninder/Music/turtlesim_project/install/my_turtle_pkg/lib/python3.10/site-packages:/home/maninder/Music/turtlesim_project/install/my_turtle_interface/local/lib/python3.10/dist-packages:/home/maninder/Music/ros2_ws/install/my_py_pkg/lib/python3.10/site-packages:/home/maninder/Music/ros2_ws/install/my_robot_interfaces/local/lib/python3.10/dist-packages:/opt/ros/humble/lib/python3.10/site-packages:/opt/ros/humble/local/lib/python3.10/dist-packages /usr/bin/cmake --install /home/maninder/Music/turtlesim_project/build/my_turtle_bringup
[3.034s] Level 1:colcon.colcon_core.environment:checking '/home/maninder/Music/turtlesim_project/install/my_turtle_bringup' for CMake config files
[3.034s] Level 1:colcon.colcon_core.shell:create_environment_hook('my_turtle_bringup', 'cmake_prefix_path')
[3.035s] INFO:colcon.colcon_core.shell:Creating environment hook '/home/maninder/Music/turtlesim_project/install/my_turtle_bringup/share/my_turtle_bringup/hook/cmake_prefix_path.ps1'
[3.035s] INFO:colcon.colcon_core.shell:Creating environment descriptor '/home/maninder/Music/turtlesim_project/install/my_turtle_bringup/share/my_turtle_bringup/hook/cmake_prefix_path.dsv'
[3.035s] INFO:colcon.colcon_core.shell:Creating environment hook '/home/maninder/Music/turtlesim_project/install/my_turtle_bringup/share/my_turtle_bringup/hook/cmake_prefix_path.sh'
[3.036s] Level 1:colcon.colcon_core.environment:checking '/home/maninder/Music/turtlesim_project/install/my_turtle_bringup/bin'
[3.036s] Level 1:colcon.colcon_core.environment:checking '/home/maninder/Music/turtlesim_project/install/my_turtle_bringup/lib/pkgconfig/my_turtle_bringup.pc'
[3.036s] Level 1:colcon.colcon_core.environment:checking '/home/maninder/Music/turtlesim_project/install/my_turtle_bringup/lib/python3.10/site-packages'
[3.037s] Level 1:colcon.colcon_core.environment:checking '/home/maninder/Music/turtlesim_project/install/my_turtle_bringup/bin'
[3.037s] INFO:colcon.colcon_core.shell:Creating package script '/home/maninder/Music/turtlesim_project/install/my_turtle_bringup/share/my_turtle_bringup/package.ps1'
[3.038s] INFO:colcon.colcon_core.shell:Creating package descriptor '/home/maninder/Music/turtlesim_project/install/my_turtle_bringup/share/my_turtle_bringup/package.dsv'
[3.038s] INFO:colcon.colcon_core.shell:Creating package script '/home/maninder/Music/turtlesim_project/install/my_turtle_bringup/share/my_turtle_bringup/package.sh'
[3.039s] INFO:colcon.colcon_core.shell:Creating package script '/home/maninder/Music/turtlesim_project/install/my_turtle_bringup/share/my_turtle_bringup/package.bash'
[3.040s] INFO:colcon.colcon_core.shell:Creating package script '/home/maninder/Music/turtlesim_project/install/my_turtle_bringup/share/my_turtle_bringup/package.zsh'
[3.040s] Level 1:colcon.colcon_core.environment:create_file_with_runtime_dependencies(/home/maninder/Music/turtlesim_project/install/my_turtle_bringup/share/colcon-core/packages/my_turtle_bringup)
[3.082s] Level 1:colcon.colcon_core.environment:create_environment_scripts_only(my_turtle_bringup)
[3.082s] Level 1:colcon.colcon_core.environment:checking '/home/maninder/Music/turtlesim_project/install/my_turtle_bringup' for CMake module files
[3.083s] Level 1:colcon.colcon_core.environment:checking '/home/maninder/Music/turtlesim_project/install/my_turtle_bringup' for CMake config files
[3.083s] Level 1:colcon.colcon_core.shell:create_environment_hook('my_turtle_bringup', 'cmake_prefix_path')
[3.083s] INFO:colcon.colcon_core.shell:Creating environment hook '/home/maninder/Music/turtlesim_project/install/my_turtle_bringup/share/my_turtle_bringup/hook/cmake_prefix_path.ps1'
[3.084s] INFO:colcon.colcon_core.shell:Creating environment descriptor '/home/maninder/Music/turtlesim_project/install/my_turtle_bringup/share/my_turtle_bringup/hook/cmake_prefix_path.dsv'
[3.084s] INFO:colcon.colcon_core.shell:Creating environment hook '/home/maninder/Music/turtlesim_project/install/my_turtle_bringup/share/my_turtle_bringup/hook/cmake_prefix_path.sh'
[3.085s] Level 1:colcon.colcon_core.environment:checking '/home/maninder/Music/turtlesim_project/install/my_turtle_bringup/bin'
[3.085s] Level 1:colcon.colcon_core.environment:checking '/home/maninder/Music/turtlesim_project/install/my_turtle_bringup/lib/pkgconfig/my_turtle_bringup.pc'
[3.085s] Level 1:colcon.colcon_core.environment:checking '/home/maninder/Music/turtlesim_project/install/my_turtle_bringup/lib/python3.10/site-packages'
[3.085s] Level 1:colcon.colcon_core.environment:checking '/home/maninder/Music/turtlesim_project/install/my_turtle_bringup/bin'
[3.086s] INFO:colcon.colcon_core.shell:Creating package script '/home/maninder/Music/turtlesim_project/install/my_turtle_bringup/share/my_turtle_bringup/package.ps1'
[3.086s] INFO:colcon.colcon_core.shell:Creating package descriptor '/home/maninder/Music/turtlesim_project/install/my_turtle_bringup/share/my_turtle_bringup/package.dsv'
[3.087s] INFO:colcon.colcon_core.shell:Creating package script '/home/maninder/Music/turtlesim_project/install/my_turtle_bringup/share/my_turtle_bringup/package.sh'
[3.087s] INFO:colcon.colcon_core.shell:Creating package script '/home/maninder/Music/turtlesim_project/install/my_turtle_bringup/share/my_turtle_bringup/package.bash'
[3.088s] INFO:colcon.colcon_core.shell:Creating package script '/home/maninder/Music/turtlesim_project/install/my_turtle_bringup/share/my_turtle_bringup/package.zsh'
[3.088s] Level 1:colcon.colcon_core.environment:create_file_with_runtime_dependencies(/home/maninder/Music/turtlesim_project/install/my_turtle_bringup/share/colcon-core/packages/my_turtle_bringup)
[3.088s] DEBUG:colcon.colcon_parallel_executor.executor.parallel:closing loop
[3.089s] DEBUG:colcon.colcon_parallel_executor.executor.parallel:loop closed
[3.089s] DEBUG:colcon.colcon_parallel_executor.executor.parallel:run_until_complete finished with '0'
[3.089s] DEBUG:colcon.colcon_core.event_reactor:joining thread
[3.095s] INFO:colcon.colcon_core.plugin_system:Skipping extension 'colcon_notification.desktop_notification.terminal_notifier': Not used on non-Darwin systems
[3.095s] INFO:colcon.colcon_core.plugin_system:Skipping extension 'colcon_notification.desktop_notification.win32': Not used on non-Windows systems
[3.096s] INFO:colcon.colcon_notification.desktop_notification:Sending desktop notification using 'notify2'
[3.112s] DEBUG:colcon.colcon_core.event_reactor:joined thread
[3.113s] INFO:colcon.colcon_core.shell:Creating prefix script '/home/maninder/Music/turtlesim_project/install/local_setup.ps1'
[3.115s] INFO:colcon.colcon_core.shell:Creating prefix util module '/home/maninder/Music/turtlesim_project/install/_local_setup_util_ps1.py'
[3.116s] INFO:colcon.colcon_core.shell:Creating prefix chain script '/home/maninder/Music/turtlesim_project/install/setup.ps1'
[3.118s] INFO:colcon.colcon_core.shell:Creating prefix script '/home/maninder/Music/turtlesim_project/install/local_setup.sh'
[3.119s] INFO:colcon.colcon_core.shell:Creating prefix util module '/home/maninder/Music/turtlesim_project/install/_local_setup_util_sh.py'
[3.119s] INFO:colcon.colcon_core.shell:Creating prefix chain script '/home/maninder/Music/turtlesim_project/install/setup.sh'
[3.121s] INFO:colcon.colcon_core.shell:Creating prefix script '/home/maninder/Music/turtlesim_project/install/local_setup.bash'
[3.122s] INFO:colcon.colcon_core.shell:Creating prefix chain script '/home/maninder/Music/turtlesim_project/install/setup.bash'
[3.124s] INFO:colcon.colcon_core.shell:Creating prefix script '/home/maninder/Music/turtlesim_project/install/local_setup.zsh'
[3.125s] INFO:colcon.colcon_core.shell:Creating prefix chain script '/home/maninder/Music/turtlesim_project/install/setup.zsh'
