-- Found ament_cmake: 1.3.8 (/opt/ros/humble/share/ament_cmake/cmake)
-- Override CMake install command with custom implementation using symlinks instead of copying resources
-- Configuring done
-- Generating done
-- Build files have been written to: /home/maninder/Music/turtlesim_project/build/my_turtle_bringup
-- Install configuration: ""
-- Execute custom install script
-- Up-to-date symlink: /home/maninder/Music/turtlesim_project/install/my_turtle_bringup/share/my_turtle_bringup/launch/turtlesim_app.launch.py
-- Up-to-date symlink: /home/maninder/Music/turtlesim_project/install/my_turtle_bringup/share/ament_index/resource_index/package_run_dependencies/my_turtle_bringup
-- Up-to-date symlink: /home/maninder/Music/turtlesim_project/install/my_turtle_bringup/share/ament_index/resource_index/parent_prefix_path/my_turtle_bringup
-- Up-to-date symlink: /home/maninder/Music/turtlesim_project/install/my_turtle_bringup/share/my_turtle_bringup/environment/ament_prefix_path.sh
-- Up-to-date symlink: /home/maninder/Music/turtlesim_project/install/my_turtle_bringup/share/my_turtle_bringup/environment/ament_prefix_path.dsv
-- Up-to-date symlink: /home/maninder/Music/turtlesim_project/install/my_turtle_bringup/share/my_turtle_bringup/environment/path.sh
-- Up-to-date symlink: /home/maninder/Music/turtlesim_project/install/my_turtle_bringup/share/my_turtle_bringup/environment/path.dsv
-- Up-to-date symlink: /home/maninder/Music/turtlesim_project/install/my_turtle_bringup/share/my_turtle_bringup/local_setup.bash
-- Up-to-date symlink: /home/maninder/Music/turtlesim_project/install/my_turtle_bringup/share/my_turtle_bringup/local_setup.sh
-- Up-to-date symlink: /home/maninder/Music/turtlesim_project/install/my_turtle_bringup/share/my_turtle_bringup/local_setup.zsh
-- Up-to-date symlink: /home/maninder/Music/turtlesim_project/install/my_turtle_bringup/share/my_turtle_bringup/local_setup.dsv
-- Symlinking: /home/maninder/Music/turtlesim_project/install/my_turtle_bringup/share/my_turtle_bringup/package.dsv
-- Up-to-date symlink: /home/maninder/Music/turtlesim_project/install/my_turtle_bringup/share/ament_index/resource_index/packages/my_turtle_bringup
-- Up-to-date symlink: /home/maninder/Music/turtlesim_project/install/my_turtle_bringup/share/my_turtle_bringup/cmake/my_turtle_bringupConfig.cmake
-- Up-to-date symlink: /home/maninder/Music/turtlesim_project/install/my_turtle_bringup/share/my_turtle_bringup/cmake/my_turtle_bringupConfig-version.cmake
-- Up-to-date symlink: /home/maninder/Music/turtlesim_project/install/my_turtle_bringup/share/my_turtle_bringup/package.xml
