[0.093s] DEBUG:colcon:Command line arguments: ['/usr/bin/colcon', 'build', '--symlink-install']
[0.093s] DEBUG:colcon:Parsed command line arguments: Namespace(log_base=None, log_level=None, verb_name='build', build_base='build', install_base='install', merge_install=False, symlink_install=True, test_result_base=None, continue_on_error=False, executor='parallel', parallel_workers=12, event_handlers=None, ignore_user_meta=False, metas=['./colcon.meta'], base_paths=['.'], packages_ignore=None, packages_ignore_regex=None, paths=None, packages_up_to=None, packages_up_to_regex=None, packages_above=None, packages_above_and_dependencies=None, packages_above_depth=None, packages_select_by_dep=None, packages_skip_by_dep=None, packages_skip_up_to=None, packages_select_build_failed=False, packages_skip_build_finished=False, packages_select_test_failures=False, packages_skip_test_passed=False, packages_select=None, packages_skip=None, packages_select_regex=None, packages_skip_regex=None, packages_start=None, packages_end=None, allow_overriding=[], cmake_args=None, cmake_target=None, cmake_target_skip_unavailable=False, cmake_clean_cache=False, cmake_clean_first=False, cmake_force_configure=False, ament_cmake_args=None, catkin_cmake_args=None, catkin_skip_building_tests=False, verb_parser=<colcon_defaults.argument_parser.defaults.DefaultArgumentsDecorator object at 0x770c32454730>, verb_extension=<colcon_core.verb.build.BuildVerb object at 0x770c32454160>, main=<bound method BuildVerb.main of <colcon_core.verb.build.BuildVerb object at 0x770c32454160>>)
[0.271s] Level 1:colcon.colcon_core.package_discovery:discover_packages(colcon_meta) check parameters
[0.271s] Level 1:colcon.colcon_core.package_discovery:discover_packages(recursive) check parameters
[0.271s] Level 1:colcon.colcon_core.package_discovery:discover_packages(ignore) check parameters
[0.271s] Level 1:colcon.colcon_core.package_discovery:discover_packages(path) check parameters
[0.271s] Level 1:colcon.colcon_core.package_discovery:discover_packages(colcon_meta) discover
[0.271s] Level 1:colcon.colcon_core.package_discovery:discover_packages(recursive) discover
[0.271s] INFO:colcon.colcon_core.package_discovery:Crawling recursively for packages in '/home/maninder/Music/turtlesim_project'
[0.271s] Level 1:colcon.colcon_core.package_identification:_identify(.) by extensions ['ignore', 'ignore_ament_install']
[0.271s] Level 1:colcon.colcon_core.package_identification:_identify(.) by extension 'ignore'
[0.272s] Level 1:colcon.colcon_core.package_identification:_identify(.) by extension 'ignore_ament_install'
[0.272s] Level 1:colcon.colcon_core.package_identification:_identify(.) by extensions ['colcon_pkg']
[0.272s] Level 1:colcon.colcon_core.package_identification:_identify(.) by extension 'colcon_pkg'
[0.272s] Level 1:colcon.colcon_core.package_identification:_identify(.) by extensions ['colcon_meta']
[0.272s] Level 1:colcon.colcon_core.package_identification:_identify(.) by extension 'colcon_meta'
[0.272s] Level 1:colcon.colcon_core.package_identification:_identify(.) by extensions ['ros']
[0.272s] Level 1:colcon.colcon_core.package_identification:_identify(.) by extension 'ros'
[0.281s] Level 1:colcon.colcon_core.package_identification:_identify(.) by extensions ['cmake', 'python']
[0.281s] Level 1:colcon.colcon_core.package_identification:_identify(.) by extension 'cmake'
[0.281s] Level 1:colcon.colcon_core.package_identification:_identify(.) by extension 'python'
[0.281s] Level 1:colcon.colcon_core.package_identification:_identify(.) by extensions ['python_setup_py']
[0.281s] Level 1:colcon.colcon_core.package_identification:_identify(.) by extension 'python_setup_py'
[0.282s] Level 1:colcon.colcon_core.package_identification:_identify(build) by extensions ['ignore', 'ignore_ament_install']
[0.282s] Level 1:colcon.colcon_core.package_identification:_identify(build) by extension 'ignore'
[0.282s] Level 1:colcon.colcon_core.package_identification:_identify(build) ignored
[0.282s] Level 1:colcon.colcon_core.package_identification:_identify(install) by extensions ['ignore', 'ignore_ament_install']
[0.282s] Level 1:colcon.colcon_core.package_identification:_identify(install) by extension 'ignore'
[0.282s] Level 1:colcon.colcon_core.package_identification:_identify(install) ignored
[0.282s] Level 1:colcon.colcon_core.package_identification:_identify(log) by extensions ['ignore', 'ignore_ament_install']
[0.282s] Level 1:colcon.colcon_core.package_identification:_identify(log) by extension 'ignore'
[0.282s] Level 1:colcon.colcon_core.package_identification:_identify(log) ignored
[0.283s] Level 1:colcon.colcon_core.package_identification:_identify(src) by extensions ['ignore', 'ignore_ament_install']
[0.283s] Level 1:colcon.colcon_core.package_identification:_identify(src) by extension 'ignore'
[0.283s] Level 1:colcon.colcon_core.package_identification:_identify(src) by extension 'ignore_ament_install'
[0.283s] Level 1:colcon.colcon_core.package_identification:_identify(src) by extensions ['colcon_pkg']
[0.283s] Level 1:colcon.colcon_core.package_identification:_identify(src) by extension 'colcon_pkg'
[0.283s] Level 1:colcon.colcon_core.package_identification:_identify(src) by extensions ['colcon_meta']
[0.283s] Level 1:colcon.colcon_core.package_identification:_identify(src) by extension 'colcon_meta'
[0.283s] Level 1:colcon.colcon_core.package_identification:_identify(src) by extensions ['ros']
[0.283s] Level 1:colcon.colcon_core.package_identification:_identify(src) by extension 'ros'
[0.283s] Level 1:colcon.colcon_core.package_identification:_identify(src) by extensions ['cmake', 'python']
[0.283s] Level 1:colcon.colcon_core.package_identification:_identify(src) by extension 'cmake'
[0.283s] Level 1:colcon.colcon_core.package_identification:_identify(src) by extension 'python'
[0.283s] Level 1:colcon.colcon_core.package_identification:_identify(src) by extensions ['python_setup_py']
[0.283s] Level 1:colcon.colcon_core.package_identification:_identify(src) by extension 'python_setup_py'
[0.283s] Level 1:colcon.colcon_core.package_identification:_identify(src/my_turtle_bringup) by extensions ['ignore', 'ignore_ament_install']
[0.283s] Level 1:colcon.colcon_core.package_identification:_identify(src/my_turtle_bringup) by extension 'ignore'
[0.283s] Level 1:colcon.colcon_core.package_identification:_identify(src/my_turtle_bringup) by extension 'ignore_ament_install'
[0.284s] Level 1:colcon.colcon_core.package_identification:_identify(src/my_turtle_bringup) by extensions ['colcon_pkg']
[0.284s] Level 1:colcon.colcon_core.package_identification:_identify(src/my_turtle_bringup) by extension 'colcon_pkg'
[0.284s] Level 1:colcon.colcon_core.package_identification:_identify(src/my_turtle_bringup) by extensions ['colcon_meta']
[0.284s] Level 1:colcon.colcon_core.package_identification:_identify(src/my_turtle_bringup) by extension 'colcon_meta'
[0.284s] Level 1:colcon.colcon_core.package_identification:_identify(src/my_turtle_bringup) by extensions ['ros']
[0.284s] Level 1:colcon.colcon_core.package_identification:_identify(src/my_turtle_bringup) by extension 'ros'
[0.286s] DEBUG:colcon.colcon_core.package_identification:Package 'src/my_turtle_bringup' with type 'ros.ament_cmake' and name 'my_turtle_bringup'
[0.286s] Level 1:colcon.colcon_core.package_identification:_identify(src/my_turtle_pkg) by extensions ['ignore', 'ignore_ament_install']
[0.286s] Level 1:colcon.colcon_core.package_identification:_identify(src/my_turtle_pkg) by extension 'ignore'
[0.286s] Level 1:colcon.colcon_core.package_identification:_identify(src/my_turtle_pkg) by extension 'ignore_ament_install'
[0.286s] Level 1:colcon.colcon_core.package_identification:_identify(src/my_turtle_pkg) by extensions ['colcon_pkg']
[0.286s] Level 1:colcon.colcon_core.package_identification:_identify(src/my_turtle_pkg) by extension 'colcon_pkg'
[0.286s] Level 1:colcon.colcon_core.package_identification:_identify(src/my_turtle_pkg) by extensions ['colcon_meta']
[0.286s] Level 1:colcon.colcon_core.package_identification:_identify(src/my_turtle_pkg) by extension 'colcon_meta'
[0.286s] Level 1:colcon.colcon_core.package_identification:_identify(src/my_turtle_pkg) by extensions ['ros']
[0.286s] Level 1:colcon.colcon_core.package_identification:_identify(src/my_turtle_pkg) by extension 'ros'
[0.287s] DEBUG:colcon.colcon_core.package_identification:Package 'src/my_turtle_pkg' with type 'ros.ament_python' and name 'my_turtle_pkg'
[0.287s] Level 1:colcon.colcon_core.package_discovery:discover_packages(recursive) using defaults
[0.287s] Level 1:colcon.colcon_core.package_discovery:discover_packages(ignore) discover
[0.287s] Level 1:colcon.colcon_core.package_discovery:discover_packages(ignore) using defaults
[0.287s] Level 1:colcon.colcon_core.package_discovery:discover_packages(path) discover
[0.287s] Level 1:colcon.colcon_core.package_discovery:discover_packages(path) using defaults
[0.317s] Level 1:colcon.colcon_core.package_discovery:discover_packages(prefix_path) check parameters
[0.317s] Level 1:colcon.colcon_core.package_discovery:discover_packages(prefix_path) discover
[0.319s] DEBUG:colcon.colcon_installed_package_information.package_discovery:Found 2 installed packages in /home/maninder/Music/turtlesim_project/install
[0.319s] DEBUG:colcon.colcon_installed_package_information.package_discovery:Found 4 installed packages in /home/maninder/Music/ros2_ws/install
[0.321s] DEBUG:colcon.colcon_installed_package_information.package_discovery:Found 270 installed packages in /opt/ros/humble
[0.322s] Level 1:colcon.colcon_core.package_discovery:discover_packages(prefix_path) using defaults
[0.355s] Level 5:colcon.colcon_core.verb:set package 'my_turtle_pkg' build argument 'cmake_args' from command line to 'None'
[0.355s] Level 5:colcon.colcon_core.verb:set package 'my_turtle_pkg' build argument 'cmake_target' from command line to 'None'
[0.355s] Level 5:colcon.colcon_core.verb:set package 'my_turtle_pkg' build argument 'cmake_target_skip_unavailable' from command line to 'False'
[0.355s] Level 5:colcon.colcon_core.verb:set package 'my_turtle_pkg' build argument 'cmake_clean_cache' from command line to 'False'
[0.355s] Level 5:colcon.colcon_core.verb:set package 'my_turtle_pkg' build argument 'cmake_clean_first' from command line to 'False'
[0.355s] Level 5:colcon.colcon_core.verb:set package 'my_turtle_pkg' build argument 'cmake_force_configure' from command line to 'False'
[0.355s] Level 5:colcon.colcon_core.verb:set package 'my_turtle_pkg' build argument 'ament_cmake_args' from command line to 'None'
[0.356s] Level 5:colcon.colcon_core.verb:set package 'my_turtle_pkg' build argument 'catkin_cmake_args' from command line to 'None'
[0.356s] Level 5:colcon.colcon_core.verb:set package 'my_turtle_pkg' build argument 'catkin_skip_building_tests' from command line to 'False'
[0.356s] DEBUG:colcon.colcon_core.verb:Building package 'my_turtle_pkg' with the following arguments: {'ament_cmake_args': None, 'build_base': '/home/maninder/Music/turtlesim_project/build/my_turtle_pkg', 'catkin_cmake_args': None, 'catkin_skip_building_tests': False, 'cmake_args': None, 'cmake_clean_cache': False, 'cmake_clean_first': False, 'cmake_force_configure': False, 'cmake_target': None, 'cmake_target_skip_unavailable': False, 'install_base': '/home/maninder/Music/turtlesim_project/install/my_turtle_pkg', 'merge_install': False, 'path': '/home/maninder/Music/turtlesim_project/src/my_turtle_pkg', 'symlink_install': True, 'test_result_base': None}
[0.356s] Level 5:colcon.colcon_core.verb:set package 'my_turtle_bringup' build argument 'cmake_args' from command line to 'None'
[0.356s] Level 5:colcon.colcon_core.verb:set package 'my_turtle_bringup' build argument 'cmake_target' from command line to 'None'
[0.356s] Level 5:colcon.colcon_core.verb:set package 'my_turtle_bringup' build argument 'cmake_target_skip_unavailable' from command line to 'False'
[0.356s] Level 5:colcon.colcon_core.verb:set package 'my_turtle_bringup' build argument 'cmake_clean_cache' from command line to 'False'
[0.356s] Level 5:colcon.colcon_core.verb:set package 'my_turtle_bringup' build argument 'cmake_clean_first' from command line to 'False'
[0.356s] Level 5:colcon.colcon_core.verb:set package 'my_turtle_bringup' build argument 'cmake_force_configure' from command line to 'False'
[0.356s] Level 5:colcon.colcon_core.verb:set package 'my_turtle_bringup' build argument 'ament_cmake_args' from command line to 'None'
[0.356s] Level 5:colcon.colcon_core.verb:set package 'my_turtle_bringup' build argument 'catkin_cmake_args' from command line to 'None'
[0.356s] Level 5:colcon.colcon_core.verb:set package 'my_turtle_bringup' build argument 'catkin_skip_building_tests' from command line to 'False'
[0.356s] DEBUG:colcon.colcon_core.verb:Building package 'my_turtle_bringup' with the following arguments: {'ament_cmake_args': None, 'build_base': '/home/maninder/Music/turtlesim_project/build/my_turtle_bringup', 'catkin_cmake_args': None, 'catkin_skip_building_tests': False, 'cmake_args': None, 'cmake_clean_cache': False, 'cmake_clean_first': False, 'cmake_force_configure': False, 'cmake_target': None, 'cmake_target_skip_unavailable': False, 'install_base': '/home/maninder/Music/turtlesim_project/install/my_turtle_bringup', 'merge_install': False, 'path': '/home/maninder/Music/turtlesim_project/src/my_turtle_bringup', 'symlink_install': True, 'test_result_base': None}
[0.356s] INFO:colcon.colcon_core.executor:Executing jobs using 'parallel' executor
[0.357s] DEBUG:colcon.colcon_parallel_executor.executor.parallel:run_until_complete
[0.358s] INFO:colcon.colcon_ros.task.ament_python.build:Building ROS package in '/home/maninder/Music/turtlesim_project/src/my_turtle_pkg' with build type 'ament_python'
[0.358s] Level 1:colcon.colcon_core.shell:create_environment_hook('my_turtle_pkg', 'ament_prefix_path')
[0.360s] INFO:colcon.colcon_core.plugin_system:Skipping extension 'colcon_core.shell.bat': Not used on non-Windows systems
[0.360s] INFO:colcon.colcon_core.shell:Creating environment hook '/home/maninder/Music/turtlesim_project/install/my_turtle_pkg/share/my_turtle_pkg/hook/ament_prefix_path.ps1'
[0.361s] INFO:colcon.colcon_core.shell:Creating environment descriptor '/home/maninder/Music/turtlesim_project/install/my_turtle_pkg/share/my_turtle_pkg/hook/ament_prefix_path.dsv'
[0.361s] INFO:colcon.colcon_core.shell:Creating environment hook '/home/maninder/Music/turtlesim_project/install/my_turtle_pkg/share/my_turtle_pkg/hook/ament_prefix_path.sh'
[0.362s] INFO:colcon.colcon_core.shell:Skip shell extension 'powershell' for command environment: Not usable outside of PowerShell
[0.362s] DEBUG:colcon.colcon_core.shell:Skip shell extension 'dsv' for command environment
[0.637s] INFO:colcon.colcon_core.task.python.build:Building Python package in '/home/maninder/Music/turtlesim_project/src/my_turtle_pkg'
[0.637s] INFO:colcon.colcon_core.shell:Skip shell extension 'powershell' for command environment: Not usable outside of PowerShell
[0.637s] DEBUG:colcon.colcon_core.shell:Skip shell extension 'dsv' for command environment
[1.002s] DEBUG:colcon.colcon_core.task.python.build:While undoing a previous installation files outside the Python library path are being ignored: /home/maninder/Music/turtlesim_project/install/my_turtle_pkg/share/ament_index/resource_index/packages/my_turtle_pkg
[1.002s] DEBUG:colcon.colcon_core.task.python.build:While undoing a previous installation files outside the Python library path are being ignored: /home/maninder/Music/turtlesim_project/install/my_turtle_pkg/share/my_turtle_pkg/package.xml
[1.003s] DEBUG:colcon.colcon_core.task.python.build:While undoing a previous installation files outside the Python library path are being ignored: /home/maninder/Music/turtlesim_project/install/my_turtle_pkg/lib/my_turtle_pkg/turtle_catch_node
[1.003s] DEBUG:colcon.colcon_core.task.python.build:While undoing a previous installation files outside the Python library path are being ignored: /home/maninder/Music/turtlesim_project/install/my_turtle_pkg/lib/my_turtle_pkg/turtle_spawn_node
[1.009s] DEBUG:colcon.colcon_core.event_handler.log_command:Invoking command in '/home/maninder/Music/turtlesim_project/build/my_turtle_pkg': PYTHONPATH=/home/maninder/Music/turtlesim_project/build/my_turtle_pkg/prefix_override:/home/maninder/Music/turtlesim_project/install/my_turtle_pkg/lib/python3.10/site-packages:${PYTHONPATH} /usr/bin/python3 -W ignore:setup.py install is deprecated setup.py develop --editable --build-directory /home/maninder/Music/turtlesim_project/build/my_turtle_pkg/build --no-deps symlink_data --force
[1.486s] Level 1:colcon.colcon_core.shell:create_environment_hook('my_turtle_pkg', 'pythonpath_develop')
[1.486s] INFO:colcon.colcon_core.shell:Creating environment hook '/home/maninder/Music/turtlesim_project/build/my_turtle_pkg/share/my_turtle_pkg/hook/pythonpath_develop.ps1'
[1.487s] DEBUG:colcon.colcon_core.event_handler.log_command:Invoked command in '/home/maninder/Music/turtlesim_project/build/my_turtle_pkg' returned '0': PYTHONPATH=/home/maninder/Music/turtlesim_project/build/my_turtle_pkg/prefix_override:/home/maninder/Music/turtlesim_project/install/my_turtle_pkg/lib/python3.10/site-packages:${PYTHONPATH} /usr/bin/python3 -W ignore:setup.py install is deprecated setup.py develop --editable --build-directory /home/maninder/Music/turtlesim_project/build/my_turtle_pkg/build --no-deps symlink_data --force
[1.487s] INFO:colcon.colcon_core.shell:Creating environment descriptor '/home/maninder/Music/turtlesim_project/build/my_turtle_pkg/share/my_turtle_pkg/hook/pythonpath_develop.dsv'
[1.488s] INFO:colcon.colcon_core.shell:Creating environment hook '/home/maninder/Music/turtlesim_project/build/my_turtle_pkg/share/my_turtle_pkg/hook/pythonpath_develop.sh'
[1.490s] Level 1:colcon.colcon_core.environment:checking '/home/maninder/Music/turtlesim_project/install/my_turtle_pkg' for CMake module files
[1.490s] Level 1:colcon.colcon_core.environment:checking '/home/maninder/Music/turtlesim_project/install/my_turtle_pkg' for CMake config files
[1.491s] Level 1:colcon.colcon_core.environment:checking '/home/maninder/Music/turtlesim_project/install/my_turtle_pkg/lib'
[1.491s] Level 1:colcon.colcon_core.environment:checking '/home/maninder/Music/turtlesim_project/install/my_turtle_pkg/bin'
[1.491s] Level 1:colcon.colcon_core.environment:checking '/home/maninder/Music/turtlesim_project/install/my_turtle_pkg/lib/pkgconfig/my_turtle_pkg.pc'
[1.491s] Level 1:colcon.colcon_core.environment:checking '/home/maninder/Music/turtlesim_project/install/my_turtle_pkg/lib/python3.10/site-packages'
[1.491s] Level 1:colcon.colcon_core.shell:create_environment_hook('my_turtle_pkg', 'pythonpath')
[1.491s] INFO:colcon.colcon_core.shell:Creating environment hook '/home/maninder/Music/turtlesim_project/install/my_turtle_pkg/share/my_turtle_pkg/hook/pythonpath.ps1'
[1.492s] INFO:colcon.colcon_core.shell:Creating environment descriptor '/home/maninder/Music/turtlesim_project/install/my_turtle_pkg/share/my_turtle_pkg/hook/pythonpath.dsv'
[1.492s] INFO:colcon.colcon_core.shell:Creating environment hook '/home/maninder/Music/turtlesim_project/install/my_turtle_pkg/share/my_turtle_pkg/hook/pythonpath.sh'
[1.493s] Level 1:colcon.colcon_core.environment:checking '/home/maninder/Music/turtlesim_project/install/my_turtle_pkg/bin'
[1.493s] Level 1:colcon.colcon_core.environment:create_environment_scripts_only(my_turtle_pkg)
[1.493s] INFO:colcon.colcon_core.shell:Creating package script '/home/maninder/Music/turtlesim_project/install/my_turtle_pkg/share/my_turtle_pkg/package.ps1'
[1.494s] INFO:colcon.colcon_core.shell:Creating package descriptor '/home/maninder/Music/turtlesim_project/install/my_turtle_pkg/share/my_turtle_pkg/package.dsv'
[1.495s] INFO:colcon.colcon_core.shell:Creating package script '/home/maninder/Music/turtlesim_project/install/my_turtle_pkg/share/my_turtle_pkg/package.sh'
[1.495s] INFO:colcon.colcon_core.shell:Creating package script '/home/maninder/Music/turtlesim_project/install/my_turtle_pkg/share/my_turtle_pkg/package.bash'
[1.496s] INFO:colcon.colcon_core.shell:Creating package script '/home/maninder/Music/turtlesim_project/install/my_turtle_pkg/share/my_turtle_pkg/package.zsh'
[1.496s] Level 1:colcon.colcon_core.environment:create_file_with_runtime_dependencies(/home/maninder/Music/turtlesim_project/install/my_turtle_pkg/share/colcon-core/packages/my_turtle_pkg)
[1.497s] INFO:colcon.colcon_ros.task.ament_cmake.build:Building ROS package in '/home/maninder/Music/turtlesim_project/src/my_turtle_bringup' with build type 'ament_cmake'
[1.497s] INFO:colcon.colcon_cmake.task.cmake.build:Building CMake package in '/home/maninder/Music/turtlesim_project/src/my_turtle_bringup'
[1.497s] INFO:colcon.colcon_core.shell:Skip shell extension 'powershell' for command environment: Not usable outside of PowerShell
[1.497s] DEBUG:colcon.colcon_core.shell:Skip shell extension 'dsv' for command environment
[1.510s] DEBUG:colcon.colcon_core.event_handler.log_command:Invoking command in '/home/maninder/Music/turtlesim_project/build/my_turtle_bringup': AMENT_PREFIX_PATH=/home/maninder/Music/turtlesim_project/install/my_turtle_pkg:/home/maninder/Music/turtlesim_project/install/my_turtle_bringup:/home/maninder/Music/ros2_ws/install/my_robot_bringup:/home/maninder/Music/ros2_ws/install/my_py_pkg:/home/maninder/Music/ros2_ws/install/my_robot_interfaces:/home/maninder/Music/ros2_ws/install/my_cpp_pkg:/opt/ros/humble CMAKE_PREFIX_PATH=${CMAKE_PREFIX_PATH}:/home/maninder/Music/turtlesim_project/install/my_turtle_pkg:/home/maninder/Music/ros2_ws/install/my_py_pkg:/opt/ros/humble PYTHONPATH=/home/maninder/Music/turtlesim_project/build/my_turtle_pkg:${PYTHONPATH} /usr/bin/cmake /home/maninder/Music/turtlesim_project/src/my_turtle_bringup -DAMENT_CMAKE_SYMLINK_INSTALL=1 -DCMAKE_INSTALL_PREFIX=/home/maninder/Music/turtlesim_project/install/my_turtle_bringup
[1.753s] DEBUG:colcon.colcon_core.event_handler.log_command:Invoked command in '/home/maninder/Music/turtlesim_project/build/my_turtle_bringup' returned '0': AMENT_PREFIX_PATH=/home/maninder/Music/turtlesim_project/install/my_turtle_pkg:/home/maninder/Music/turtlesim_project/install/my_turtle_bringup:/home/maninder/Music/ros2_ws/install/my_robot_bringup:/home/maninder/Music/ros2_ws/install/my_py_pkg:/home/maninder/Music/ros2_ws/install/my_robot_interfaces:/home/maninder/Music/ros2_ws/install/my_cpp_pkg:/opt/ros/humble CMAKE_PREFIX_PATH=${CMAKE_PREFIX_PATH}:/home/maninder/Music/turtlesim_project/install/my_turtle_pkg:/home/maninder/Music/ros2_ws/install/my_py_pkg:/opt/ros/humble PYTHONPATH=/home/maninder/Music/turtlesim_project/build/my_turtle_pkg:${PYTHONPATH} /usr/bin/cmake /home/maninder/Music/turtlesim_project/src/my_turtle_bringup -DAMENT_CMAKE_SYMLINK_INSTALL=1 -DCMAKE_INSTALL_PREFIX=/home/maninder/Music/turtlesim_project/install/my_turtle_bringup
[1.755s] DEBUG:colcon.colcon_core.event_handler.log_command:Invoking command in '/home/maninder/Music/turtlesim_project/build/my_turtle_bringup': AMENT_PREFIX_PATH=/home/maninder/Music/turtlesim_project/install/my_turtle_pkg:/home/maninder/Music/turtlesim_project/install/my_turtle_bringup:/home/maninder/Music/ros2_ws/install/my_robot_bringup:/home/maninder/Music/ros2_ws/install/my_py_pkg:/home/maninder/Music/ros2_ws/install/my_robot_interfaces:/home/maninder/Music/ros2_ws/install/my_cpp_pkg:/opt/ros/humble CMAKE_PREFIX_PATH=${CMAKE_PREFIX_PATH}:/home/maninder/Music/turtlesim_project/install/my_turtle_pkg:/home/maninder/Music/ros2_ws/install/my_py_pkg:/opt/ros/humble PYTHONPATH=/home/maninder/Music/turtlesim_project/build/my_turtle_pkg:${PYTHONPATH} /usr/bin/cmake --build /home/maninder/Music/turtlesim_project/build/my_turtle_bringup -- -j12 -l12
[1.808s] DEBUG:colcon.colcon_core.event_handler.log_command:Invoked command in '/home/maninder/Music/turtlesim_project/build/my_turtle_bringup' returned '0': AMENT_PREFIX_PATH=/home/maninder/Music/turtlesim_project/install/my_turtle_pkg:/home/maninder/Music/turtlesim_project/install/my_turtle_bringup:/home/maninder/Music/ros2_ws/install/my_robot_bringup:/home/maninder/Music/ros2_ws/install/my_py_pkg:/home/maninder/Music/ros2_ws/install/my_robot_interfaces:/home/maninder/Music/ros2_ws/install/my_cpp_pkg:/opt/ros/humble CMAKE_PREFIX_PATH=${CMAKE_PREFIX_PATH}:/home/maninder/Music/turtlesim_project/install/my_turtle_pkg:/home/maninder/Music/ros2_ws/install/my_py_pkg:/opt/ros/humble PYTHONPATH=/home/maninder/Music/turtlesim_project/build/my_turtle_pkg:${PYTHONPATH} /usr/bin/cmake --build /home/maninder/Music/turtlesim_project/build/my_turtle_bringup -- -j12 -l12
[1.849s] DEBUG:colcon.colcon_core.event_handler.log_command:Invoking command in '/home/maninder/Music/turtlesim_project/build/my_turtle_bringup': AMENT_PREFIX_PATH=/home/maninder/Music/turtlesim_project/install/my_turtle_pkg:/home/maninder/Music/turtlesim_project/install/my_turtle_bringup:/home/maninder/Music/ros2_ws/install/my_robot_bringup:/home/maninder/Music/ros2_ws/install/my_py_pkg:/home/maninder/Music/ros2_ws/install/my_robot_interfaces:/home/maninder/Music/ros2_ws/install/my_cpp_pkg:/opt/ros/humble CMAKE_PREFIX_PATH=${CMAKE_PREFIX_PATH}:/home/maninder/Music/turtlesim_project/install/my_turtle_pkg:/home/maninder/Music/ros2_ws/install/my_py_pkg:/opt/ros/humble PYTHONPATH=/home/maninder/Music/turtlesim_project/build/my_turtle_pkg:${PYTHONPATH} /usr/bin/cmake --install /home/maninder/Music/turtlesim_project/build/my_turtle_bringup
[1.875s] Level 1:colcon.colcon_core.environment:create_environment_scripts_only(my_turtle_bringup)
[1.876s] DEBUG:colcon.colcon_core.event_handler.log_command:Invoked command in '/home/maninder/Music/turtlesim_project/build/my_turtle_bringup' returned '0': AMENT_PREFIX_PATH=/home/maninder/Music/turtlesim_project/install/my_turtle_pkg:/home/maninder/Music/turtlesim_project/install/my_turtle_bringup:/home/maninder/Music/ros2_ws/install/my_robot_bringup:/home/maninder/Music/ros2_ws/install/my_py_pkg:/home/maninder/Music/ros2_ws/install/my_robot_interfaces:/home/maninder/Music/ros2_ws/install/my_cpp_pkg:/opt/ros/humble CMAKE_PREFIX_PATH=${CMAKE_PREFIX_PATH}:/home/maninder/Music/turtlesim_project/install/my_turtle_pkg:/home/maninder/Music/ros2_ws/install/my_py_pkg:/opt/ros/humble PYTHONPATH=/home/maninder/Music/turtlesim_project/build/my_turtle_pkg:${PYTHONPATH} /usr/bin/cmake --install /home/maninder/Music/turtlesim_project/build/my_turtle_bringup
[1.876s] Level 1:colcon.colcon_core.environment:checking '/home/maninder/Music/turtlesim_project/install/my_turtle_bringup' for CMake module files
[1.877s] Level 1:colcon.colcon_core.environment:checking '/home/maninder/Music/turtlesim_project/install/my_turtle_bringup' for CMake config files
[1.878s] Level 1:colcon.colcon_core.shell:create_environment_hook('my_turtle_bringup', 'cmake_prefix_path')
[1.878s] INFO:colcon.colcon_core.shell:Creating environment hook '/home/maninder/Music/turtlesim_project/install/my_turtle_bringup/share/my_turtle_bringup/hook/cmake_prefix_path.ps1'
[1.879s] INFO:colcon.colcon_core.shell:Creating environment descriptor '/home/maninder/Music/turtlesim_project/install/my_turtle_bringup/share/my_turtle_bringup/hook/cmake_prefix_path.dsv'
[1.879s] INFO:colcon.colcon_core.shell:Creating environment hook '/home/maninder/Music/turtlesim_project/install/my_turtle_bringup/share/my_turtle_bringup/hook/cmake_prefix_path.sh'
[1.879s] Level 1:colcon.colcon_core.environment:checking '/home/maninder/Music/turtlesim_project/install/my_turtle_bringup/bin'
[1.879s] Level 1:colcon.colcon_core.environment:checking '/home/maninder/Music/turtlesim_project/install/my_turtle_bringup/lib/pkgconfig/my_turtle_bringup.pc'
[1.880s] Level 1:colcon.colcon_core.environment:checking '/home/maninder/Music/turtlesim_project/install/my_turtle_bringup/lib/python3.10/site-packages'
[1.880s] Level 1:colcon.colcon_core.environment:checking '/home/maninder/Music/turtlesim_project/install/my_turtle_bringup/bin'
[1.880s] INFO:colcon.colcon_core.shell:Creating package script '/home/maninder/Music/turtlesim_project/install/my_turtle_bringup/share/my_turtle_bringup/package.ps1'
[1.881s] INFO:colcon.colcon_core.shell:Creating package descriptor '/home/maninder/Music/turtlesim_project/install/my_turtle_bringup/share/my_turtle_bringup/package.dsv'
[1.881s] INFO:colcon.colcon_core.shell:Creating package script '/home/maninder/Music/turtlesim_project/install/my_turtle_bringup/share/my_turtle_bringup/package.sh'
[1.882s] INFO:colcon.colcon_core.shell:Creating package script '/home/maninder/Music/turtlesim_project/install/my_turtle_bringup/share/my_turtle_bringup/package.bash'
[1.882s] INFO:colcon.colcon_core.shell:Creating package script '/home/maninder/Music/turtlesim_project/install/my_turtle_bringup/share/my_turtle_bringup/package.zsh'
[1.883s] Level 1:colcon.colcon_core.environment:create_file_with_runtime_dependencies(/home/maninder/Music/turtlesim_project/install/my_turtle_bringup/share/colcon-core/packages/my_turtle_bringup)
[1.910s] Level 1:colcon.colcon_core.environment:create_environment_scripts_only(my_turtle_bringup)
[1.911s] Level 1:colcon.colcon_core.environment:checking '/home/maninder/Music/turtlesim_project/install/my_turtle_bringup' for CMake module files
[1.911s] Level 1:colcon.colcon_core.environment:checking '/home/maninder/Music/turtlesim_project/install/my_turtle_bringup' for CMake config files
[1.911s] Level 1:colcon.colcon_core.shell:create_environment_hook('my_turtle_bringup', 'cmake_prefix_path')
[1.912s] INFO:colcon.colcon_core.shell:Creating environment hook '/home/maninder/Music/turtlesim_project/install/my_turtle_bringup/share/my_turtle_bringup/hook/cmake_prefix_path.ps1'
[1.913s] INFO:colcon.colcon_core.shell:Creating environment descriptor '/home/maninder/Music/turtlesim_project/install/my_turtle_bringup/share/my_turtle_bringup/hook/cmake_prefix_path.dsv'
[1.913s] INFO:colcon.colcon_core.shell:Creating environment hook '/home/maninder/Music/turtlesim_project/install/my_turtle_bringup/share/my_turtle_bringup/hook/cmake_prefix_path.sh'
[1.913s] Level 1:colcon.colcon_core.environment:checking '/home/maninder/Music/turtlesim_project/install/my_turtle_bringup/bin'
[1.913s] Level 1:colcon.colcon_core.environment:checking '/home/maninder/Music/turtlesim_project/install/my_turtle_bringup/lib/pkgconfig/my_turtle_bringup.pc'
[1.914s] Level 1:colcon.colcon_core.environment:checking '/home/maninder/Music/turtlesim_project/install/my_turtle_bringup/lib/python3.10/site-packages'
[1.914s] Level 1:colcon.colcon_core.environment:checking '/home/maninder/Music/turtlesim_project/install/my_turtle_bringup/bin'
[1.914s] INFO:colcon.colcon_core.shell:Creating package script '/home/maninder/Music/turtlesim_project/install/my_turtle_bringup/share/my_turtle_bringup/package.ps1'
[1.914s] INFO:colcon.colcon_core.shell:Creating package descriptor '/home/maninder/Music/turtlesim_project/install/my_turtle_bringup/share/my_turtle_bringup/package.dsv'
[1.915s] INFO:colcon.colcon_core.shell:Creating package script '/home/maninder/Music/turtlesim_project/install/my_turtle_bringup/share/my_turtle_bringup/package.sh'
[1.915s] INFO:colcon.colcon_core.shell:Creating package script '/home/maninder/Music/turtlesim_project/install/my_turtle_bringup/share/my_turtle_bringup/package.bash'
[1.915s] INFO:colcon.colcon_core.shell:Creating package script '/home/maninder/Music/turtlesim_project/install/my_turtle_bringup/share/my_turtle_bringup/package.zsh'
[1.916s] Level 1:colcon.colcon_core.environment:create_file_with_runtime_dependencies(/home/maninder/Music/turtlesim_project/install/my_turtle_bringup/share/colcon-core/packages/my_turtle_bringup)
[1.916s] DEBUG:colcon.colcon_parallel_executor.executor.parallel:closing loop
[1.916s] DEBUG:colcon.colcon_parallel_executor.executor.parallel:loop closed
[1.916s] DEBUG:colcon.colcon_parallel_executor.executor.parallel:run_until_complete finished with '0'
[1.917s] DEBUG:colcon.colcon_core.event_reactor:joining thread
[1.922s] INFO:colcon.colcon_core.plugin_system:Skipping extension 'colcon_notification.desktop_notification.terminal_notifier': Not used on non-Darwin systems
[1.922s] INFO:colcon.colcon_core.plugin_system:Skipping extension 'colcon_notification.desktop_notification.win32': Not used on non-Windows systems
[1.922s] INFO:colcon.colcon_notification.desktop_notification:Sending desktop notification using 'notify2'
[1.935s] DEBUG:colcon.colcon_core.event_reactor:joined thread
[1.935s] INFO:colcon.colcon_core.shell:Creating prefix script '/home/maninder/Music/turtlesim_project/install/local_setup.ps1'
[1.937s] INFO:colcon.colcon_core.shell:Creating prefix util module '/home/maninder/Music/turtlesim_project/install/_local_setup_util_ps1.py'
[1.938s] INFO:colcon.colcon_core.shell:Creating prefix chain script '/home/maninder/Music/turtlesim_project/install/setup.ps1'
[1.939s] INFO:colcon.colcon_core.shell:Creating prefix script '/home/maninder/Music/turtlesim_project/install/local_setup.sh'
[1.940s] INFO:colcon.colcon_core.shell:Creating prefix util module '/home/maninder/Music/turtlesim_project/install/_local_setup_util_sh.py'
[1.940s] INFO:colcon.colcon_core.shell:Creating prefix chain script '/home/maninder/Music/turtlesim_project/install/setup.sh'
[1.942s] INFO:colcon.colcon_core.shell:Creating prefix script '/home/maninder/Music/turtlesim_project/install/local_setup.bash'
[1.942s] INFO:colcon.colcon_core.shell:Creating prefix chain script '/home/maninder/Music/turtlesim_project/install/setup.bash'
[1.943s] INFO:colcon.colcon_core.shell:Creating prefix script '/home/maninder/Music/turtlesim_project/install/local_setup.zsh'
[1.944s] INFO:colcon.colcon_core.shell:Creating prefix chain script '/home/maninder/Music/turtlesim_project/install/setup.zsh'
