[0.134s] DEBUG:colcon:Command line arguments: ['/usr/bin/colcon', 'build']
[0.135s] DEBUG:colcon:Parsed command line arguments: Namespace(log_base=None, log_level=None, verb_name='build', build_base='build', install_base='install', merge_install=False, symlink_install=False, test_result_base=None, continue_on_error=False, executor='parallel', parallel_workers=12, event_handlers=None, ignore_user_meta=False, metas=['./colcon.meta'], base_paths=['.'], packages_ignore=None, packages_ignore_regex=None, paths=None, packages_up_to=None, packages_up_to_regex=None, packages_above=None, packages_above_and_dependencies=None, packages_above_depth=None, packages_select_by_dep=None, packages_skip_by_dep=None, packages_skip_up_to=None, packages_select_build_failed=False, packages_skip_build_finished=False, packages_select_test_failures=False, packages_skip_test_passed=False, packages_select=None, packages_skip=None, packages_select_regex=None, packages_skip_regex=None, packages_start=None, packages_end=None, allow_overriding=[], cmake_args=None, cmake_target=None, cmake_target_skip_unavailable=False, cmake_clean_cache=False, cmake_clean_first=False, cmake_force_configure=False, ament_cmake_args=None, catkin_cmake_args=None, catkin_skip_building_tests=False, verb_parser=<colcon_defaults.argument_parser.defaults.DefaultArgumentsDecorator object at 0x7d0cbbf40910>, verb_extension=<colcon_core.verb.build.BuildVerb object at 0x7d0cbbf40130>, main=<bound method BuildVerb.main of <colcon_core.verb.build.BuildVerb object at 0x7d0cbbf40130>>)
[0.382s] Level 1:colcon.colcon_core.package_discovery:discover_packages(colcon_meta) check parameters
[0.382s] Level 1:colcon.colcon_core.package_discovery:discover_packages(recursive) check parameters
[0.382s] Level 1:colcon.colcon_core.package_discovery:discover_packages(ignore) check parameters
[0.382s] Level 1:colcon.colcon_core.package_discovery:discover_packages(path) check parameters
[0.382s] Level 1:colcon.colcon_core.package_discovery:discover_packages(colcon_meta) discover
[0.382s] Level 1:colcon.colcon_core.package_discovery:discover_packages(recursive) discover
[0.382s] INFO:colcon.colcon_core.package_discovery:Crawling recursively for packages in '/home/maninder/Music/turtlesim_project'
[0.382s] Level 1:colcon.colcon_core.package_identification:_identify(.) by extensions ['ignore', 'ignore_ament_install']
[0.383s] Level 1:colcon.colcon_core.package_identification:_identify(.) by extension 'ignore'
[0.383s] Level 1:colcon.colcon_core.package_identification:_identify(.) by extension 'ignore_ament_install'
[0.383s] Level 1:colcon.colcon_core.package_identification:_identify(.) by extensions ['colcon_pkg']
[0.383s] Level 1:colcon.colcon_core.package_identification:_identify(.) by extension 'colcon_pkg'
[0.383s] Level 1:colcon.colcon_core.package_identification:_identify(.) by extensions ['colcon_meta']
[0.383s] Level 1:colcon.colcon_core.package_identification:_identify(.) by extension 'colcon_meta'
[0.383s] Level 1:colcon.colcon_core.package_identification:_identify(.) by extensions ['ros']
[0.383s] Level 1:colcon.colcon_core.package_identification:_identify(.) by extension 'ros'
[0.397s] Level 1:colcon.colcon_core.package_identification:_identify(.) by extensions ['cmake', 'python']
[0.397s] Level 1:colcon.colcon_core.package_identification:_identify(.) by extension 'cmake'
[0.397s] Level 1:colcon.colcon_core.package_identification:_identify(.) by extension 'python'
[0.397s] Level 1:colcon.colcon_core.package_identification:_identify(.) by extensions ['python_setup_py']
[0.397s] Level 1:colcon.colcon_core.package_identification:_identify(.) by extension 'python_setup_py'
[0.397s] Level 1:colcon.colcon_core.package_identification:_identify(build) by extensions ['ignore', 'ignore_ament_install']
[0.397s] Level 1:colcon.colcon_core.package_identification:_identify(build) by extension 'ignore'
[0.397s] Level 1:colcon.colcon_core.package_identification:_identify(build) ignored
[0.398s] Level 1:colcon.colcon_core.package_identification:_identify(install) by extensions ['ignore', 'ignore_ament_install']
[0.398s] Level 1:colcon.colcon_core.package_identification:_identify(install) by extension 'ignore'
[0.398s] Level 1:colcon.colcon_core.package_identification:_identify(install) ignored
[0.398s] Level 1:colcon.colcon_core.package_identification:_identify(log) by extensions ['ignore', 'ignore_ament_install']
[0.398s] Level 1:colcon.colcon_core.package_identification:_identify(log) by extension 'ignore'
[0.398s] Level 1:colcon.colcon_core.package_identification:_identify(log) ignored
[0.398s] Level 1:colcon.colcon_core.package_identification:_identify(src) by extensions ['ignore', 'ignore_ament_install']
[0.398s] Level 1:colcon.colcon_core.package_identification:_identify(src) by extension 'ignore'
[0.398s] Level 1:colcon.colcon_core.package_identification:_identify(src) by extension 'ignore_ament_install'
[0.398s] Level 1:colcon.colcon_core.package_identification:_identify(src) by extensions ['colcon_pkg']
[0.399s] Level 1:colcon.colcon_core.package_identification:_identify(src) by extension 'colcon_pkg'
[0.399s] Level 1:colcon.colcon_core.package_identification:_identify(src) by extensions ['colcon_meta']
[0.399s] Level 1:colcon.colcon_core.package_identification:_identify(src) by extension 'colcon_meta'
[0.399s] Level 1:colcon.colcon_core.package_identification:_identify(src) by extensions ['ros']
[0.399s] Level 1:colcon.colcon_core.package_identification:_identify(src) by extension 'ros'
[0.399s] Level 1:colcon.colcon_core.package_identification:_identify(src) by extensions ['cmake', 'python']
[0.399s] Level 1:colcon.colcon_core.package_identification:_identify(src) by extension 'cmake'
[0.399s] Level 1:colcon.colcon_core.package_identification:_identify(src) by extension 'python'
[0.399s] Level 1:colcon.colcon_core.package_identification:_identify(src) by extensions ['python_setup_py']
[0.399s] Level 1:colcon.colcon_core.package_identification:_identify(src) by extension 'python_setup_py'
[0.399s] Level 1:colcon.colcon_core.package_identification:_identify(src/my_turtle_bringup) by extensions ['ignore', 'ignore_ament_install']
[0.399s] Level 1:colcon.colcon_core.package_identification:_identify(src/my_turtle_bringup) by extension 'ignore'
[0.399s] Level 1:colcon.colcon_core.package_identification:_identify(src/my_turtle_bringup) by extension 'ignore_ament_install'
[0.399s] Level 1:colcon.colcon_core.package_identification:_identify(src/my_turtle_bringup) by extensions ['colcon_pkg']
[0.399s] Level 1:colcon.colcon_core.package_identification:_identify(src/my_turtle_bringup) by extension 'colcon_pkg'
[0.399s] Level 1:colcon.colcon_core.package_identification:_identify(src/my_turtle_bringup) by extensions ['colcon_meta']
[0.399s] Level 1:colcon.colcon_core.package_identification:_identify(src/my_turtle_bringup) by extension 'colcon_meta'
[0.400s] Level 1:colcon.colcon_core.package_identification:_identify(src/my_turtle_bringup) by extensions ['ros']
[0.400s] Level 1:colcon.colcon_core.package_identification:_identify(src/my_turtle_bringup) by extension 'ros'
[0.403s] DEBUG:colcon.colcon_core.package_identification:Package 'src/my_turtle_bringup' with type 'ros.ament_cmake' and name 'my_turtle_bringup'
[0.403s] Level 1:colcon.colcon_core.package_identification:_identify(src/my_turtle_interface) by extensions ['ignore', 'ignore_ament_install']
[0.403s] Level 1:colcon.colcon_core.package_identification:_identify(src/my_turtle_interface) by extension 'ignore'
[0.403s] Level 1:colcon.colcon_core.package_identification:_identify(src/my_turtle_interface) by extension 'ignore_ament_install'
[0.403s] Level 1:colcon.colcon_core.package_identification:_identify(src/my_turtle_interface) by extensions ['colcon_pkg']
[0.403s] Level 1:colcon.colcon_core.package_identification:_identify(src/my_turtle_interface) by extension 'colcon_pkg'
[0.403s] Level 1:colcon.colcon_core.package_identification:_identify(src/my_turtle_interface) by extensions ['colcon_meta']
[0.403s] Level 1:colcon.colcon_core.package_identification:_identify(src/my_turtle_interface) by extension 'colcon_meta'
[0.403s] Level 1:colcon.colcon_core.package_identification:_identify(src/my_turtle_interface) by extensions ['ros']
[0.403s] Level 1:colcon.colcon_core.package_identification:_identify(src/my_turtle_interface) by extension 'ros'
[0.404s] DEBUG:colcon.colcon_core.package_identification:Package 'src/my_turtle_interface' with type 'ros.ament_cmake' and name 'my_turtle_interface'
[0.404s] Level 1:colcon.colcon_core.package_identification:_identify(src/my_turtle_pkg) by extensions ['ignore', 'ignore_ament_install']
[0.404s] Level 1:colcon.colcon_core.package_identification:_identify(src/my_turtle_pkg) by extension 'ignore'
[0.404s] Level 1:colcon.colcon_core.package_identification:_identify(src/my_turtle_pkg) by extension 'ignore_ament_install'
[0.404s] Level 1:colcon.colcon_core.package_identification:_identify(src/my_turtle_pkg) by extensions ['colcon_pkg']
[0.404s] Level 1:colcon.colcon_core.package_identification:_identify(src/my_turtle_pkg) by extension 'colcon_pkg'
[0.404s] Level 1:colcon.colcon_core.package_identification:_identify(src/my_turtle_pkg) by extensions ['colcon_meta']
[0.404s] Level 1:colcon.colcon_core.package_identification:_identify(src/my_turtle_pkg) by extension 'colcon_meta'
[0.404s] Level 1:colcon.colcon_core.package_identification:_identify(src/my_turtle_pkg) by extensions ['ros']
[0.404s] Level 1:colcon.colcon_core.package_identification:_identify(src/my_turtle_pkg) by extension 'ros'
[0.406s] DEBUG:colcon.colcon_core.package_identification:Package 'src/my_turtle_pkg' with type 'ros.ament_python' and name 'my_turtle_pkg'
[0.406s] Level 1:colcon.colcon_core.package_discovery:discover_packages(recursive) using defaults
[0.406s] Level 1:colcon.colcon_core.package_discovery:discover_packages(ignore) discover
[0.406s] Level 1:colcon.colcon_core.package_discovery:discover_packages(ignore) using defaults
[0.406s] Level 1:colcon.colcon_core.package_discovery:discover_packages(path) discover
[0.406s] Level 1:colcon.colcon_core.package_discovery:discover_packages(path) using defaults
[0.460s] Level 1:colcon.colcon_core.package_discovery:discover_packages(prefix_path) check parameters
[0.460s] Level 1:colcon.colcon_core.package_discovery:discover_packages(prefix_path) discover
[0.462s] DEBUG:colcon.colcon_installed_package_information.package_discovery:Found 3 installed packages in /home/maninder/Music/turtlesim_project/install
[0.463s] DEBUG:colcon.colcon_installed_package_information.package_discovery:Found 4 installed packages in /home/maninder/Music/ros2_ws/install
[0.465s] DEBUG:colcon.colcon_installed_package_information.package_discovery:Found 270 installed packages in /opt/ros/humble
[0.467s] Level 1:colcon.colcon_core.package_discovery:discover_packages(prefix_path) using defaults
[0.513s] Level 5:colcon.colcon_core.verb:set package 'my_turtle_interface' build argument 'cmake_args' from command line to 'None'
[0.513s] Level 5:colcon.colcon_core.verb:set package 'my_turtle_interface' build argument 'cmake_target' from command line to 'None'
[0.513s] Level 5:colcon.colcon_core.verb:set package 'my_turtle_interface' build argument 'cmake_target_skip_unavailable' from command line to 'False'
[0.513s] Level 5:colcon.colcon_core.verb:set package 'my_turtle_interface' build argument 'cmake_clean_cache' from command line to 'False'
[0.513s] Level 5:colcon.colcon_core.verb:set package 'my_turtle_interface' build argument 'cmake_clean_first' from command line to 'False'
[0.513s] Level 5:colcon.colcon_core.verb:set package 'my_turtle_interface' build argument 'cmake_force_configure' from command line to 'False'
[0.513s] Level 5:colcon.colcon_core.verb:set package 'my_turtle_interface' build argument 'ament_cmake_args' from command line to 'None'
[0.513s] Level 5:colcon.colcon_core.verb:set package 'my_turtle_interface' build argument 'catkin_cmake_args' from command line to 'None'
[0.513s] Level 5:colcon.colcon_core.verb:set package 'my_turtle_interface' build argument 'catkin_skip_building_tests' from command line to 'False'
[0.513s] DEBUG:colcon.colcon_core.verb:Building package 'my_turtle_interface' with the following arguments: {'ament_cmake_args': None, 'build_base': '/home/maninder/Music/turtlesim_project/build/my_turtle_interface', 'catkin_cmake_args': None, 'catkin_skip_building_tests': False, 'cmake_args': None, 'cmake_clean_cache': False, 'cmake_clean_first': False, 'cmake_force_configure': False, 'cmake_target': None, 'cmake_target_skip_unavailable': False, 'install_base': '/home/maninder/Music/turtlesim_project/install/my_turtle_interface', 'merge_install': False, 'path': '/home/maninder/Music/turtlesim_project/src/my_turtle_interface', 'symlink_install': False, 'test_result_base': None}
[0.514s] Level 5:colcon.colcon_core.verb:set package 'my_turtle_pkg' build argument 'cmake_args' from command line to 'None'
[0.514s] Level 5:colcon.colcon_core.verb:set package 'my_turtle_pkg' build argument 'cmake_target' from command line to 'None'
[0.514s] Level 5:colcon.colcon_core.verb:set package 'my_turtle_pkg' build argument 'cmake_target_skip_unavailable' from command line to 'False'
[0.514s] Level 5:colcon.colcon_core.verb:set package 'my_turtle_pkg' build argument 'cmake_clean_cache' from command line to 'False'
[0.514s] Level 5:colcon.colcon_core.verb:set package 'my_turtle_pkg' build argument 'cmake_clean_first' from command line to 'False'
[0.514s] Level 5:colcon.colcon_core.verb:set package 'my_turtle_pkg' build argument 'cmake_force_configure' from command line to 'False'
[0.514s] Level 5:colcon.colcon_core.verb:set package 'my_turtle_pkg' build argument 'ament_cmake_args' from command line to 'None'
[0.514s] Level 5:colcon.colcon_core.verb:set package 'my_turtle_pkg' build argument 'catkin_cmake_args' from command line to 'None'
[0.514s] Level 5:colcon.colcon_core.verb:set package 'my_turtle_pkg' build argument 'catkin_skip_building_tests' from command line to 'False'
[0.514s] DEBUG:colcon.colcon_core.verb:Building package 'my_turtle_pkg' with the following arguments: {'ament_cmake_args': None, 'build_base': '/home/maninder/Music/turtlesim_project/build/my_turtle_pkg', 'catkin_cmake_args': None, 'catkin_skip_building_tests': False, 'cmake_args': None, 'cmake_clean_cache': False, 'cmake_clean_first': False, 'cmake_force_configure': False, 'cmake_target': None, 'cmake_target_skip_unavailable': False, 'install_base': '/home/maninder/Music/turtlesim_project/install/my_turtle_pkg', 'merge_install': False, 'path': '/home/maninder/Music/turtlesim_project/src/my_turtle_pkg', 'symlink_install': False, 'test_result_base': None}
[0.515s] Level 5:colcon.colcon_core.verb:set package 'my_turtle_bringup' build argument 'cmake_args' from command line to 'None'
[0.515s] Level 5:colcon.colcon_core.verb:set package 'my_turtle_bringup' build argument 'cmake_target' from command line to 'None'
[0.515s] Level 5:colcon.colcon_core.verb:set package 'my_turtle_bringup' build argument 'cmake_target_skip_unavailable' from command line to 'False'
[0.515s] Level 5:colcon.colcon_core.verb:set package 'my_turtle_bringup' build argument 'cmake_clean_cache' from command line to 'False'
[0.515s] Level 5:colcon.colcon_core.verb:set package 'my_turtle_bringup' build argument 'cmake_clean_first' from command line to 'False'
[0.515s] Level 5:colcon.colcon_core.verb:set package 'my_turtle_bringup' build argument 'cmake_force_configure' from command line to 'False'
[0.515s] Level 5:colcon.colcon_core.verb:set package 'my_turtle_bringup' build argument 'ament_cmake_args' from command line to 'None'
[0.515s] Level 5:colcon.colcon_core.verb:set package 'my_turtle_bringup' build argument 'catkin_cmake_args' from command line to 'None'
[0.515s] Level 5:colcon.colcon_core.verb:set package 'my_turtle_bringup' build argument 'catkin_skip_building_tests' from command line to 'False'
[0.515s] DEBUG:colcon.colcon_core.verb:Building package 'my_turtle_bringup' with the following arguments: {'ament_cmake_args': None, 'build_base': '/home/maninder/Music/turtlesim_project/build/my_turtle_bringup', 'catkin_cmake_args': None, 'catkin_skip_building_tests': False, 'cmake_args': None, 'cmake_clean_cache': False, 'cmake_clean_first': False, 'cmake_force_configure': False, 'cmake_target': None, 'cmake_target_skip_unavailable': False, 'install_base': '/home/maninder/Music/turtlesim_project/install/my_turtle_bringup', 'merge_install': False, 'path': '/home/maninder/Music/turtlesim_project/src/my_turtle_bringup', 'symlink_install': False, 'test_result_base': None}
[0.515s] INFO:colcon.colcon_core.executor:Executing jobs using 'parallel' executor
[0.517s] DEBUG:colcon.colcon_parallel_executor.executor.parallel:run_until_complete
[0.517s] INFO:colcon.colcon_ros.task.ament_cmake.build:Building ROS package in '/home/maninder/Music/turtlesim_project/src/my_turtle_interface' with build type 'ament_cmake'
[0.518s] INFO:colcon.colcon_cmake.task.cmake.build:Building CMake package in '/home/maninder/Music/turtlesim_project/src/my_turtle_interface'
[0.521s] INFO:colcon.colcon_core.plugin_system:Skipping extension 'colcon_core.shell.bat': Not used on non-Windows systems
[0.521s] INFO:colcon.colcon_core.shell:Skip shell extension 'powershell' for command environment: Not usable outside of PowerShell
[0.521s] DEBUG:colcon.colcon_core.shell:Skip shell extension 'dsv' for command environment
[0.540s] DEBUG:colcon.colcon_core.event_handler.log_command:Invoking command in '/home/maninder/Music/turtlesim_project/build/my_turtle_interface': CMAKE_PREFIX_PATH=${CMAKE_PREFIX_PATH}:/home/maninder/Music/turtlesim_project/install/my_turtle_pkg:/home/maninder/Music/ros2_ws/install/my_py_pkg:/opt/ros/humble /usr/bin/cmake --build /home/maninder/Music/turtlesim_project/build/my_turtle_interface -- -j12 -l12
[1.156s] DEBUG:colcon.colcon_core.event_handler.log_command:Invoked command in '/home/maninder/Music/turtlesim_project/build/my_turtle_interface' returned '0': CMAKE_PREFIX_PATH=${CMAKE_PREFIX_PATH}:/home/maninder/Music/turtlesim_project/install/my_turtle_pkg:/home/maninder/Music/ros2_ws/install/my_py_pkg:/opt/ros/humble /usr/bin/cmake --build /home/maninder/Music/turtlesim_project/build/my_turtle_interface -- -j12 -l12
[1.296s] DEBUG:colcon.colcon_core.event_handler.log_command:Invoking command in '/home/maninder/Music/turtlesim_project/build/my_turtle_interface': CMAKE_PREFIX_PATH=${CMAKE_PREFIX_PATH}:/home/maninder/Music/turtlesim_project/install/my_turtle_pkg:/home/maninder/Music/ros2_ws/install/my_py_pkg:/opt/ros/humble /usr/bin/cmake --install /home/maninder/Music/turtlesim_project/build/my_turtle_interface
[1.377s] Level 1:colcon.colcon_core.environment:create_environment_scripts_only(my_turtle_interface)
[1.378s] DEBUG:colcon.colcon_core.event_handler.log_command:Invoked command in '/home/maninder/Music/turtlesim_project/build/my_turtle_interface' returned '0': CMAKE_PREFIX_PATH=${CMAKE_PREFIX_PATH}:/home/maninder/Music/turtlesim_project/install/my_turtle_pkg:/home/maninder/Music/ros2_ws/install/my_py_pkg:/opt/ros/humble /usr/bin/cmake --install /home/maninder/Music/turtlesim_project/build/my_turtle_interface
[1.381s] Level 1:colcon.colcon_core.environment:checking '/home/maninder/Music/turtlesim_project/install/my_turtle_interface' for CMake module files
[1.382s] Level 1:colcon.colcon_core.environment:checking '/home/maninder/Music/turtlesim_project/install/my_turtle_interface' for CMake config files
[1.383s] Level 1:colcon.colcon_core.shell:create_environment_hook('my_turtle_interface', 'cmake_prefix_path')
[1.383s] INFO:colcon.colcon_core.shell:Creating environment hook '/home/maninder/Music/turtlesim_project/install/my_turtle_interface/share/my_turtle_interface/hook/cmake_prefix_path.ps1'
[1.384s] INFO:colcon.colcon_core.shell:Creating environment descriptor '/home/maninder/Music/turtlesim_project/install/my_turtle_interface/share/my_turtle_interface/hook/cmake_prefix_path.dsv'
[1.384s] INFO:colcon.colcon_core.shell:Creating environment hook '/home/maninder/Music/turtlesim_project/install/my_turtle_interface/share/my_turtle_interface/hook/cmake_prefix_path.sh'
[1.386s] Level 1:colcon.colcon_core.environment:checking '/home/maninder/Music/turtlesim_project/install/my_turtle_interface/lib'
[1.386s] Level 1:colcon.colcon_core.shell:create_environment_hook('my_turtle_interface', 'ld_library_path_lib')
[1.386s] INFO:colcon.colcon_core.shell:Creating environment hook '/home/maninder/Music/turtlesim_project/install/my_turtle_interface/share/my_turtle_interface/hook/ld_library_path_lib.ps1'
[1.387s] INFO:colcon.colcon_core.shell:Creating environment descriptor '/home/maninder/Music/turtlesim_project/install/my_turtle_interface/share/my_turtle_interface/hook/ld_library_path_lib.dsv'
[1.387s] INFO:colcon.colcon_core.shell:Creating environment hook '/home/maninder/Music/turtlesim_project/install/my_turtle_interface/share/my_turtle_interface/hook/ld_library_path_lib.sh'
[1.387s] Level 1:colcon.colcon_core.environment:checking '/home/maninder/Music/turtlesim_project/install/my_turtle_interface/bin'
[1.387s] Level 1:colcon.colcon_core.environment:checking '/home/maninder/Music/turtlesim_project/install/my_turtle_interface/lib/pkgconfig/my_turtle_interface.pc'
[1.388s] Level 1:colcon.colcon_core.environment:checking '/home/maninder/Music/turtlesim_project/install/my_turtle_interface/lib/python3.10/site-packages'
[1.388s] Level 1:colcon.colcon_core.environment:checking '/home/maninder/Music/turtlesim_project/install/my_turtle_interface/bin'
[1.388s] INFO:colcon.colcon_core.shell:Creating package script '/home/maninder/Music/turtlesim_project/install/my_turtle_interface/share/my_turtle_interface/package.ps1'
[1.389s] INFO:colcon.colcon_core.shell:Creating package descriptor '/home/maninder/Music/turtlesim_project/install/my_turtle_interface/share/my_turtle_interface/package.dsv'
[1.390s] INFO:colcon.colcon_core.shell:Creating package script '/home/maninder/Music/turtlesim_project/install/my_turtle_interface/share/my_turtle_interface/package.sh'
[1.391s] INFO:colcon.colcon_core.shell:Creating package script '/home/maninder/Music/turtlesim_project/install/my_turtle_interface/share/my_turtle_interface/package.bash'
[1.392s] INFO:colcon.colcon_core.shell:Creating package script '/home/maninder/Music/turtlesim_project/install/my_turtle_interface/share/my_turtle_interface/package.zsh'
[1.392s] Level 1:colcon.colcon_core.environment:create_file_with_runtime_dependencies(/home/maninder/Music/turtlesim_project/install/my_turtle_interface/share/colcon-core/packages/my_turtle_interface)
[1.518s] Level 1:colcon.colcon_core.environment:create_environment_scripts_only(my_turtle_interface)
[1.519s] Level 1:colcon.colcon_core.environment:checking '/home/maninder/Music/turtlesim_project/install/my_turtle_interface' for CMake module files
[1.520s] Level 1:colcon.colcon_core.environment:checking '/home/maninder/Music/turtlesim_project/install/my_turtle_interface' for CMake config files
[1.521s] Level 1:colcon.colcon_core.shell:create_environment_hook('my_turtle_interface', 'cmake_prefix_path')
[1.521s] INFO:colcon.colcon_core.shell:Creating environment hook '/home/maninder/Music/turtlesim_project/install/my_turtle_interface/share/my_turtle_interface/hook/cmake_prefix_path.ps1'
[1.522s] INFO:colcon.colcon_core.shell:Creating environment descriptor '/home/maninder/Music/turtlesim_project/install/my_turtle_interface/share/my_turtle_interface/hook/cmake_prefix_path.dsv'
[1.522s] INFO:colcon.colcon_core.shell:Creating environment hook '/home/maninder/Music/turtlesim_project/install/my_turtle_interface/share/my_turtle_interface/hook/cmake_prefix_path.sh'
[1.523s] Level 1:colcon.colcon_core.environment:checking '/home/maninder/Music/turtlesim_project/install/my_turtle_interface/lib'
[1.523s] Level 1:colcon.colcon_core.shell:create_environment_hook('my_turtle_interface', 'ld_library_path_lib')
[1.524s] INFO:colcon.colcon_core.shell:Creating environment hook '/home/maninder/Music/turtlesim_project/install/my_turtle_interface/share/my_turtle_interface/hook/ld_library_path_lib.ps1'
[1.524s] INFO:colcon.colcon_core.shell:Creating environment descriptor '/home/maninder/Music/turtlesim_project/install/my_turtle_interface/share/my_turtle_interface/hook/ld_library_path_lib.dsv'
[1.524s] INFO:colcon.colcon_core.shell:Creating environment hook '/home/maninder/Music/turtlesim_project/install/my_turtle_interface/share/my_turtle_interface/hook/ld_library_path_lib.sh'
[1.525s] Level 1:colcon.colcon_core.environment:checking '/home/maninder/Music/turtlesim_project/install/my_turtle_interface/bin'
[1.525s] Level 1:colcon.colcon_core.environment:checking '/home/maninder/Music/turtlesim_project/install/my_turtle_interface/lib/pkgconfig/my_turtle_interface.pc'
[1.525s] Level 1:colcon.colcon_core.environment:checking '/home/maninder/Music/turtlesim_project/install/my_turtle_interface/lib/python3.10/site-packages'
[1.525s] Level 1:colcon.colcon_core.environment:checking '/home/maninder/Music/turtlesim_project/install/my_turtle_interface/bin'
[1.526s] INFO:colcon.colcon_core.shell:Creating package script '/home/maninder/Music/turtlesim_project/install/my_turtle_interface/share/my_turtle_interface/package.ps1'
[1.527s] INFO:colcon.colcon_core.shell:Creating package descriptor '/home/maninder/Music/turtlesim_project/install/my_turtle_interface/share/my_turtle_interface/package.dsv'
[1.527s] INFO:colcon.colcon_core.shell:Creating package script '/home/maninder/Music/turtlesim_project/install/my_turtle_interface/share/my_turtle_interface/package.sh'
[1.528s] INFO:colcon.colcon_core.shell:Creating package script '/home/maninder/Music/turtlesim_project/install/my_turtle_interface/share/my_turtle_interface/package.bash'
[1.528s] INFO:colcon.colcon_core.shell:Creating package script '/home/maninder/Music/turtlesim_project/install/my_turtle_interface/share/my_turtle_interface/package.zsh'
[1.529s] Level 1:colcon.colcon_core.environment:create_file_with_runtime_dependencies(/home/maninder/Music/turtlesim_project/install/my_turtle_interface/share/colcon-core/packages/my_turtle_interface)
[1.530s] INFO:colcon.colcon_ros.task.ament_python.build:Building ROS package in '/home/maninder/Music/turtlesim_project/src/my_turtle_pkg' with build type 'ament_python'
[1.530s] Level 1:colcon.colcon_core.shell:create_environment_hook('my_turtle_pkg', 'ament_prefix_path')
[1.530s] INFO:colcon.colcon_core.shell:Creating environment hook '/home/maninder/Music/turtlesim_project/install/my_turtle_pkg/share/my_turtle_pkg/hook/ament_prefix_path.ps1'
[1.531s] INFO:colcon.colcon_core.shell:Creating environment descriptor '/home/maninder/Music/turtlesim_project/install/my_turtle_pkg/share/my_turtle_pkg/hook/ament_prefix_path.dsv'
[1.532s] INFO:colcon.colcon_core.shell:Creating environment hook '/home/maninder/Music/turtlesim_project/install/my_turtle_pkg/share/my_turtle_pkg/hook/ament_prefix_path.sh'
[1.533s] INFO:colcon.colcon_core.shell:Skip shell extension 'powershell' for command environment: Not usable outside of PowerShell
[1.533s] DEBUG:colcon.colcon_core.shell:Skip shell extension 'dsv' for command environment
[1.929s] INFO:colcon.colcon_core.task.python.build:Building Python package in '/home/maninder/Music/turtlesim_project/src/my_turtle_pkg'
[1.929s] INFO:colcon.colcon_core.shell:Skip shell extension 'powershell' for command environment: Not usable outside of PowerShell
[1.929s] DEBUG:colcon.colcon_core.shell:Skip shell extension 'dsv' for command environment
[2.453s] DEBUG:colcon.colcon_core.event_handler.log_command:Invoking command in '/home/maninder/Music/turtlesim_project/src/my_turtle_pkg': CMAKE_PREFIX_PATH=/home/maninder/Music/turtlesim_project/install/my_turtle_interface:/home/maninder/Music/turtlesim_project/install/my_turtle_bringup:/home/maninder/Music/ros2_ws/install/my_robot_bringup:/home/maninder/Music/ros2_ws/install/my_robot_interfaces:/home/maninder/Music/ros2_ws/install/my_cpp_pkg PYTHONPATH=/home/maninder/Music/turtlesim_project/build/my_turtle_pkg/prefix_override:/home/maninder/Music/turtlesim_project/install/my_turtle_pkg/lib/python3.10/site-packages:${PYTHONPATH} /usr/bin/python3 -W ignore:setup.py install is deprecated setup.py egg_info --egg-base ../../build/my_turtle_pkg build --build-base /home/maninder/Music/turtlesim_project/build/my_turtle_pkg/build install --record /home/maninder/Music/turtlesim_project/build/my_turtle_pkg/install.log --single-version-externally-managed install_data
[2.884s] Level 1:colcon.colcon_core.environment:checking '/home/maninder/Music/turtlesim_project/install/my_turtle_pkg' for CMake module files
[2.885s] DEBUG:colcon.colcon_core.event_handler.log_command:Invoked command in '/home/maninder/Music/turtlesim_project/src/my_turtle_pkg' returned '0': CMAKE_PREFIX_PATH=/home/maninder/Music/turtlesim_project/install/my_turtle_interface:/home/maninder/Music/turtlesim_project/install/my_turtle_bringup:/home/maninder/Music/ros2_ws/install/my_robot_bringup:/home/maninder/Music/ros2_ws/install/my_robot_interfaces:/home/maninder/Music/ros2_ws/install/my_cpp_pkg PYTHONPATH=/home/maninder/Music/turtlesim_project/build/my_turtle_pkg/prefix_override:/home/maninder/Music/turtlesim_project/install/my_turtle_pkg/lib/python3.10/site-packages:${PYTHONPATH} /usr/bin/python3 -W ignore:setup.py install is deprecated setup.py egg_info --egg-base ../../build/my_turtle_pkg build --build-base /home/maninder/Music/turtlesim_project/build/my_turtle_pkg/build install --record /home/maninder/Music/turtlesim_project/build/my_turtle_pkg/install.log --single-version-externally-managed install_data
[2.885s] Level 1:colcon.colcon_core.environment:checking '/home/maninder/Music/turtlesim_project/install/my_turtle_pkg' for CMake config files
[2.886s] Level 1:colcon.colcon_core.environment:checking '/home/maninder/Music/turtlesim_project/install/my_turtle_pkg/lib'
[2.886s] Level 1:colcon.colcon_core.environment:checking '/home/maninder/Music/turtlesim_project/install/my_turtle_pkg/bin'
[2.886s] Level 1:colcon.colcon_core.environment:checking '/home/maninder/Music/turtlesim_project/install/my_turtle_pkg/lib/pkgconfig/my_turtle_pkg.pc'
[2.887s] Level 1:colcon.colcon_core.environment:checking '/home/maninder/Music/turtlesim_project/install/my_turtle_pkg/lib/python3.10/site-packages'
[2.887s] Level 1:colcon.colcon_core.shell:create_environment_hook('my_turtle_pkg', 'pythonpath')
[2.887s] INFO:colcon.colcon_core.shell:Creating environment hook '/home/maninder/Music/turtlesim_project/install/my_turtle_pkg/share/my_turtle_pkg/hook/pythonpath.ps1'
[2.887s] INFO:colcon.colcon_core.shell:Creating environment descriptor '/home/maninder/Music/turtlesim_project/install/my_turtle_pkg/share/my_turtle_pkg/hook/pythonpath.dsv'
[2.888s] INFO:colcon.colcon_core.shell:Creating environment hook '/home/maninder/Music/turtlesim_project/install/my_turtle_pkg/share/my_turtle_pkg/hook/pythonpath.sh'
[2.888s] Level 1:colcon.colcon_core.environment:checking '/home/maninder/Music/turtlesim_project/install/my_turtle_pkg/bin'
[2.888s] Level 1:colcon.colcon_core.environment:create_environment_scripts_only(my_turtle_pkg)
[2.889s] INFO:colcon.colcon_core.shell:Creating package script '/home/maninder/Music/turtlesim_project/install/my_turtle_pkg/share/my_turtle_pkg/package.ps1'
[2.889s] INFO:colcon.colcon_core.shell:Creating package descriptor '/home/maninder/Music/turtlesim_project/install/my_turtle_pkg/share/my_turtle_pkg/package.dsv'
[2.890s] INFO:colcon.colcon_core.shell:Creating package script '/home/maninder/Music/turtlesim_project/install/my_turtle_pkg/share/my_turtle_pkg/package.sh'
[2.890s] INFO:colcon.colcon_core.shell:Creating package script '/home/maninder/Music/turtlesim_project/install/my_turtle_pkg/share/my_turtle_pkg/package.bash'
[2.891s] INFO:colcon.colcon_core.shell:Creating package script '/home/maninder/Music/turtlesim_project/install/my_turtle_pkg/share/my_turtle_pkg/package.zsh'
[2.891s] Level 1:colcon.colcon_core.environment:create_file_with_runtime_dependencies(/home/maninder/Music/turtlesim_project/install/my_turtle_pkg/share/colcon-core/packages/my_turtle_pkg)
[2.892s] INFO:colcon.colcon_ros.task.ament_cmake.build:Building ROS package in '/home/maninder/Music/turtlesim_project/src/my_turtle_bringup' with build type 'ament_cmake'
[2.892s] INFO:colcon.colcon_cmake.task.cmake.build:Building CMake package in '/home/maninder/Music/turtlesim_project/src/my_turtle_bringup'
[2.892s] INFO:colcon.colcon_core.shell:Skip shell extension 'powershell' for command environment: Not usable outside of PowerShell
[2.892s] DEBUG:colcon.colcon_core.shell:Skip shell extension 'dsv' for command environment
[2.910s] DEBUG:colcon.colcon_core.event_handler.log_command:Invoking command in '/home/maninder/Music/turtlesim_project/build/my_turtle_bringup': AMENT_PREFIX_PATH=/home/maninder/Music/turtlesim_project/install/my_turtle_pkg:/home/maninder/Music/turtlesim_project/install/my_turtle_bringup:/home/maninder/Music/turtlesim_project/install/my_turtle_interface:/home/maninder/Music/ros2_ws/install/my_robot_bringup:/home/maninder/Music/ros2_ws/install/my_py_pkg:/home/maninder/Music/ros2_ws/install/my_robot_interfaces:/home/maninder/Music/ros2_ws/install/my_cpp_pkg:/opt/ros/humble CMAKE_PREFIX_PATH=/home/maninder/Music/turtlesim_project/install/my_turtle_interface:/home/maninder/Music/turtlesim_project/install/my_turtle_bringup:/home/maninder/Music/ros2_ws/install/my_robot_bringup:/home/maninder/Music/ros2_ws/install/my_robot_interfaces:/home/maninder/Music/ros2_ws/install/my_cpp_pkg:/home/maninder/Music/turtlesim_project/install/my_turtle_pkg:/home/maninder/Music/ros2_ws/install/my_py_pkg:/opt/ros/humble /usr/bin/cmake --build /home/maninder/Music/turtlesim_project/build/my_turtle_bringup -- -j12 -l12
[2.971s] DEBUG:colcon.colcon_core.event_handler.log_command:Invoked command in '/home/maninder/Music/turtlesim_project/build/my_turtle_bringup' returned '0': AMENT_PREFIX_PATH=/home/maninder/Music/turtlesim_project/install/my_turtle_pkg:/home/maninder/Music/turtlesim_project/install/my_turtle_bringup:/home/maninder/Music/turtlesim_project/install/my_turtle_interface:/home/maninder/Music/ros2_ws/install/my_robot_bringup:/home/maninder/Music/ros2_ws/install/my_py_pkg:/home/maninder/Music/ros2_ws/install/my_robot_interfaces:/home/maninder/Music/ros2_ws/install/my_cpp_pkg:/opt/ros/humble CMAKE_PREFIX_PATH=/home/maninder/Music/turtlesim_project/install/my_turtle_interface:/home/maninder/Music/turtlesim_project/install/my_turtle_bringup:/home/maninder/Music/ros2_ws/install/my_robot_bringup:/home/maninder/Music/ros2_ws/install/my_robot_interfaces:/home/maninder/Music/ros2_ws/install/my_cpp_pkg:/home/maninder/Music/turtlesim_project/install/my_turtle_pkg:/home/maninder/Music/ros2_ws/install/my_py_pkg:/opt/ros/humble /usr/bin/cmake --build /home/maninder/Music/turtlesim_project/build/my_turtle_bringup -- -j12 -l12
[3.011s] DEBUG:colcon.colcon_core.event_handler.log_command:Invoking command in '/home/maninder/Music/turtlesim_project/build/my_turtle_bringup': AMENT_PREFIX_PATH=/home/maninder/Music/turtlesim_project/install/my_turtle_pkg:/home/maninder/Music/turtlesim_project/install/my_turtle_bringup:/home/maninder/Music/turtlesim_project/install/my_turtle_interface:/home/maninder/Music/ros2_ws/install/my_robot_bringup:/home/maninder/Music/ros2_ws/install/my_py_pkg:/home/maninder/Music/ros2_ws/install/my_robot_interfaces:/home/maninder/Music/ros2_ws/install/my_cpp_pkg:/opt/ros/humble CMAKE_PREFIX_PATH=/home/maninder/Music/turtlesim_project/install/my_turtle_interface:/home/maninder/Music/turtlesim_project/install/my_turtle_bringup:/home/maninder/Music/ros2_ws/install/my_robot_bringup:/home/maninder/Music/ros2_ws/install/my_robot_interfaces:/home/maninder/Music/ros2_ws/install/my_cpp_pkg:/home/maninder/Music/turtlesim_project/install/my_turtle_pkg:/home/maninder/Music/ros2_ws/install/my_py_pkg:/opt/ros/humble /usr/bin/cmake --install /home/maninder/Music/turtlesim_project/build/my_turtle_bringup
[3.041s] Level 1:colcon.colcon_core.environment:create_environment_scripts_only(my_turtle_bringup)
[3.041s] Level 1:colcon.colcon_core.environment:checking '/home/maninder/Music/turtlesim_project/install/my_turtle_bringup' for CMake module files
[3.042s] DEBUG:colcon.colcon_core.event_handler.log_command:Invoked command in '/home/maninder/Music/turtlesim_project/build/my_turtle_bringup' returned '0': AMENT_PREFIX_PATH=/home/maninder/Music/turtlesim_project/install/my_turtle_pkg:/home/maninder/Music/turtlesim_project/install/my_turtle_bringup:/home/maninder/Music/turtlesim_project/install/my_turtle_interface:/home/maninder/Music/ros2_ws/install/my_robot_bringup:/home/maninder/Music/ros2_ws/install/my_py_pkg:/home/maninder/Music/ros2_ws/install/my_robot_interfaces:/home/maninder/Music/ros2_ws/install/my_cpp_pkg:/opt/ros/humble CMAKE_PREFIX_PATH=/home/maninder/Music/turtlesim_project/install/my_turtle_interface:/home/maninder/Music/turtlesim_project/install/my_turtle_bringup:/home/maninder/Music/ros2_ws/install/my_robot_bringup:/home/maninder/Music/ros2_ws/install/my_robot_interfaces:/home/maninder/Music/ros2_ws/install/my_cpp_pkg:/home/maninder/Music/turtlesim_project/install/my_turtle_pkg:/home/maninder/Music/ros2_ws/install/my_py_pkg:/opt/ros/humble /usr/bin/cmake --install /home/maninder/Music/turtlesim_project/build/my_turtle_bringup
[3.043s] Level 1:colcon.colcon_core.environment:checking '/home/maninder/Music/turtlesim_project/install/my_turtle_bringup' for CMake config files
[3.043s] Level 1:colcon.colcon_core.shell:create_environment_hook('my_turtle_bringup', 'cmake_prefix_path')
[3.044s] INFO:colcon.colcon_core.shell:Creating environment hook '/home/maninder/Music/turtlesim_project/install/my_turtle_bringup/share/my_turtle_bringup/hook/cmake_prefix_path.ps1'
[3.044s] INFO:colcon.colcon_core.shell:Creating environment descriptor '/home/maninder/Music/turtlesim_project/install/my_turtle_bringup/share/my_turtle_bringup/hook/cmake_prefix_path.dsv'
[3.045s] INFO:colcon.colcon_core.shell:Creating environment hook '/home/maninder/Music/turtlesim_project/install/my_turtle_bringup/share/my_turtle_bringup/hook/cmake_prefix_path.sh'
[3.045s] Level 1:colcon.colcon_core.environment:checking '/home/maninder/Music/turtlesim_project/install/my_turtle_bringup/bin'
[3.045s] Level 1:colcon.colcon_core.environment:checking '/home/maninder/Music/turtlesim_project/install/my_turtle_bringup/lib/pkgconfig/my_turtle_bringup.pc'
[3.046s] Level 1:colcon.colcon_core.environment:checking '/home/maninder/Music/turtlesim_project/install/my_turtle_bringup/lib/python3.10/site-packages'
[3.046s] Level 1:colcon.colcon_core.environment:checking '/home/maninder/Music/turtlesim_project/install/my_turtle_bringup/bin'
[3.046s] INFO:colcon.colcon_core.shell:Creating package script '/home/maninder/Music/turtlesim_project/install/my_turtle_bringup/share/my_turtle_bringup/package.ps1'
[3.047s] INFO:colcon.colcon_core.shell:Creating package descriptor '/home/maninder/Music/turtlesim_project/install/my_turtle_bringup/share/my_turtle_bringup/package.dsv'
[3.047s] INFO:colcon.colcon_core.shell:Creating package script '/home/maninder/Music/turtlesim_project/install/my_turtle_bringup/share/my_turtle_bringup/package.sh'
[3.048s] INFO:colcon.colcon_core.shell:Creating package script '/home/maninder/Music/turtlesim_project/install/my_turtle_bringup/share/my_turtle_bringup/package.bash'
[3.048s] INFO:colcon.colcon_core.shell:Creating package script '/home/maninder/Music/turtlesim_project/install/my_turtle_bringup/share/my_turtle_bringup/package.zsh'
[3.049s] Level 1:colcon.colcon_core.environment:create_file_with_runtime_dependencies(/home/maninder/Music/turtlesim_project/install/my_turtle_bringup/share/colcon-core/packages/my_turtle_bringup)
[3.092s] Level 1:colcon.colcon_core.environment:create_environment_scripts_only(my_turtle_bringup)
[3.092s] Level 1:colcon.colcon_core.environment:checking '/home/maninder/Music/turtlesim_project/install/my_turtle_bringup' for CMake module files
[3.093s] Level 1:colcon.colcon_core.environment:checking '/home/maninder/Music/turtlesim_project/install/my_turtle_bringup' for CMake config files
[3.094s] Level 1:colcon.colcon_core.shell:create_environment_hook('my_turtle_bringup', 'cmake_prefix_path')
[3.094s] INFO:colcon.colcon_core.shell:Creating environment hook '/home/maninder/Music/turtlesim_project/install/my_turtle_bringup/share/my_turtle_bringup/hook/cmake_prefix_path.ps1'
[3.095s] INFO:colcon.colcon_core.shell:Creating environment descriptor '/home/maninder/Music/turtlesim_project/install/my_turtle_bringup/share/my_turtle_bringup/hook/cmake_prefix_path.dsv'
[3.095s] INFO:colcon.colcon_core.shell:Creating environment hook '/home/maninder/Music/turtlesim_project/install/my_turtle_bringup/share/my_turtle_bringup/hook/cmake_prefix_path.sh'
[3.096s] Level 1:colcon.colcon_core.environment:checking '/home/maninder/Music/turtlesim_project/install/my_turtle_bringup/bin'
[3.096s] Level 1:colcon.colcon_core.environment:checking '/home/maninder/Music/turtlesim_project/install/my_turtle_bringup/lib/pkgconfig/my_turtle_bringup.pc'
[3.096s] Level 1:colcon.colcon_core.environment:checking '/home/maninder/Music/turtlesim_project/install/my_turtle_bringup/lib/python3.10/site-packages'
[3.096s] Level 1:colcon.colcon_core.environment:checking '/home/maninder/Music/turtlesim_project/install/my_turtle_bringup/bin'
[3.097s] INFO:colcon.colcon_core.shell:Creating package script '/home/maninder/Music/turtlesim_project/install/my_turtle_bringup/share/my_turtle_bringup/package.ps1'
[3.097s] INFO:colcon.colcon_core.shell:Creating package descriptor '/home/maninder/Music/turtlesim_project/install/my_turtle_bringup/share/my_turtle_bringup/package.dsv'
[3.098s] INFO:colcon.colcon_core.shell:Creating package script '/home/maninder/Music/turtlesim_project/install/my_turtle_bringup/share/my_turtle_bringup/package.sh'
[3.098s] INFO:colcon.colcon_core.shell:Creating package script '/home/maninder/Music/turtlesim_project/install/my_turtle_bringup/share/my_turtle_bringup/package.bash'
[3.099s] INFO:colcon.colcon_core.shell:Creating package script '/home/maninder/Music/turtlesim_project/install/my_turtle_bringup/share/my_turtle_bringup/package.zsh'
[3.099s] Level 1:colcon.colcon_core.environment:create_file_with_runtime_dependencies(/home/maninder/Music/turtlesim_project/install/my_turtle_bringup/share/colcon-core/packages/my_turtle_bringup)
[3.100s] DEBUG:colcon.colcon_parallel_executor.executor.parallel:closing loop
[3.100s] DEBUG:colcon.colcon_parallel_executor.executor.parallel:loop closed
[3.100s] DEBUG:colcon.colcon_parallel_executor.executor.parallel:run_until_complete finished with '0'
[3.100s] DEBUG:colcon.colcon_core.event_reactor:joining thread
[3.107s] INFO:colcon.colcon_core.plugin_system:Skipping extension 'colcon_notification.desktop_notification.terminal_notifier': Not used on non-Darwin systems
[3.107s] INFO:colcon.colcon_core.plugin_system:Skipping extension 'colcon_notification.desktop_notification.win32': Not used on non-Windows systems
[3.107s] INFO:colcon.colcon_notification.desktop_notification:Sending desktop notification using 'notify2'
[3.126s] DEBUG:colcon.colcon_core.event_reactor:joined thread
[3.127s] INFO:colcon.colcon_core.shell:Creating prefix script '/home/maninder/Music/turtlesim_project/install/local_setup.ps1'
[3.128s] INFO:colcon.colcon_core.shell:Creating prefix util module '/home/maninder/Music/turtlesim_project/install/_local_setup_util_ps1.py'
[3.131s] INFO:colcon.colcon_core.shell:Creating prefix chain script '/home/maninder/Music/turtlesim_project/install/setup.ps1'
[3.134s] INFO:colcon.colcon_core.shell:Creating prefix script '/home/maninder/Music/turtlesim_project/install/local_setup.sh'
[3.135s] INFO:colcon.colcon_core.shell:Creating prefix util module '/home/maninder/Music/turtlesim_project/install/_local_setup_util_sh.py'
[3.137s] INFO:colcon.colcon_core.shell:Creating prefix chain script '/home/maninder/Music/turtlesim_project/install/setup.sh'
[3.139s] INFO:colcon.colcon_core.shell:Creating prefix script '/home/maninder/Music/turtlesim_project/install/local_setup.bash'
[3.141s] INFO:colcon.colcon_core.shell:Creating prefix chain script '/home/maninder/Music/turtlesim_project/install/setup.bash'
[3.143s] INFO:colcon.colcon_core.shell:Creating prefix script '/home/maninder/Music/turtlesim_project/install/local_setup.zsh'
[3.144s] INFO:colcon.colcon_core.shell:Creating prefix chain script '/home/maninder/Music/turtlesim_project/install/setup.zsh'
