[0.014s] Invoking command in '/home/maninder/Music/turtlesim_project/build/my_turtle_bringup': CMAKE_PREFIX_PATH=${CMAKE_PREFIX_PATH}:/home/maninder/Music/ros2_ws/install/my_py_pkg:/opt/ros/humble /usr/bin/cmake /home/maninder/Music/turtlesim_project/src/my_turtle_bringup -DAMENT_CMAKE_SYMLINK_INSTALL=1 -DCMAKE_INSTALL_PREFIX=/home/maninder/Music/turtlesim_project/install/my_turtle_bringup
[0.028s] -- Found ament_cmake: 1.3.8 (/opt/ros/humble/share/ament_cmake/cmake)
[0.148s] -- Override CMake install command with custom implementation using symlinks instead of copying resources
[0.229s] -- Configuring done
[0.232s] -- Generating done
[0.233s] -- Build files have been written to: /home/maninder/Music/turtlesim_project/build/my_turtle_bringup
[0.237s] Invoked command in '/home/maninder/Music/turtlesim_project/build/my_turtle_bringup' returned '0': CMAKE_PREFIX_PATH=${CMAKE_PREFIX_PATH}:/home/maninder/Music/ros2_ws/install/my_py_pkg:/opt/ros/humble /usr/bin/cmake /home/maninder/Music/turtlesim_project/src/my_turtle_bringup -DAMENT_CMAKE_SYMLINK_INSTALL=1 -DCMAKE_INSTALL_PREFIX=/home/maninder/Music/turtlesim_project/install/my_turtle_bringup
[0.240s] Invoking command in '/home/maninder/Music/turtlesim_project/build/my_turtle_bringup': CMAKE_PREFIX_PATH=${CMAKE_PREFIX_PATH}:/home/maninder/Music/ros2_ws/install/my_py_pkg:/opt/ros/humble /usr/bin/cmake --build /home/maninder/Music/turtlesim_project/build/my_turtle_bringup -- -j12 -l12
[0.284s] Invoked command in '/home/maninder/Music/turtlesim_project/build/my_turtle_bringup' returned '0': CMAKE_PREFIX_PATH=${CMAKE_PREFIX_PATH}:/home/maninder/Music/ros2_ws/install/my_py_pkg:/opt/ros/humble /usr/bin/cmake --build /home/maninder/Music/turtlesim_project/build/my_turtle_bringup -- -j12 -l12
[0.331s] Invoking command in '/home/maninder/Music/turtlesim_project/build/my_turtle_bringup': CMAKE_PREFIX_PATH=${CMAKE_PREFIX_PATH}:/home/maninder/Music/ros2_ws/install/my_py_pkg:/opt/ros/humble /usr/bin/cmake --install /home/maninder/Music/turtlesim_project/build/my_turtle_bringup
[0.339s] -- Install configuration: ""
[0.339s] -- Execute custom install script
[0.340s] -- Symlinking: /home/maninder/Music/turtlesim_project/install/my_turtle_bringup/share/my_turtle_bringup/launch/turtlesim_app.launch.py
[0.351s] -- Symlinking: /home/maninder/Music/turtlesim_project/install/my_turtle_bringup/share/ament_index/resource_index/package_run_dependencies/my_turtle_bringup
[0.363s] -- Symlinking: /home/maninder/Music/turtlesim_project/install/my_turtle_bringup/share/ament_index/resource_index/parent_prefix_path/my_turtle_bringup
[0.375s] -- Symlinking: /home/maninder/Music/turtlesim_project/install/my_turtle_bringup/share/my_turtle_bringup/environment/ament_prefix_path.sh
[0.386s] -- Symlinking: /home/maninder/Music/turtlesim_project/install/my_turtle_bringup/share/my_turtle_bringup/environment/ament_prefix_path.dsv
[0.398s] -- Symlinking: /home/maninder/Music/turtlesim_project/install/my_turtle_bringup/share/my_turtle_bringup/environment/path.sh
[0.410s] -- Symlinking: /home/maninder/Music/turtlesim_project/install/my_turtle_bringup/share/my_turtle_bringup/environment/path.dsv
[0.424s] -- Symlinking: /home/maninder/Music/turtlesim_project/install/my_turtle_bringup/share/my_turtle_bringup/local_setup.bash
[0.435s] -- Symlinking: /home/maninder/Music/turtlesim_project/install/my_turtle_bringup/share/my_turtle_bringup/local_setup.sh
[0.446s] -- Symlinking: /home/maninder/Music/turtlesim_project/install/my_turtle_bringup/share/my_turtle_bringup/local_setup.zsh
[0.457s] -- Symlinking: /home/maninder/Music/turtlesim_project/install/my_turtle_bringup/share/my_turtle_bringup/local_setup.dsv
[0.467s] -- Symlinking: /home/maninder/Music/turtlesim_project/install/my_turtle_bringup/share/my_turtle_bringup/package.dsv
[0.478s] -- Symlinking: /home/maninder/Music/turtlesim_project/install/my_turtle_bringup/share/ament_index/resource_index/packages/my_turtle_bringup
[0.489s] -- Symlinking: /home/maninder/Music/turtlesim_project/install/my_turtle_bringup/share/my_turtle_bringup/cmake/my_turtle_bringupConfig.cmake
[0.499s] -- Symlinking: /home/maninder/Music/turtlesim_project/install/my_turtle_bringup/share/my_turtle_bringup/cmake/my_turtle_bringupConfig-version.cmake
[0.513s] -- Symlinking: /home/maninder/Music/turtlesim_project/install/my_turtle_bringup/share/my_turtle_bringup/package.xml
[0.529s] Invoked command in '/home/maninder/Music/turtlesim_project/build/my_turtle_bringup' returned '0': CMAKE_PREFIX_PATH=${CMAKE_PREFIX_PATH}:/home/maninder/Music/ros2_ws/install/my_py_pkg:/opt/ros/humble /usr/bin/cmake --install /home/maninder/Music/turtlesim_project/build/my_turtle_bringup
